Using pre-set license
Built from '2021.3/staging' branch; Version is '2021.3.5f1 (40eb3a945986) revision 4254522'; Using compiler version '192829333'; Build Type 'Release'
OS: 'Windows 11  (10.0.22000) 64bit Core' Language: 'ko' Physical Memory: 16010 MB
BatchMode: 1, IsHumanControllingUs: 0, StartBugReporterOnCrash: 0, Is64bit: 1, IsPro: 1

COMMAND LINE ARGUMENTS:
C:\Program Files\Unity\Hub\Editor\2021.3.5f1\Editor\Unity.exe
-adb2
-batchMode
-noUpm
-name
AssetImportWorker2
-projectPath
C:/Users/guddn/GitPro/PracticeRepo/RPGproj
-logFile
Logs/AssetImportWorker2.log
-srvPort
51103
Successfully changed project path to: C:/Users/guddn/GitPro/PracticeRepo/RPGproj
C:/Users/guddn/GitPro/PracticeRepo/RPGproj
[UnityMemory] Configuration Parameters - Can be set up in boot.config
    "memorysetup-bucket-allocator-granularity=16"
    "memorysetup-bucket-allocator-bucket-count=8"
    "memorysetup-bucket-allocator-block-size=33554432"
    "memorysetup-bucket-allocator-block-count=8"
    "memorysetup-main-allocator-block-size=16777216"
    "memorysetup-thread-allocator-block-size=16777216"
    "memorysetup-gfx-main-allocator-block-size=16777216"
    "memorysetup-gfx-thread-allocator-block-size=16777216"
    "memorysetup-cache-allocator-block-size=4194304"
    "memorysetup-typetree-allocator-block-size=2097152"
    "memorysetup-profiler-bucket-allocator-granularity=16"
    "memorysetup-profiler-bucket-allocator-bucket-count=8"
    "memorysetup-profiler-bucket-allocator-block-size=33554432"
    "memorysetup-profiler-bucket-allocator-block-count=8"
    "memorysetup-profiler-allocator-block-size=16777216"
    "memorysetup-profiler-editor-allocator-block-size=1048576"
    "memorysetup-temp-allocator-size-main=16777216"
    "memorysetup-job-temp-allocator-block-size=2097152"
    "memorysetup-job-temp-allocator-block-size-background=1048576"
    "memorysetup-job-temp-allocator-reduction-small-platforms=262144"
    "memorysetup-temp-allocator-size-background-worker=32768"
    "memorysetup-temp-allocator-size-job-worker=262144"
    "memorysetup-temp-allocator-size-preload-manager=33554432"
    "memorysetup-temp-allocator-size-nav-mesh-worker=65536"
    "memorysetup-temp-allocator-size-audio-worker=65536"
    "memorysetup-temp-allocator-size-cloud-worker=32768"
    "memorysetup-temp-allocator-size-gi-baking-worker=262144"
    "memorysetup-temp-allocator-size-gfx=262144"
Refreshing native plugins compatible for Editor in 137.03 ms, found 3 plugins.
Preloading 0 native plugins for Editor in 0.00 ms.
Initialize engine version: 2021.3.5f1 (40eb3a945986)
[Subsystems] Discovering subsystems at path C:/Program Files/Unity/Hub/Editor/2021.3.5f1/Editor/Data/Resources/UnitySubsystems
[Subsystems] Discovering subsystems at path C:/Users/guddn/GitPro/PracticeRepo/RPGproj/Assets
GfxDevice: creating device client; threaded=0; jobified=0
Direct3D:
    Version:  Direct3D 11.0 [level 11.1]
    Renderer: Microsoft Basic Render Driver (ID=0x8c)
    Vendor:   Microsoft
    VRAM:     8005 MB
Initialize mono
Mono path[0] = 'C:/Program Files/Unity/Hub/Editor/2021.3.5f1/Editor/Data/Managed'
Mono path[1] = 'C:/Program Files/Unity/Hub/Editor/2021.3.5f1/Editor/Data/MonoBleedingEdge/lib/mono/unityjit-win32'
Mono config path = 'C:/Program Files/Unity/Hub/Editor/2021.3.5f1/Editor/Data/MonoBleedingEdge/etc'
Using monoOptions --debugger-agent=transport=dt_socket,embedding=1,server=y,suspend=n,address=127.0.0.1:56552
Begin MonoManager ReloadAssembly
Registering precompiled unity dll's ...
Register platform support module: C:/Program Files/Unity/Hub/Editor/2021.3.5f1/Editor/Data/PlaybackEngines/WebGLSupport/UnityEditor.WebGL.Extensions.dll
Register platform support module: C:/Program Files/Unity/Hub/Editor/2021.3.5f1/Editor/Data/PlaybackEngines/WindowsStandaloneSupport/UnityEditor.WindowsStandalone.Extensions.dll
Registered in 0.002987 seconds.
Native extension for WindowsStandalone target not found
Native extension for WebGL target not found
Refreshing native plugins compatible for Editor in 53.88 ms, found 3 plugins.
Preloading 0 native plugins for Editor in 0.00 ms.
Mono: successfully reloaded assembly
- Completed reload, in  0.829 seconds
Domain Reload Profiling:
	ReloadAssembly (830ms)
		BeginReloadAssembly (55ms)
			ExecutionOrderSort (0ms)
			DisableScriptedObjects (0ms)
			BackupInstance (0ms)
			ReleaseScriptingObjects (0ms)
			CreateAndSetChildDomain (1ms)
		EndReloadAssembly (596ms)
			LoadAssemblies (54ms)
			RebuildTransferFunctionScriptingTraits (0ms)
			SetupTypeCache (340ms)
			ReleaseScriptCaches (0ms)
			RebuildScriptCaches (26ms)
			SetupLoadedEditorAssemblies (194ms)
				LogAssemblyErrors (0ms)
				InitializePlatformSupportModulesInManaged (6ms)
				SetLoadedEditorAssemblies (0ms)
				RefreshPlugins (54ms)
				BeforeProcessingInitializeOnLoad (1ms)
				ProcessInitializeOnLoadAttributes (97ms)
				ProcessInitializeOnLoadMethodAttributes (35ms)
				AfterProcessingInitializeOnLoad (0ms)
				EditorAssembliesLoaded (0ms)
			ExecutionOrderSort2 (0ms)
			AwakeInstancesAfterBackupRestoration (0ms)
Platform modules already initialized, skipping
Registering precompiled user dll's ...
Registered in 0.005581 seconds.
Begin MonoManager ReloadAssembly
Symbol file LoadedFromMemory doesn't match image C:\Users\guddn\GitPro\PracticeRepo\RPGproj\Library\PackageCache\com.unity.visualscripting@1.7.8\Editor\VisualScripting.Core\Dependencies\YamlDotNet\Unity.VisualScripting.YamlDotNet.dll
Symbol file LoadedFromMemory doesn't match image C:\Users\guddn\GitPro\PracticeRepo\RPGproj\Library\PackageCache\com.unity.visualscripting@1.7.8\Editor\VisualScripting.Core\Dependencies\DotNetZip\Unity.VisualScripting.IonicZip.dll
Native extension for WindowsStandalone target not found
Native extension for WebGL target not found
Refreshing native plugins compatible for Editor in 0.44 ms, found 3 plugins.
Preloading 0 native plugins for Editor in 0.00 ms.
Mono: successfully reloaded assembly
- Completed reload, in  0.981 seconds
Domain Reload Profiling:
	ReloadAssembly (981ms)
		BeginReloadAssembly (138ms)
			ExecutionOrderSort (0ms)
			DisableScriptedObjects (4ms)
			BackupInstance (0ms)
			ReleaseScriptingObjects (0ms)
			CreateAndSetChildDomain (27ms)
		EndReloadAssembly (762ms)
			LoadAssemblies (93ms)
			RebuildTransferFunctionScriptingTraits (0ms)
			SetupTypeCache (250ms)
			ReleaseScriptCaches (0ms)
			RebuildScriptCaches (45ms)
			SetupLoadedEditorAssemblies (367ms)
				LogAssemblyErrors (0ms)
				InitializePlatformSupportModulesInManaged (4ms)
				SetLoadedEditorAssemblies (0ms)
				RefreshPlugins (0ms)
				BeforeProcessingInitializeOnLoad (61ms)
				ProcessInitializeOnLoadAttributes (277ms)
				ProcessInitializeOnLoadMethodAttributes (21ms)
				AfterProcessingInitializeOnLoad (3ms)
				EditorAssembliesLoaded (0ms)
			ExecutionOrderSort2 (0ms)
			AwakeInstancesAfterBackupRestoration (4ms)
Platform modules already initialized, skipping
========================================================================
Worker process is ready to serve import requests
Launched and connected shader compiler UnityShaderCompiler.exe after 0.09 seconds
Refreshing native plugins compatible for Editor in 0.61 ms, found 3 plugins.
Preloading 0 native plugins for Editor in 0.00 ms.
Unloading 3302 Unused Serialized files (Serialized files now loaded: 0)
Unloading 25 unused Assets / (86.2 KB). Loaded Objects now: 3759.
Memory consumption went from 115.2 MB to 115.1 MB.
Total: 4.766800 ms (FindLiveObjects: 0.280600 ms CreateObjectMapping: 0.130000 ms MarkObjects: 4.241800 ms  DeleteObjects: 0.112700 ms)

AssetImportParameters requested are different than current active one (requested -> active):
  custom:video-decoder-ogg-theora: a1e56fd34408186e4bbccfd4996cb3dc -> 
  custom:container-muxer-webm: aa71ff27fc2769a1b78a27578f13a17b -> 
  custom:container-demuxer-webm: 4f35f7cbe854078d1ac9338744f61a02 -> 
  custom:video-encoder-webm-vp8: eb34c28f22e8b96e1ab97ce403110664 -> 
  custom:video-codec-MediaFoundation-h265: 746d11721c4dcdbdad8f713fa42b33f4 -> 
  custom:audio-encoder-webm-vorbis: bf7c407c2cedff20999df2af8eb42d56 -> 
  custom:framework-win-MediaFoundation: 216162199b28c13a410421893ffa2e32 -> 
  custom:container-demuxer-ogg: 62fdf1f143b41e24485cea50d1cbac27 -> 
  custom:video-decoder-webm-vp8: 9c59270c3fd7afecdb556c50c9e8de78 -> 
  custom:audio-decoder-ogg-vorbis: bf7c407c2cedff20999df2af8eb42d56 -> 
========================================================================
Received Import Request.
  Time since last request: 1639504.178678 seconds.
  path: Assets/Nature_pixel_art_assets/Nature_tiles_01/nature_environment_01_61.asset
  artifactKey: Guid(49173cebef9971a4288cf94b06f0d27d) Importer(815301076,1909f56bfc062723c751e8b465ee728b)
Start importing Assets/Nature_pixel_art_assets/Nature_tiles_01/nature_environment_01_61.asset using Guid(49173cebef9971a4288cf94b06f0d27d) Importer(815301076,1909f56bfc062723c751e8b465ee728b)  -> (artifact id: 'f549ad9085ddfcd293d0d487f2beea7f') in 0.110846 seconds 
========================================================================
Received Import Request.
  Time since last request: 0.000028 seconds.
  path: Assets/Nature_pixel_art_assets/Nature_tiles_01/nature_environment_01_82.asset
  artifactKey: Guid(9adce1a845c4edd4b8ca943fd1d63d6b) Importer(815301076,1909f56bfc062723c751e8b465ee728b)
Start importing Assets/Nature_pixel_art_assets/Nature_tiles_01/nature_environment_01_82.asset using Guid(9adce1a845c4edd4b8ca943fd1d63d6b) Importer(815301076,1909f56bfc062723c751e8b465ee728b)  -> (artifact id: '8139ad33a81b352b330af2c1605a6dd8') in 0.034159 seconds 
========================================================================
Received Import Request.
  Time since last request: 0.000053 seconds.
  path: Assets/Nature_pixel_art_assets/Nature_tiles_01/nature_environment_01_71.asset
  artifactKey: Guid(a5e57bd29316a4c46b428e3e88bbdbf7) Importer(815301076,1909f56bfc062723c751e8b465ee728b)
Start importing Assets/Nature_pixel_art_assets/Nature_tiles_01/nature_environment_01_71.asset using Guid(a5e57bd29316a4c46b428e3e88bbdbf7) Importer(815301076,1909f56bfc062723c751e8b465ee728b)  -> (artifact id: 'b3262694035cbf00ad6dbfabe15a6a35') in 0.019879 seconds 
========================================================================
Received Import Request.
  Time since last request: 0.000032 seconds.
  path: Assets/Nature_pixel_art_assets/Nature_tiles_01/nature_environment_01_68.asset
  artifactKey: Guid(d49c2ba1ccd3a88489a149f9fee52c05) Importer(815301076,1909f56bfc062723c751e8b465ee728b)
Start importing Assets/Nature_pixel_art_assets/Nature_tiles_01/nature_environment_01_68.asset using Guid(d49c2ba1ccd3a88489a149f9fee52c05) Importer(815301076,1909f56bfc062723c751e8b465ee728b)  -> (artifact id: 'c7bbf18abb7ff18d93589b5a686cf8aa') in 0.030279 seconds 
========================================================================
Received Import Request.
  Time since last request: 0.000034 seconds.
  path: Assets/Nature_pixel_art_assets/Nature_tiles_01/nature_environment_01_84.asset
  artifactKey: Guid(a4db2ad1d6dfb3841a749538a53f7a27) Importer(815301076,1909f56bfc062723c751e8b465ee728b)
Start importing Assets/Nature_pixel_art_assets/Nature_tiles_01/nature_environment_01_84.asset using Guid(a4db2ad1d6dfb3841a749538a53f7a27) Importer(815301076,1909f56bfc062723c751e8b465ee728b)  -> (artifact id: '650fede91676213943bff2697cdc4ea6') in 0.027454 seconds 
========================================================================
Received Import Request.
  Time since last request: 0.000030 seconds.
  path: Assets/Nature_pixel_art_assets/Nature_tiles_01/nature_environment_01_77.asset
  artifactKey: Guid(5b112c8237810c7478c31f0bb3dd0d45) Importer(815301076,1909f56bfc062723c751e8b465ee728b)
Start importing Assets/Nature_pixel_art_assets/Nature_tiles_01/nature_environment_01_77.asset using Guid(5b112c8237810c7478c31f0bb3dd0d45) Importer(815301076,1909f56bfc062723c751e8b465ee728b)  -> (artifact id: '63697a77a819f3481bd563b43d0fef94') in 0.026819 seconds 
========================================================================
Received Import Request.
  Time since last request: 0.170404 seconds.
  path: Assets/Nature_pixel_art_assets/Nature_tiles_01/nature_environment_01_91.asset
  artifactKey: Guid(afb73388839d3f448a9d747b3894f8bd) Importer(815301076,1909f56bfc062723c751e8b465ee728b)
Start importing Assets/Nature_pixel_art_assets/Nature_tiles_01/nature_environment_01_91.asset using Guid(afb73388839d3f448a9d747b3894f8bd) Importer(815301076,1909f56bfc062723c751e8b465ee728b)  -> (artifact id: '1ad6dae5731ca0b8ec054a66a4aadeed') in 0.019611 seconds 
========================================================================
Received Import Request.
  Time since last request: 0.000018 seconds.
  path: Assets/Nature_pixel_art_assets/Nature_tiles_01/nature_environment_01_101.asset
  artifactKey: Guid(a69b23a0105f6ff4081b4c528ec1b3cd) Importer(815301076,1909f56bfc062723c751e8b465ee728b)
Start importing Assets/Nature_pixel_art_assets/Nature_tiles_01/nature_environment_01_101.asset using Guid(a69b23a0105f6ff4081b4c528ec1b3cd) Importer(815301076,1909f56bfc062723c751e8b465ee728b)  -> (artifact id: '4d5ac9544349472241b4d2abbc7d2a95') in 0.027285 seconds 
========================================================================
Received Import Request.
  Time since last request: 0.000038 seconds.
  path: Assets/Nature_pixel_art_assets/Nature_tiles_01/nature_environment_01_98.asset
  artifactKey: Guid(3c6b6deea85e0d44aac9bf7f17957d0f) Importer(815301076,1909f56bfc062723c751e8b465ee728b)
Start importing Assets/Nature_pixel_art_assets/Nature_tiles_01/nature_environment_01_98.asset using Guid(3c6b6deea85e0d44aac9bf7f17957d0f) Importer(815301076,1909f56bfc062723c751e8b465ee728b)  -> (artifact id: '21fb84449fae4f2eaf6dc6d58f47a29d') in 0.033745 seconds 
========================================================================
Received Import Request.
  Time since last request: 0.002857 seconds.
  path: Assets/Nature_pixel_art_assets/Nature_tiles_01/nature_environment_01_110.asset
  artifactKey: Guid(145b3944a7ee41649922eb93ab0c2b63) Importer(815301076,1909f56bfc062723c751e8b465ee728b)
Start importing Assets/Nature_pixel_art_assets/Nature_tiles_01/nature_environment_01_110.asset using Guid(145b3944a7ee41649922eb93ab0c2b63) Importer(815301076,1909f56bfc062723c751e8b465ee728b)  -> (artifact id: '3b6f328a24af164d7274303324e2e737') in 0.026189 seconds 
========================================================================
Received Import Request.
  Time since last request: 0.000028 seconds.
  path: Assets/Nature_pixel_art_assets/Nature_tiles_01/nature_environment_01_109.asset
  artifactKey: Guid(f888791ccadda7d4f8a87da247ec057b) Importer(815301076,1909f56bfc062723c751e8b465ee728b)
Start importing Assets/Nature_pixel_art_assets/Nature_tiles_01/nature_environment_01_109.asset using Guid(f888791ccadda7d4f8a87da247ec057b) Importer(815301076,1909f56bfc062723c751e8b465ee728b)  -> (artifact id: '111ea3ae7a442a9d7003955e372a2a77') in 0.039750 seconds 
========================================================================
Received Import Request.
  Time since last request: 0.000044 seconds.
  path: Assets/Nature_pixel_art_assets/Nature_tiles_01/nature_environment_01_108.asset
  artifactKey: Guid(e56370a03b628f84faf8fc75dc303652) Importer(815301076,1909f56bfc062723c751e8b465ee728b)
Start importing Assets/Nature_pixel_art_assets/Nature_tiles_01/nature_environment_01_108.asset using Guid(e56370a03b628f84faf8fc75dc303652) Importer(815301076,1909f56bfc062723c751e8b465ee728b)  -> (artifact id: '09ffc75a5cbf8e6345441e6f52b6852d') in 0.033569 seconds 
========================================================================
Received Import Request.
  Time since last request: 0.001204 seconds.
  path: Assets/Nature_pixel_art_assets/Nature_tiles_01/nature_environment_01_105.asset
  artifactKey: Guid(71f684ea83fc5e945b9e5da47f092015) Importer(815301076,1909f56bfc062723c751e8b465ee728b)
Start importing Assets/Nature_pixel_art_assets/Nature_tiles_01/nature_environment_01_105.asset using Guid(71f684ea83fc5e945b9e5da47f092015) Importer(815301076,1909f56bfc062723c751e8b465ee728b)  -> (artifact id: '7423504ee445fa7c7e663bb33c625aed') in 0.046388 seconds 
========================================================================
Received Import Request.
  Time since last request: 0.235074 seconds.
  path: Assets/Nature_pixel_art_assets/Nature_tiles_01/nature_environment_01_121.asset
  artifactKey: Guid(72baf1b88370e074589a46cb66fbf5ab) Importer(815301076,1909f56bfc062723c751e8b465ee728b)
Start importing Assets/Nature_pixel_art_assets/Nature_tiles_01/nature_environment_01_121.asset using Guid(72baf1b88370e074589a46cb66fbf5ab) Importer(815301076,1909f56bfc062723c751e8b465ee728b)  -> (artifact id: '1dcac57ff83514553d0e9c5f249bc81a') in 0.027357 seconds 
========================================================================
Received Import Request.
  Time since last request: 0.000030 seconds.
  path: Assets/Nature_pixel_art_assets/Nature_tiles_01/nature_environment_01_126.asset
  artifactKey: Guid(0a7a5db501c07f14a8a291da5c6c49b8) Importer(815301076,1909f56bfc062723c751e8b465ee728b)
Start importing Assets/Nature_pixel_art_assets/Nature_tiles_01/nature_environment_01_126.asset using Guid(0a7a5db501c07f14a8a291da5c6c49b8) Importer(815301076,1909f56bfc062723c751e8b465ee728b)  -> (artifact id: '429bba5bd4e79aff3dbba93cb88411ba') in 0.019204 seconds 
========================================================================
Received Import Request.
  Time since last request: 27.500245 seconds.
  path: Assets/New Timeline.playable
  artifactKey: Guid(5ae88c5939b2edf48b7cd7d227f92fd5) Importer(815301076,1909f56bfc062723c751e8b465ee728b)
Start importing Assets/New Timeline.playable using Guid(5ae88c5939b2edf48b7cd7d227f92fd5) Importer(815301076,1909f56bfc062723c751e8b465ee728b)  -> (artifact id: '0c02ecda326f67be644c7ce1e89a5d18') in 0.013989 seconds 
========================================================================
Received Prepare
Registering precompiled user dll's ...
Registered in 0.002979 seconds.
Begin MonoManager ReloadAssembly
Symbol file LoadedFromMemory doesn't match image C:\Users\guddn\GitPro\PracticeRepo\RPGproj\Library\PackageCache\com.unity.visualscripting@1.7.8\Editor\VisualScripting.Core\Dependencies\YamlDotNet\Unity.VisualScripting.YamlDotNet.dll
Symbol file LoadedFromMemory doesn't match image C:\Users\guddn\GitPro\PracticeRepo\RPGproj\Library\PackageCache\com.unity.visualscripting@1.7.8\Editor\VisualScripting.Core\Dependencies\DotNetZip\Unity.VisualScripting.IonicZip.dll
Native extension for WindowsStandalone target not found
Native extension for WebGL target not found
Refreshing native plugins compatible for Editor in 0.50 ms, found 3 plugins.
Preloading 0 native plugins for Editor in 0.00 ms.
Mono: successfully reloaded assembly
- Completed reload, in  0.697 seconds
Domain Reload Profiling:
	ReloadAssembly (697ms)
		BeginReloadAssembly (95ms)
			ExecutionOrderSort (0ms)
			DisableScriptedObjects (4ms)
			BackupInstance (0ms)
			ReleaseScriptingObjects (0ms)
			CreateAndSetChildDomain (26ms)
		EndReloadAssembly (532ms)
			LoadAssemblies (57ms)
			RebuildTransferFunctionScriptingTraits (0ms)
			SetupTypeCache (154ms)
			ReleaseScriptCaches (1ms)
			RebuildScriptCaches (33ms)
			SetupLoadedEditorAssemblies (259ms)
				LogAssemblyErrors (0ms)
				InitializePlatformSupportModulesInManaged (11ms)
				SetLoadedEditorAssemblies (0ms)
				RefreshPlugins (1ms)
				BeforeProcessingInitializeOnLoad (54ms)
				ProcessInitializeOnLoadAttributes (159ms)
				ProcessInitializeOnLoadMethodAttributes (31ms)
				AfterProcessingInitializeOnLoad (4ms)
				EditorAssembliesLoaded (0ms)
			ExecutionOrderSort2 (0ms)
			AwakeInstancesAfterBackupRestoration (4ms)
Platform modules already initialized, skipping
Refreshing native plugins compatible for Editor in 1.12 ms, found 3 plugins.
Preloading 0 native plugins for Editor in 0.00 ms.
Unloading 3332 Unused Serialized files (Serialized files now loaded: 0)
Unloading 18 unused Assets / (53.5 KB). Loaded Objects now: 3816.
Memory consumption went from 115.3 MB to 115.3 MB.
Total: 2.820600 ms (FindLiveObjects: 0.174900 ms CreateObjectMapping: 0.076300 ms MarkObjects: 2.520800 ms  DeleteObjects: 0.047900 ms)

AssetImportParameters requested are different than current active one (requested -> active):
  custom:video-decoder-ogg-theora: a1e56fd34408186e4bbccfd4996cb3dc -> 
  custom:container-muxer-webm: aa71ff27fc2769a1b78a27578f13a17b -> 
  custom:container-demuxer-webm: 4f35f7cbe854078d1ac9338744f61a02 -> 
  custom:video-encoder-webm-vp8: eb34c28f22e8b96e1ab97ce403110664 -> 
  custom:video-codec-MediaFoundation-h265: 746d11721c4dcdbdad8f713fa42b33f4 -> 
  custom:audio-encoder-webm-vorbis: bf7c407c2cedff20999df2af8eb42d56 -> 
  custom:framework-win-MediaFoundation: 216162199b28c13a410421893ffa2e32 -> 
  custom:container-demuxer-ogg: 62fdf1f143b41e24485cea50d1cbac27 -> 
  custom:video-decoder-webm-vp8: 9c59270c3fd7afecdb556c50c9e8de78 -> 
  custom:audio-decoder-ogg-vorbis: bf7c407c2cedff20999df2af8eb42d56 -> 
========================================================================
Received Import Request.
  Time since last request: 143.460547 seconds.
  path: Assets/Tilemap.prefab
  artifactKey: Guid(eee9f774934f7744f8c3f0dca03f1108) Importer(815301076,1909f56bfc062723c751e8b465ee728b)
Start importing Assets/Tilemap.prefab using Guid(eee9f774934f7744f8c3f0dca03f1108) Importer(815301076,1909f56bfc062723c751e8b465ee728b)  -> (artifact id: 'ceeef1a63f08cfe259c3113a824a8979') in 0.118282 seconds 
========================================================================
Received Import Request.
  Time since last request: 56.190238 seconds.
  path: Assets/Nature_pixel_art_assets/Nature_tiles_01/NatureTile.prefab
  artifactKey: Guid(500989b737c299a4fbe633b4b5b08ce2) Importer(815301076,1909f56bfc062723c751e8b465ee728b)
Start importing Assets/Nature_pixel_art_assets/Nature_tiles_01/NatureTile.prefab using Guid(500989b737c299a4fbe633b4b5b08ce2) Importer(815301076,1909f56bfc062723c751e8b465ee728b)  -> (artifact id: '39bf096651e833fb6f02cdcfea76ffcc') in 0.019958 seconds 
========================================================================
Received Import Request.
  Time since last request: 53.588736 seconds.
  path: Assets/Scenes
  artifactKey: Guid(131a6b21c8605f84396be9f6751fb6e3) Importer(815301076,1909f56bfc062723c751e8b465ee728b)
Start importing Assets/Scenes using Guid(131a6b21c8605f84396be9f6751fb6e3) Importer(815301076,1909f56bfc062723c751e8b465ee728b)  -> (artifact id: '4935f35005d3ccd51bf39964504ff1b7') in 0.029751 seconds 
========================================================================
Received Import Request.
  Time since last request: 1.418245 seconds.
  path: Assets/Nature_pixel_art_assets/palette
  artifactKey: Guid(b77922e1d5d31154ca6068d40f1dc7e0) Importer(815301076,1909f56bfc062723c751e8b465ee728b)
Start importing Assets/Nature_pixel_art_assets/palette using Guid(b77922e1d5d31154ca6068d40f1dc7e0) Importer(815301076,1909f56bfc062723c751e8b465ee728b)  -> (artifact id: '125c858875c19a1d01fd97b188670c92') in 0.022641 seconds 
========================================================================
Received Import Request.
  Time since last request: 0.341890 seconds.
  path: Assets/Nature_pixel_art_assets/palette/Nature_environment_01.prefab
  artifactKey: Guid(325706ee1da856d4f849f2d78592f64c) Importer(815301076,1909f56bfc062723c751e8b465ee728b)
Start importing Assets/Nature_pixel_art_assets/palette/Nature_environment_01.prefab using Guid(325706ee1da856d4f849f2d78592f64c) Importer(815301076,1909f56bfc062723c751e8b465ee728b)  -> (artifact id: '9bd33e7d3a4bcae464e1ea2747cad4bc') in 0.111230 seconds 
========================================================================
Received Import Request.
  Time since last request: 3.795331 seconds.
  path: Assets/Nature_pixel_art_assets/Prefabs
  artifactKey: Guid(25b462d4c7ecad445843e353e2d90427) Importer(815301076,1909f56bfc062723c751e8b465ee728b)
Start importing Assets/Nature_pixel_art_assets/Prefabs using Guid(25b462d4c7ecad445843e353e2d90427) Importer(815301076,1909f56bfc062723c751e8b465ee728b)  -> (artifact id: 'f7db7a7970cdab2f150120990fe9b27d') in 0.017907 seconds 
========================================================================
Received Import Request.
  Time since last request: 0.846302 seconds.
  path: Assets/Nature_pixel_art_assets/Prefabs/Nature_props
  artifactKey: Guid(fc7f587436423e34f83f459645ec809b) Importer(815301076,1909f56bfc062723c751e8b465ee728b)
Start importing Assets/Nature_pixel_art_assets/Prefabs/Nature_props using Guid(fc7f587436423e34f83f459645ec809b) Importer(815301076,1909f56bfc062723c751e8b465ee728b)  -> (artifact id: 'ec0af1d08b4a222e1c709dfe14ea87e5') in 0.026436 seconds 
========================================================================
Received Import Request.
  Time since last request: 0.032857 seconds.
  path: Assets/Nature_pixel_art_assets/Prefabs/Nature_props/Nature_props_01.prefab
  artifactKey: Guid(e45c9aed6bafa964782c6325956f228f) Importer(815301076,1909f56bfc062723c751e8b465ee728b)
Start importing Assets/Nature_pixel_art_assets/Prefabs/Nature_props/Nature_props_01.prefab using Guid(e45c9aed6bafa964782c6325956f228f) Importer(815301076,1909f56bfc062723c751e8b465ee728b)  -> (artifact id: 'e48a25dd10934d5ab21d8082cb60b902') in 0.018868 seconds 
========================================================================
Received Import Request.
  Time since last request: 0.000026 seconds.
  path: Assets/Nature_pixel_art_assets/Prefabs/Nature_props/Nature_props_28.prefab
  artifactKey: Guid(c60e10becc91cdc488b6f96b7aacf54a) Importer(815301076,1909f56bfc062723c751e8b465ee728b)
Start importing Assets/Nature_pixel_art_assets/Prefabs/Nature_props/Nature_props_28.prefab using Guid(c60e10becc91cdc488b6f96b7aacf54a) Importer(815301076,1909f56bfc062723c751e8b465ee728b)  -> (artifact id: 'cb7c18e92f4365395bb67161347fa5c2') in 0.033683 seconds 
========================================================================
Received Import Request.
  Time since last request: 0.000034 seconds.
  path: Assets/Nature_pixel_art_assets/Prefabs/Nature_props/Nature_props_05.prefab
  artifactKey: Guid(77c0e2e550619d74592a6882db6d033d) Importer(815301076,1909f56bfc062723c751e8b465ee728b)
Start importing Assets/Nature_pixel_art_assets/Prefabs/Nature_props/Nature_props_05.prefab using Guid(77c0e2e550619d74592a6882db6d033d) Importer(815301076,1909f56bfc062723c751e8b465ee728b)  -> (artifact id: '74346f735c16310f5aac3f083a042fb7') in 0.032156 seconds 
========================================================================
Received Import Request.
  Time since last request: 0.000041 seconds.
  path: Assets/Nature_pixel_art_assets/Prefabs/Nature_props/Nature_props_30.prefab
  artifactKey: Guid(abf0bc9c105690d4c87552b83f28a432) Importer(815301076,1909f56bfc062723c751e8b465ee728b)
Start importing Assets/Nature_pixel_art_assets/Prefabs/Nature_props/Nature_props_30.prefab using Guid(abf0bc9c105690d4c87552b83f28a432) Importer(815301076,1909f56bfc062723c751e8b465ee728b)  -> (artifact id: '82d001b114ce394f97990cb790c6ca77') in 0.032090 seconds 
========================================================================
Received Import Request.
  Time since last request: 0.000034 seconds.
  path: Assets/Nature_pixel_art_assets/Prefabs/Nature_props/Nature_props_08.prefab
  artifactKey: Guid(be973aab1705b594aa401a7d08cb2198) Importer(815301076,1909f56bfc062723c751e8b465ee728b)
Start importing Assets/Nature_pixel_art_assets/Prefabs/Nature_props/Nature_props_08.prefab using Guid(be973aab1705b594aa401a7d08cb2198) Importer(815301076,1909f56bfc062723c751e8b465ee728b)  -> (artifact id: 'b6f6aaca5685550f555fba60ec86d208') in 0.038387 seconds 
========================================================================
Received Import Request.
  Time since last request: 0.000024 seconds.
  path: Assets/Nature_pixel_art_assets/Prefabs/Nature_props/Nature_props_22.prefab
  artifactKey: Guid(79569ca2af2aefb4eb1d1819e98bf3e3) Importer(815301076,1909f56bfc062723c751e8b465ee728b)
Start importing Assets/Nature_pixel_art_assets/Prefabs/Nature_props/Nature_props_22.prefab using Guid(79569ca2af2aefb4eb1d1819e98bf3e3) Importer(815301076,1909f56bfc062723c751e8b465ee728b)  -> (artifact id: '98b94aa87543cad0ca47e4755cd97d43') in 0.031284 seconds 
========================================================================
Received Import Request.
  Time since last request: 0.000032 seconds.
  path: Assets/Nature_pixel_art_assets/Prefabs/Nature_props/Nature_props_31.prefab
  artifactKey: Guid(f802a960462afea4bbce60e223b448f3) Importer(815301076,1909f56bfc062723c751e8b465ee728b)
Start importing Assets/Nature_pixel_art_assets/Prefabs/Nature_props/Nature_props_31.prefab using Guid(f802a960462afea4bbce60e223b448f3) Importer(815301076,1909f56bfc062723c751e8b465ee728b)  -> (artifact id: '03e1a9b76e2508414094c78249b92344') in 0.028488 seconds 
========================================================================
Received Import Request.
  Time since last request: 0.000037 seconds.
  path: Assets/Nature_pixel_art_assets/Prefabs/Nature_props/Nature_props_29.prefab
  artifactKey: Guid(11a6e0e2923a1cd4d98fca27f87aea01) Importer(815301076,1909f56bfc062723c751e8b465ee728b)
Start importing Assets/Nature_pixel_art_assets/Prefabs/Nature_props/Nature_props_29.prefab using Guid(11a6e0e2923a1cd4d98fca27f87aea01) Importer(815301076,1909f56bfc062723c751e8b465ee728b)  -> (artifact id: '0dfdca1197c0d2580343eca5c5cf1b02') in 0.029992 seconds 
========================================================================
Received Import Request.
  Time since last request: 0.000026 seconds.
  path: Assets/Nature_pixel_art_assets/Prefabs/Nature_props/Nature_props_09.prefab
  artifactKey: Guid(f3efe889a0e3f30479c4ec00226829f9) Importer(815301076,1909f56bfc062723c751e8b465ee728b)
Start importing Assets/Nature_pixel_art_assets/Prefabs/Nature_props/Nature_props_09.prefab using Guid(f3efe889a0e3f30479c4ec00226829f9) Importer(815301076,1909f56bfc062723c751e8b465ee728b)  -> (artifact id: '450436b481c2f78c442055090b39b695') in 0.032511 seconds 
========================================================================
Received Import Request.
  Time since last request: 0.000035 seconds.
  path: Assets/Nature_pixel_art_assets/Prefabs/Nature_props/Nature_props_12.prefab
  artifactKey: Guid(57dc346d5f7d5fd40b8dbb439a6b62ab) Importer(815301076,1909f56bfc062723c751e8b465ee728b)
Start importing Assets/Nature_pixel_art_assets/Prefabs/Nature_props/Nature_props_12.prefab using Guid(57dc346d5f7d5fd40b8dbb439a6b62ab) Importer(815301076,1909f56bfc062723c751e8b465ee728b)  -> (artifact id: '992b519c1708226ea05a73e1f2df2711') in 0.026148 seconds 
========================================================================
Received Import Request.
  Time since last request: 0.000037 seconds.
  path: Assets/Nature_pixel_art_assets/Prefabs/Nature_props/Nature_props_17.prefab
  artifactKey: Guid(20b4923008369ef4883c3ccd4a040d1e) Importer(815301076,1909f56bfc062723c751e8b465ee728b)
Start importing Assets/Nature_pixel_art_assets/Prefabs/Nature_props/Nature_props_17.prefab using Guid(20b4923008369ef4883c3ccd4a040d1e) Importer(815301076,1909f56bfc062723c751e8b465ee728b)  -> (artifact id: 'a282116ce756123778ab121d8927eb2e') in 0.029053 seconds 
========================================================================
Received Import Request.
  Time since last request: 0.000031 seconds.
  path: Assets/Nature_pixel_art_assets/Prefabs/Nature_props/Nature_props_23.prefab
  artifactKey: Guid(b44a0eea649a1c045bcf8888f8f81050) Importer(815301076,1909f56bfc062723c751e8b465ee728b)
Start importing Assets/Nature_pixel_art_assets/Prefabs/Nature_props/Nature_props_23.prefab using Guid(b44a0eea649a1c045bcf8888f8f81050) Importer(815301076,1909f56bfc062723c751e8b465ee728b)  -> (artifact id: 'c9c3647f6e371133e0797bb2bf0350d0') in 0.027910 seconds 
========================================================================
Received Import Request.
  Time since last request: 0.000031 seconds.
  path: Assets/Nature_pixel_art_assets/Prefabs/Nature_props/Nature_props_20.prefab
  artifactKey: Guid(36eefd045905ea840940e9553e42ce8c) Importer(815301076,1909f56bfc062723c751e8b465ee728b)
Start importing Assets/Nature_pixel_art_assets/Prefabs/Nature_props/Nature_props_20.prefab using Guid(36eefd045905ea840940e9553e42ce8c) Importer(815301076,1909f56bfc062723c751e8b465ee728b)  -> (artifact id: '324d934e6bb3c808d6ee8143909113dd') in 0.027794 seconds 
========================================================================
Received Import Request.
  Time since last request: 0.000028 seconds.
  path: Assets/Nature_pixel_art_assets/Prefabs/Nature_props/Nature_props_11.prefab
  artifactKey: Guid(6524230b94a7af4409d8c13b6474b3d1) Importer(815301076,1909f56bfc062723c751e8b465ee728b)
Start importing Assets/Nature_pixel_art_assets/Prefabs/Nature_props/Nature_props_11.prefab using Guid(6524230b94a7af4409d8c13b6474b3d1) Importer(815301076,1909f56bfc062723c751e8b465ee728b)  -> (artifact id: '215d5fefbe9356976e9fdb5d9843d6a7') in 0.033399 seconds 
========================================================================
Received Import Request.
  Time since last request: 0.000043 seconds.
  path: Assets/Nature_pixel_art_assets/Prefabs/Nature_props/Nature_props_34.prefab
  artifactKey: Guid(6b13e8b5789585846a705035c6ad62cd) Importer(815301076,1909f56bfc062723c751e8b465ee728b)
Start importing Assets/Nature_pixel_art_assets/Prefabs/Nature_props/Nature_props_34.prefab using Guid(6b13e8b5789585846a705035c6ad62cd) Importer(815301076,1909f56bfc062723c751e8b465ee728b)  -> (artifact id: 'd2ee87b3f6b4c034fb5ab5bc5cf244c9') in 0.053164 seconds 
========================================================================
Received Import Request.
  Time since last request: 0.000040 seconds.
  path: Assets/Nature_pixel_art_assets/Prefabs/Nature_props/Nature_props_37.prefab
  artifactKey: Guid(ef7bc88c916e69648b8fd874020a9ea7) Importer(815301076,1909f56bfc062723c751e8b465ee728b)
Start importing Assets/Nature_pixel_art_assets/Prefabs/Nature_props/Nature_props_37.prefab using Guid(ef7bc88c916e69648b8fd874020a9ea7) Importer(815301076,1909f56bfc062723c751e8b465ee728b)  -> (artifact id: '8be750816b40afdc9285f2d64572fd44') in 0.024696 seconds 
========================================================================
Received Import Request.
  Time since last request: 0.000049 seconds.
  path: Assets/Nature_pixel_art_assets/Prefabs/Nature_props/Nature_props_21.prefab
  artifactKey: Guid(4dc93bd254f2c41479bfed68801a7bad) Importer(815301076,1909f56bfc062723c751e8b465ee728b)
Start importing Assets/Nature_pixel_art_assets/Prefabs/Nature_props/Nature_props_21.prefab using Guid(4dc93bd254f2c41479bfed68801a7bad) Importer(815301076,1909f56bfc062723c751e8b465ee728b)  -> (artifact id: '27e87dcf53282b8b6ba3f68b25cbb9f0') in 0.037899 seconds 
========================================================================
Received Import Request.
  Time since last request: 0.000034 seconds.
  path: Assets/Nature_pixel_art_assets/Prefabs/Nature_props/Nature_props_16.prefab
  artifactKey: Guid(05a512aa4c73d604892921f1d2a511e2) Importer(815301076,1909f56bfc062723c751e8b465ee728b)
Start importing Assets/Nature_pixel_art_assets/Prefabs/Nature_props/Nature_props_16.prefab using Guid(05a512aa4c73d604892921f1d2a511e2) Importer(815301076,1909f56bfc062723c751e8b465ee728b)  -> (artifact id: '769e4122dae878ec0e5ccf1707e81f71') in 0.022610 seconds 
========================================================================
Received Import Request.
  Time since last request: 0.000023 seconds.
  path: Assets/Nature_pixel_art_assets/Prefabs/Nature_props/Nature_props_15.prefab
  artifactKey: Guid(486f42fcb063b4b4fa79b395c40825eb) Importer(815301076,1909f56bfc062723c751e8b465ee728b)
Start importing Assets/Nature_pixel_art_assets/Prefabs/Nature_props/Nature_props_15.prefab using Guid(486f42fcb063b4b4fa79b395c40825eb) Importer(815301076,1909f56bfc062723c751e8b465ee728b)  -> (artifact id: '93f8fd337d6f55f79415d54ea1715373') in 0.039753 seconds 
========================================================================
Received Import Request.
  Time since last request: 0.000040 seconds.
  path: Assets/Nature_pixel_art_assets/Prefabs/Nature_props/Nature_props_40.prefab
  artifactKey: Guid(9605169b51151584eb216eb7cbbe78ec) Importer(815301076,1909f56bfc062723c751e8b465ee728b)
Start importing Assets/Nature_pixel_art_assets/Prefabs/Nature_props/Nature_props_40.prefab using Guid(9605169b51151584eb216eb7cbbe78ec) Importer(815301076,1909f56bfc062723c751e8b465ee728b)  -> (artifact id: '5eb8ddb2e469730c484b884c83054624') in 0.034051 seconds 
========================================================================
Received Import Request.
  Time since last request: 0.000064 seconds.
  path: Assets/Nature_pixel_art_assets/Prefabs/Nature_props/Nature_props_38.prefab
  artifactKey: Guid(c91193e0f75c73949bf7928ddd6cd517) Importer(815301076,1909f56bfc062723c751e8b465ee728b)
Start importing Assets/Nature_pixel_art_assets/Prefabs/Nature_props/Nature_props_38.prefab using Guid(c91193e0f75c73949bf7928ddd6cd517) Importer(815301076,1909f56bfc062723c751e8b465ee728b)  -> (artifact id: 'dee5e54c1b4eb9a0a62be92e0fbf7907') in 0.045047 seconds 
Editor requested this worker to shutdown with reason: Scaling down because of idle timeout
AssetImportWorker is now disconnected from the server
Process exiting
Exiting without the bug reporter. Application will terminate with return code 0