Using pre-set license
Built from '2021.3/staging' branch; Version is '2021.3.5f1 (40eb3a945986) revision 4254522'; Using compiler version '192829333'; Build Type 'Release'
OS: 'Windows 11  (10.0.22000) 64bit Core' Language: 'ko' Physical Memory: 16010 MB
BatchMode: 1, IsHumanControllingUs: 0, StartBugReporterOnCrash: 0, Is64bit: 1, IsPro: 1

COMMAND LINE ARGUMENTS:
C:\Program Files\Unity\Hub\Editor\2021.3.5f1\Editor\Unity.exe
-adb2
-batchMode
-noUpm
-name
AssetImportWorker1
-projectPath
C:/Users/guddn/GitPro/PracticeRepo/RPGproj
-logFile
Logs/AssetImportWorker1.log
-srvPort
51103
Successfully changed project path to: C:/Users/guddn/GitPro/PracticeRepo/RPGproj
C:/Users/guddn/GitPro/PracticeRepo/RPGproj
[UnityMemory] Configuration Parameters - Can be set up in boot.config
    "memorysetup-bucket-allocator-granularity=16"
    "memorysetup-bucket-allocator-bucket-count=8"
    "memorysetup-bucket-allocator-block-size=33554432"
    "memorysetup-bucket-allocator-block-count=8"
    "memorysetup-main-allocator-block-size=16777216"
    "memorysetup-thread-allocator-block-size=16777216"
    "memorysetup-gfx-main-allocator-block-size=16777216"
    "memorysetup-gfx-thread-allocator-block-size=16777216"
    "memorysetup-cache-allocator-block-size=4194304"
    "memorysetup-typetree-allocator-block-size=2097152"
    "memorysetup-profiler-bucket-allocator-granularity=16"
    "memorysetup-profiler-bucket-allocator-bucket-count=8"
    "memorysetup-profiler-bucket-allocator-block-size=33554432"
    "memorysetup-profiler-bucket-allocator-block-count=8"
    "memorysetup-profiler-allocator-block-size=16777216"
    "memorysetup-profiler-editor-allocator-block-size=1048576"
    "memorysetup-temp-allocator-size-main=16777216"
    "memorysetup-job-temp-allocator-block-size=2097152"
    "memorysetup-job-temp-allocator-block-size-background=1048576"
    "memorysetup-job-temp-allocator-reduction-small-platforms=262144"
    "memorysetup-temp-allocator-size-background-worker=32768"
    "memorysetup-temp-allocator-size-job-worker=262144"
    "memorysetup-temp-allocator-size-preload-manager=33554432"
    "memorysetup-temp-allocator-size-nav-mesh-worker=65536"
    "memorysetup-temp-allocator-size-audio-worker=65536"
    "memorysetup-temp-allocator-size-cloud-worker=32768"
    "memorysetup-temp-allocator-size-gi-baking-worker=262144"
    "memorysetup-temp-allocator-size-gfx=262144"
Refreshing native plugins compatible for Editor in 66.54 ms, found 3 plugins.
Preloading 0 native plugins for Editor in 0.00 ms.
Initialize engine version: 2021.3.5f1 (40eb3a945986)
[Subsystems] Discovering subsystems at path C:/Program Files/Unity/Hub/Editor/2021.3.5f1/Editor/Data/Resources/UnitySubsystems
[Subsystems] Discovering subsystems at path C:/Users/guddn/GitPro/PracticeRepo/RPGproj/Assets
GfxDevice: creating device client; threaded=0; jobified=0
Direct3D:
    Version:  Direct3D 11.0 [level 11.1]
    Renderer: Microsoft Basic Render Driver (ID=0x8c)
    Vendor:   Microsoft
    VRAM:     8005 MB
Initialize mono
Mono path[0] = 'C:/Program Files/Unity/Hub/Editor/2021.3.5f1/Editor/Data/Managed'
Mono path[1] = 'C:/Program Files/Unity/Hub/Editor/2021.3.5f1/Editor/Data/MonoBleedingEdge/lib/mono/unityjit-win32'
Mono config path = 'C:/Program Files/Unity/Hub/Editor/2021.3.5f1/Editor/Data/MonoBleedingEdge/etc'
Using monoOptions --debugger-agent=transport=dt_socket,embedding=1,server=y,suspend=n,address=127.0.0.1:56000
Begin MonoManager ReloadAssembly
Registering precompiled unity dll's ...
Register platform support module: C:/Program Files/Unity/Hub/Editor/2021.3.5f1/Editor/Data/PlaybackEngines/WebGLSupport/UnityEditor.WebGL.Extensions.dll
Register platform support module: C:/Program Files/Unity/Hub/Editor/2021.3.5f1/Editor/Data/PlaybackEngines/WindowsStandaloneSupport/UnityEditor.WindowsStandalone.Extensions.dll
Registered in 0.005144 seconds.
Native extension for WindowsStandalone target not found
Native extension for WebGL target not found
Refreshing native plugins compatible for Editor in 73.72 ms, found 3 plugins.
Preloading 0 native plugins for Editor in 0.00 ms.
Mono: successfully reloaded assembly
- Completed reload, in  0.645 seconds
Domain Reload Profiling:
	ReloadAssembly (645ms)
		BeginReloadAssembly (73ms)
			ExecutionOrderSort (0ms)
			DisableScriptedObjects (0ms)
			BackupInstance (0ms)
			ReleaseScriptingObjects (0ms)
			CreateAndSetChildDomain (1ms)
		EndReloadAssembly (461ms)
			LoadAssemblies (72ms)
			RebuildTransferFunctionScriptingTraits (1ms)
			SetupTypeCache (96ms)
			ReleaseScriptCaches (0ms)
			RebuildScriptCaches (41ms)
			SetupLoadedEditorAssemblies (259ms)
				LogAssemblyErrors (0ms)
				InitializePlatformSupportModulesInManaged (11ms)
				SetLoadedEditorAssemblies (0ms)
				RefreshPlugins (74ms)
				BeforeProcessingInitializeOnLoad (2ms)
				ProcessInitializeOnLoadAttributes (124ms)
				ProcessInitializeOnLoadMethodAttributes (48ms)
				AfterProcessingInitializeOnLoad (0ms)
				EditorAssembliesLoaded (0ms)
			ExecutionOrderSort2 (0ms)
			AwakeInstancesAfterBackupRestoration (0ms)
Platform modules already initialized, skipping
Registering precompiled user dll's ...
Registered in 0.004614 seconds.
Begin MonoManager ReloadAssembly
Symbol file LoadedFromMemory doesn't match image C:\Users\guddn\GitPro\PracticeRepo\RPGproj\Library\PackageCache\com.unity.visualscripting@1.7.8\Editor\VisualScripting.Core\Dependencies\YamlDotNet\Unity.VisualScripting.YamlDotNet.dll
Symbol file LoadedFromMemory doesn't match image C:\Users\guddn\GitPro\PracticeRepo\RPGproj\Library\PackageCache\com.unity.visualscripting@1.7.8\Editor\VisualScripting.Core\Dependencies\DotNetZip\Unity.VisualScripting.IonicZip.dll
Native extension for WindowsStandalone target not found
Native extension for WebGL target not found
Refreshing native plugins compatible for Editor in 0.82 ms, found 3 plugins.
Preloading 0 native plugins for Editor in 0.00 ms.
Mono: successfully reloaded assembly
- Completed reload, in  1.376 seconds
Domain Reload Profiling:
	ReloadAssembly (1377ms)
		BeginReloadAssembly (118ms)
			ExecutionOrderSort (0ms)
			DisableScriptedObjects (7ms)
			BackupInstance (0ms)
			ReleaseScriptingObjects (0ms)
			CreateAndSetChildDomain (24ms)
		EndReloadAssembly (1163ms)
			LoadAssemblies (77ms)
			RebuildTransferFunctionScriptingTraits (0ms)
			SetupTypeCache (488ms)
			ReleaseScriptCaches (1ms)
			RebuildScriptCaches (51ms)
			SetupLoadedEditorAssemblies (509ms)
				LogAssemblyErrors (0ms)
				InitializePlatformSupportModulesInManaged (7ms)
				SetLoadedEditorAssemblies (0ms)
				RefreshPlugins (1ms)
				BeforeProcessingInitializeOnLoad (66ms)
				ProcessInitializeOnLoadAttributes (319ms)
				ProcessInitializeOnLoadMethodAttributes (111ms)
				AfterProcessingInitializeOnLoad (6ms)
				EditorAssembliesLoaded (0ms)
			ExecutionOrderSort2 (0ms)
			AwakeInstancesAfterBackupRestoration (6ms)
Platform modules already initialized, skipping
========================================================================
Worker process is ready to serve import requests
Launched and connected shader compiler UnityShaderCompiler.exe after 0.07 seconds
Refreshing native plugins compatible for Editor in 0.75 ms, found 3 plugins.
Preloading 0 native plugins for Editor in 0.00 ms.
Unloading 3247 Unused Serialized files (Serialized files now loaded: 0)
Unloading 25 unused Assets / (86.0 KB). Loaded Objects now: 3704.
Memory consumption went from 111.8 MB to 111.7 MB.
Total: 3.502500 ms (FindLiveObjects: 0.322200 ms CreateObjectMapping: 0.234800 ms MarkObjects: 2.822700 ms  DeleteObjects: 0.121700 ms)

AssetImportParameters requested are different than current active one (requested -> active):
  custom:video-decoder-ogg-theora: a1e56fd34408186e4bbccfd4996cb3dc -> 
  custom:container-muxer-webm: aa71ff27fc2769a1b78a27578f13a17b -> 
  custom:container-demuxer-webm: 4f35f7cbe854078d1ac9338744f61a02 -> 
  custom:video-encoder-webm-vp8: eb34c28f22e8b96e1ab97ce403110664 -> 
  custom:video-codec-MediaFoundation-h265: 746d11721c4dcdbdad8f713fa42b33f4 -> 
  custom:audio-encoder-webm-vorbis: bf7c407c2cedff20999df2af8eb42d56 -> 
  custom:framework-win-MediaFoundation: 216162199b28c13a410421893ffa2e32 -> 
  custom:container-demuxer-ogg: 62fdf1f143b41e24485cea50d1cbac27 -> 
  custom:video-decoder-webm-vp8: 9c59270c3fd7afecdb556c50c9e8de78 -> 
  custom:audio-decoder-ogg-vorbis: bf7c407c2cedff20999df2af8eb42d56 -> 
========================================================================
Received Import Request.
  Time since last request: 1624068.130505 seconds.
  path: Assets
  artifactKey: Guid(00000000000000001000000000000000) Importer(815301076,1909f56bfc062723c751e8b465ee728b)
Start importing Assets using Guid(00000000000000001000000000000000) Importer(815301076,1909f56bfc062723c751e8b465ee728b)  -> (artifact id: '79842766b460edbeab6a34051e857a80') in 0.016077 seconds 
========================================================================
Received Prepare
Registering precompiled user dll's ...
Registered in 0.004690 seconds.
Begin MonoManager ReloadAssembly
Symbol file LoadedFromMemory doesn't match image C:\Users\guddn\GitPro\PracticeRepo\RPGproj\Library\PackageCache\com.unity.visualscripting@1.7.8\Editor\VisualScripting.Core\Dependencies\YamlDotNet\Unity.VisualScripting.YamlDotNet.dll
Symbol file LoadedFromMemory doesn't match image C:\Users\guddn\GitPro\PracticeRepo\RPGproj\Library\PackageCache\com.unity.visualscripting@1.7.8\Editor\VisualScripting.Core\Dependencies\DotNetZip\Unity.VisualScripting.IonicZip.dll
Native extension for WindowsStandalone target not found
Native extension for WebGL target not found
Refreshing native plugins compatible for Editor in 0.74 ms, found 3 plugins.
Preloading 0 native plugins for Editor in 0.00 ms.
Mono: successfully reloaded assembly
- Completed reload, in  0.866 seconds
Domain Reload Profiling:
	ReloadAssembly (867ms)
		BeginReloadAssembly (154ms)
			ExecutionOrderSort (0ms)
			DisableScriptedObjects (6ms)
			BackupInstance (0ms)
			ReleaseScriptingObjects (0ms)
			CreateAndSetChildDomain (55ms)
		EndReloadAssembly (634ms)
			LoadAssemblies (82ms)
			RebuildTransferFunctionScriptingTraits (0ms)
			SetupTypeCache (196ms)
			ReleaseScriptCaches (2ms)
			RebuildScriptCaches (35ms)
			SetupLoadedEditorAssemblies (284ms)
				LogAssemblyErrors (0ms)
				InitializePlatformSupportModulesInManaged (13ms)
				SetLoadedEditorAssemblies (0ms)
				RefreshPlugins (1ms)
				BeforeProcessingInitializeOnLoad (51ms)
				ProcessInitializeOnLoadAttributes (187ms)
				ProcessInitializeOnLoadMethodAttributes (28ms)
				AfterProcessingInitializeOnLoad (4ms)
				EditorAssembliesLoaded (0ms)
			ExecutionOrderSort2 (0ms)
			AwakeInstancesAfterBackupRestoration (5ms)
Platform modules already initialized, skipping
Refreshing native plugins compatible for Editor in 1.46 ms, found 3 plugins.
Preloading 0 native plugins for Editor in 0.00 ms.
Unloading 3243 Unused Serialized files (Serialized files now loaded: 0)
Unloading 18 unused Assets / (53.2 KB). Loaded Objects now: 3708.
Memory consumption went from 111.8 MB to 111.7 MB.
Total: 3.096900 ms (FindLiveObjects: 0.270700 ms CreateObjectMapping: 0.119200 ms MarkObjects: 2.621000 ms  DeleteObjects: 0.084500 ms)

AssetImportParameters requested are different than current active one (requested -> active):
  custom:video-decoder-ogg-theora: a1e56fd34408186e4bbccfd4996cb3dc -> 
  custom:container-muxer-webm: aa71ff27fc2769a1b78a27578f13a17b -> 
  custom:container-demuxer-webm: 4f35f7cbe854078d1ac9338744f61a02 -> 
  custom:video-encoder-webm-vp8: eb34c28f22e8b96e1ab97ce403110664 -> 
  custom:video-codec-MediaFoundation-h265: 746d11721c4dcdbdad8f713fa42b33f4 -> 
  custom:audio-encoder-webm-vorbis: bf7c407c2cedff20999df2af8eb42d56 -> 
  custom:framework-win-MediaFoundation: 216162199b28c13a410421893ffa2e32 -> 
  custom:container-demuxer-ogg: 62fdf1f143b41e24485cea50d1cbac27 -> 
  custom:video-decoder-webm-vp8: 9c59270c3fd7afecdb556c50c9e8de78 -> 
  custom:audio-decoder-ogg-vorbis: bf7c407c2cedff20999df2af8eb42d56 -> 
========================================================================
Received Prepare
Registering precompiled user dll's ...
Registered in 0.008086 seconds.
Begin MonoManager ReloadAssembly
Symbol file LoadedFromMemory doesn't match image C:\Users\guddn\GitPro\PracticeRepo\RPGproj\Library\PackageCache\com.unity.visualscripting@1.7.8\Editor\VisualScripting.Core\Dependencies\YamlDotNet\Unity.VisualScripting.YamlDotNet.dll
Symbol file LoadedFromMemory doesn't match image C:\Users\guddn\GitPro\PracticeRepo\RPGproj\Library\PackageCache\com.unity.visualscripting@1.7.8\Editor\VisualScripting.Core\Dependencies\DotNetZip\Unity.VisualScripting.IonicZip.dll
Native extension for WindowsStandalone target not found
Native extension for WebGL target not found
Refreshing native plugins compatible for Editor in 1.11 ms, found 3 plugins.
Preloading 0 native plugins for Editor in 0.00 ms.
Mono: successfully reloaded assembly
- Completed reload, in  1.206 seconds
Domain Reload Profiling:
	ReloadAssembly (1207ms)
		BeginReloadAssembly (266ms)
			ExecutionOrderSort (0ms)
			DisableScriptedObjects (11ms)
			BackupInstance (0ms)
			ReleaseScriptingObjects (0ms)
			CreateAndSetChildDomain (71ms)
		EndReloadAssembly (784ms)
			LoadAssemblies (149ms)
			RebuildTransferFunctionScriptingTraits (0ms)
			SetupTypeCache (207ms)
			ReleaseScriptCaches (2ms)
			RebuildScriptCaches (43ms)
			SetupLoadedEditorAssemblies (396ms)
				LogAssemblyErrors (0ms)
				InitializePlatformSupportModulesInManaged (22ms)
				SetLoadedEditorAssemblies (0ms)
				RefreshPlugins (1ms)
				BeforeProcessingInitializeOnLoad (81ms)
				ProcessInitializeOnLoadAttributes (248ms)
				ProcessInitializeOnLoadMethodAttributes (34ms)
				AfterProcessingInitializeOnLoad (8ms)
				EditorAssembliesLoaded (1ms)
			ExecutionOrderSort2 (0ms)
			AwakeInstancesAfterBackupRestoration (10ms)
Platform modules already initialized, skipping
Refreshing native plugins compatible for Editor in 1.60 ms, found 3 plugins.
Preloading 0 native plugins for Editor in 0.00 ms.
Unloading 3243 Unused Serialized files (Serialized files now loaded: 0)
Unloading 18 unused Assets / (53.3 KB). Loaded Objects now: 3711.
Memory consumption went from 111.8 MB to 111.7 MB.
Total: 4.797300 ms (FindLiveObjects: 0.276200 ms CreateObjectMapping: 0.143600 ms MarkObjects: 4.247100 ms  DeleteObjects: 0.129500 ms)

AssetImportParameters requested are different than current active one (requested -> active):
  custom:video-decoder-ogg-theora: a1e56fd34408186e4bbccfd4996cb3dc -> 
  custom:container-muxer-webm: aa71ff27fc2769a1b78a27578f13a17b -> 
  custom:container-demuxer-webm: 4f35f7cbe854078d1ac9338744f61a02 -> 
  custom:video-encoder-webm-vp8: eb34c28f22e8b96e1ab97ce403110664 -> 
  custom:video-codec-MediaFoundation-h265: 746d11721c4dcdbdad8f713fa42b33f4 -> 
  custom:audio-encoder-webm-vorbis: bf7c407c2cedff20999df2af8eb42d56 -> 
  custom:framework-win-MediaFoundation: 216162199b28c13a410421893ffa2e32 -> 
  custom:container-demuxer-ogg: 62fdf1f143b41e24485cea50d1cbac27 -> 
  custom:video-decoder-webm-vp8: 9c59270c3fd7afecdb556c50c9e8de78 -> 
  custom:audio-decoder-ogg-vorbis: bf7c407c2cedff20999df2af8eb42d56 -> 
========================================================================
Received Prepare
Registering precompiled user dll's ...
Registered in 0.003281 seconds.
Begin MonoManager ReloadAssembly
Symbol file LoadedFromMemory doesn't match image C:\Users\guddn\GitPro\PracticeRepo\RPGproj\Library\PackageCache\com.unity.visualscripting@1.7.8\Editor\VisualScripting.Core\Dependencies\YamlDotNet\Unity.VisualScripting.YamlDotNet.dll
Symbol file LoadedFromMemory doesn't match image C:\Users\guddn\GitPro\PracticeRepo\RPGproj\Library\PackageCache\com.unity.visualscripting@1.7.8\Editor\VisualScripting.Core\Dependencies\DotNetZip\Unity.VisualScripting.IonicZip.dll
Native extension for WindowsStandalone target not found
Native extension for WebGL target not found
Refreshing native plugins compatible for Editor in 0.78 ms, found 3 plugins.
Preloading 0 native plugins for Editor in 0.00 ms.
Mono: successfully reloaded assembly
- Completed reload, in  0.901 seconds
Domain Reload Profiling:
	ReloadAssembly (902ms)
		BeginReloadAssembly (120ms)
			ExecutionOrderSort (0ms)
			DisableScriptedObjects (8ms)
			BackupInstance (0ms)
			ReleaseScriptingObjects (0ms)
			CreateAndSetChildDomain (37ms)
		EndReloadAssembly (706ms)
			LoadAssemblies (77ms)
			RebuildTransferFunctionScriptingTraits (0ms)
			SetupTypeCache (254ms)
			ReleaseScriptCaches (2ms)
			RebuildScriptCaches (34ms)
			SetupLoadedEditorAssemblies (299ms)
				LogAssemblyErrors (0ms)
				InitializePlatformSupportModulesInManaged (12ms)
				SetLoadedEditorAssemblies (0ms)
				RefreshPlugins (1ms)
				BeforeProcessingInitializeOnLoad (59ms)
				ProcessInitializeOnLoadAttributes (198ms)
				ProcessInitializeOnLoadMethodAttributes (24ms)
				AfterProcessingInitializeOnLoad (4ms)
				EditorAssembliesLoaded (0ms)
			ExecutionOrderSort2 (0ms)
			AwakeInstancesAfterBackupRestoration (5ms)
Platform modules already initialized, skipping
Refreshing native plugins compatible for Editor in 1.36 ms, found 3 plugins.
Preloading 0 native plugins for Editor in 0.00 ms.
Unloading 3244 Unused Serialized files (Serialized files now loaded: 0)
Unloading 18 unused Assets / (53.3 KB). Loaded Objects now: 3715.
Memory consumption went from 111.8 MB to 111.8 MB.
Total: 4.357800 ms (FindLiveObjects: 0.272400 ms CreateObjectMapping: 0.138200 ms MarkObjects: 3.838500 ms  DeleteObjects: 0.107100 ms)

AssetImportParameters requested are different than current active one (requested -> active):
  custom:video-decoder-ogg-theora: a1e56fd34408186e4bbccfd4996cb3dc -> 
  custom:container-muxer-webm: aa71ff27fc2769a1b78a27578f13a17b -> 
  custom:container-demuxer-webm: 4f35f7cbe854078d1ac9338744f61a02 -> 
  custom:video-encoder-webm-vp8: eb34c28f22e8b96e1ab97ce403110664 -> 
  custom:video-codec-MediaFoundation-h265: 746d11721c4dcdbdad8f713fa42b33f4 -> 
  custom:audio-encoder-webm-vorbis: bf7c407c2cedff20999df2af8eb42d56 -> 
  custom:framework-win-MediaFoundation: 216162199b28c13a410421893ffa2e32 -> 
  custom:container-demuxer-ogg: 62fdf1f143b41e24485cea50d1cbac27 -> 
  custom:video-decoder-webm-vp8: 9c59270c3fd7afecdb556c50c9e8de78 -> 
  custom:audio-decoder-ogg-vorbis: bf7c407c2cedff20999df2af8eb42d56 -> 
========================================================================
Received Prepare
Registering precompiled user dll's ...
Registered in 0.004760 seconds.
Begin MonoManager ReloadAssembly
Symbol file LoadedFromMemory doesn't match image C:\Users\guddn\GitPro\PracticeRepo\RPGproj\Library\PackageCache\com.unity.visualscripting@1.7.8\Editor\VisualScripting.Core\Dependencies\YamlDotNet\Unity.VisualScripting.YamlDotNet.dll
Symbol file LoadedFromMemory doesn't match image C:\Users\guddn\GitPro\PracticeRepo\RPGproj\Library\PackageCache\com.unity.visualscripting@1.7.8\Editor\VisualScripting.Core\Dependencies\DotNetZip\Unity.VisualScripting.IonicZip.dll
Native extension for WindowsStandalone target not found
Native extension for WebGL target not found
Refreshing native plugins compatible for Editor in 0.71 ms, found 3 plugins.
Preloading 0 native plugins for Editor in 0.00 ms.
Mono: successfully reloaded assembly
- Completed reload, in  1.853 seconds
Domain Reload Profiling:
	ReloadAssembly (1853ms)
		BeginReloadAssembly (306ms)
			ExecutionOrderSort (0ms)
			DisableScriptedObjects (11ms)
			BackupInstance (0ms)
			ReleaseScriptingObjects (0ms)
			CreateAndSetChildDomain (75ms)
		EndReloadAssembly (1232ms)
			LoadAssemblies (222ms)
			RebuildTransferFunctionScriptingTraits (0ms)
			SetupTypeCache (794ms)
			ReleaseScriptCaches (2ms)
			RebuildScriptCaches (47ms)
			SetupLoadedEditorAssemblies (263ms)
				LogAssemblyErrors (0ms)
				InitializePlatformSupportModulesInManaged (12ms)
				SetLoadedEditorAssemblies (0ms)
				RefreshPlugins (1ms)
				BeforeProcessingInitializeOnLoad (50ms)
				ProcessInitializeOnLoadAttributes (171ms)
				ProcessInitializeOnLoadMethodAttributes (24ms)
				AfterProcessingInitializeOnLoad (4ms)
				EditorAssembliesLoaded (0ms)
			ExecutionOrderSort2 (0ms)
			AwakeInstancesAfterBackupRestoration (5ms)
Platform modules already initialized, skipping
Refreshing native plugins compatible for Editor in 1.59 ms, found 3 plugins.
Preloading 0 native plugins for Editor in 0.00 ms.
Unloading 3244 Unused Serialized files (Serialized files now loaded: 0)
Unloading 18 unused Assets / (53.3 KB). Loaded Objects now: 3718.
Memory consumption went from 111.8 MB to 111.8 MB.
Total: 21.463500 ms (FindLiveObjects: 0.731300 ms CreateObjectMapping: 0.219600 ms MarkObjects: 20.390900 ms  DeleteObjects: 0.120000 ms)

AssetImportParameters requested are different than current active one (requested -> active):
  custom:video-decoder-ogg-theora: a1e56fd34408186e4bbccfd4996cb3dc -> 
  custom:container-muxer-webm: aa71ff27fc2769a1b78a27578f13a17b -> 
  custom:container-demuxer-webm: 4f35f7cbe854078d1ac9338744f61a02 -> 
  custom:video-encoder-webm-vp8: eb34c28f22e8b96e1ab97ce403110664 -> 
  custom:video-codec-MediaFoundation-h265: 746d11721c4dcdbdad8f713fa42b33f4 -> 
  custom:audio-encoder-webm-vorbis: bf7c407c2cedff20999df2af8eb42d56 -> 
  custom:framework-win-MediaFoundation: 216162199b28c13a410421893ffa2e32 -> 
  custom:container-demuxer-ogg: 62fdf1f143b41e24485cea50d1cbac27 -> 
  custom:video-decoder-webm-vp8: 9c59270c3fd7afecdb556c50c9e8de78 -> 
  custom:audio-decoder-ogg-vorbis: bf7c407c2cedff20999df2af8eb42d56 -> 
========================================================================
Received Prepare
Registering precompiled user dll's ...
Registered in 0.005495 seconds.
Begin MonoManager ReloadAssembly
Symbol file LoadedFromMemory doesn't match image C:\Users\guddn\GitPro\PracticeRepo\RPGproj\Library\PackageCache\com.unity.visualscripting@1.7.8\Editor\VisualScripting.Core\Dependencies\YamlDotNet\Unity.VisualScripting.YamlDotNet.dll
Symbol file LoadedFromMemory doesn't match image C:\Users\guddn\GitPro\PracticeRepo\RPGproj\Library\PackageCache\com.unity.visualscripting@1.7.8\Editor\VisualScripting.Core\Dependencies\DotNetZip\Unity.VisualScripting.IonicZip.dll
Native extension for WindowsStandalone target not found
Native extension for WebGL target not found
Refreshing native plugins compatible for Editor in 0.71 ms, found 3 plugins.
Preloading 0 native plugins for Editor in 0.00 ms.
Mono: successfully reloaded assembly
- Completed reload, in  0.915 seconds
Domain Reload Profiling:
	ReloadAssembly (915ms)
		BeginReloadAssembly (175ms)
			ExecutionOrderSort (0ms)
			DisableScriptedObjects (8ms)
			BackupInstance (0ms)
			ReleaseScriptingObjects (0ms)
			CreateAndSetChildDomain (57ms)
		EndReloadAssembly (640ms)
			LoadAssemblies (100ms)
			RebuildTransferFunctionScriptingTraits (0ms)
			SetupTypeCache (215ms)
			ReleaseScriptCaches (2ms)
			RebuildScriptCaches (59ms)
			SetupLoadedEditorAssemblies (259ms)
				LogAssemblyErrors (0ms)
				InitializePlatformSupportModulesInManaged (11ms)
				SetLoadedEditorAssemblies (0ms)
				RefreshPlugins (1ms)
				BeforeProcessingInitializeOnLoad (50ms)
				ProcessInitializeOnLoadAttributes (169ms)
				ProcessInitializeOnLoadMethodAttributes (24ms)
				AfterProcessingInitializeOnLoad (4ms)
				EditorAssembliesLoaded (0ms)
			ExecutionOrderSort2 (0ms)
			AwakeInstancesAfterBackupRestoration (5ms)
Platform modules already initialized, skipping
Refreshing native plugins compatible for Editor in 1.45 ms, found 3 plugins.
Preloading 0 native plugins for Editor in 0.00 ms.
Unloading 3281 Unused Serialized files (Serialized files now loaded: 0)
Unloading 18 unused Assets / (53.3 KB). Loaded Objects now: 3758.
Memory consumption went from 113.1 MB to 113.0 MB.
Total: 4.082800 ms (FindLiveObjects: 0.345100 ms CreateObjectMapping: 0.193800 ms MarkObjects: 3.406300 ms  DeleteObjects: 0.136100 ms)

AssetImportParameters requested are different than current active one (requested -> active):
  custom:video-decoder-ogg-theora: a1e56fd34408186e4bbccfd4996cb3dc -> 
  custom:container-muxer-webm: aa71ff27fc2769a1b78a27578f13a17b -> 
  custom:container-demuxer-webm: 4f35f7cbe854078d1ac9338744f61a02 -> 
  custom:video-encoder-webm-vp8: eb34c28f22e8b96e1ab97ce403110664 -> 
  custom:video-codec-MediaFoundation-h265: 746d11721c4dcdbdad8f713fa42b33f4 -> 
  custom:audio-encoder-webm-vorbis: bf7c407c2cedff20999df2af8eb42d56 -> 
  custom:framework-win-MediaFoundation: 216162199b28c13a410421893ffa2e32 -> 
  custom:container-demuxer-ogg: 62fdf1f143b41e24485cea50d1cbac27 -> 
  custom:video-decoder-webm-vp8: 9c59270c3fd7afecdb556c50c9e8de78 -> 
  custom:audio-decoder-ogg-vorbis: bf7c407c2cedff20999df2af8eb42d56 -> 
========================================================================
Received Import Request.
  Time since last request: 2877.951245 seconds.
  path: Assets/Sprite/pixil-frame-0.png
  artifactKey: Guid(27d7d2b8507d97e4fa1239a89cbac62f) Importer(815301076,1909f56bfc062723c751e8b465ee728b)
Start importing Assets/Sprite/pixil-frame-0.png using Guid(27d7d2b8507d97e4fa1239a89cbac62f) Importer(815301076,1909f56bfc062723c751e8b465ee728b)  -> (artifact id: '3207de6407a4a96aece0b7f277956f24') in 0.300960 seconds 
========================================================================
Received Import Request.
  Time since last request: 1733.060838 seconds.
  path: Assets/Sprite/pixil-frame-0 (5).png
  artifactKey: Guid(518b9905ce9358e4ca45ab8dfc861d39) Importer(815301076,1909f56bfc062723c751e8b465ee728b)
Start importing Assets/Sprite/pixil-frame-0 (5).png using Guid(518b9905ce9358e4ca45ab8dfc861d39) Importer(815301076,1909f56bfc062723c751e8b465ee728b)  -> (artifact id: '9a63d82420decfb2b4fd02f4165daacb') in 0.087651 seconds 
========================================================================
Received Prepare
Registering precompiled user dll's ...
Registered in 0.006686 seconds.
Begin MonoManager ReloadAssembly
Symbol file LoadedFromMemory doesn't match image C:\Users\guddn\GitPro\PracticeRepo\RPGproj\Library\PackageCache\com.unity.visualscripting@1.7.8\Editor\VisualScripting.Core\Dependencies\YamlDotNet\Unity.VisualScripting.YamlDotNet.dll
Symbol file LoadedFromMemory doesn't match image C:\Users\guddn\GitPro\PracticeRepo\RPGproj\Library\PackageCache\com.unity.visualscripting@1.7.8\Editor\VisualScripting.Core\Dependencies\DotNetZip\Unity.VisualScripting.IonicZip.dll
Native extension for WindowsStandalone target not found
Native extension for WebGL target not found
Refreshing native plugins compatible for Editor in 0.88 ms, found 3 plugins.
Preloading 0 native plugins for Editor in 0.00 ms.
Mono: successfully reloaded assembly
- Completed reload, in  1.879 seconds
Domain Reload Profiling:
	ReloadAssembly (1883ms)
		BeginReloadAssembly (810ms)
			ExecutionOrderSort (0ms)
			DisableScriptedObjects (74ms)
			BackupInstance (0ms)
			ReleaseScriptingObjects (0ms)
			CreateAndSetChildDomain (496ms)
		EndReloadAssembly (942ms)
			LoadAssemblies (174ms)
			RebuildTransferFunctionScriptingTraits (0ms)
			SetupTypeCache (349ms)
			ReleaseScriptCaches (2ms)
			RebuildScriptCaches (65ms)
			SetupLoadedEditorAssemblies (332ms)
				LogAssemblyErrors (0ms)
				InitializePlatformSupportModulesInManaged (17ms)
				SetLoadedEditorAssemblies (1ms)
				RefreshPlugins (1ms)
				BeforeProcessingInitializeOnLoad (66ms)
				ProcessInitializeOnLoadAttributes (208ms)
				ProcessInitializeOnLoadMethodAttributes (34ms)
				AfterProcessingInitializeOnLoad (5ms)
				EditorAssembliesLoaded (0ms)
			ExecutionOrderSort2 (0ms)
			AwakeInstancesAfterBackupRestoration (6ms)
Platform modules already initialized, skipping
Refreshing native plugins compatible for Editor in 4.05 ms, found 3 plugins.
Preloading 0 native plugins for Editor in 0.00 ms.
Unloading 3282 Unused Serialized files (Serialized files now loaded: 0)
Unloading 18 unused Assets / (53.3 KB). Loaded Objects now: 3768.
Memory consumption went from 117.5 MB to 117.4 MB.
Total: 6.559400 ms (FindLiveObjects: 0.524700 ms CreateObjectMapping: 0.290700 ms MarkObjects: 5.630800 ms  DeleteObjects: 0.110700 ms)

AssetImportParameters requested are different than current active one (requested -> active):
  custom:video-decoder-ogg-theora: a1e56fd34408186e4bbccfd4996cb3dc -> 
  custom:container-muxer-webm: aa71ff27fc2769a1b78a27578f13a17b -> 
  custom:container-demuxer-webm: 4f35f7cbe854078d1ac9338744f61a02 -> 
  custom:video-encoder-webm-vp8: eb34c28f22e8b96e1ab97ce403110664 -> 
  custom:video-codec-MediaFoundation-h265: 746d11721c4dcdbdad8f713fa42b33f4 -> 
  custom:audio-encoder-webm-vorbis: bf7c407c2cedff20999df2af8eb42d56 -> 
  custom:framework-win-MediaFoundation: 216162199b28c13a410421893ffa2e32 -> 
  custom:container-demuxer-ogg: 62fdf1f143b41e24485cea50d1cbac27 -> 
  custom:video-decoder-webm-vp8: 9c59270c3fd7afecdb556c50c9e8de78 -> 
  custom:audio-decoder-ogg-vorbis: bf7c407c2cedff20999df2af8eb42d56 -> 
========================================================================
Received Prepare
Registering precompiled user dll's ...
Registered in 0.003413 seconds.
Begin MonoManager ReloadAssembly
Symbol file LoadedFromMemory doesn't match image C:\Users\guddn\GitPro\PracticeRepo\RPGproj\Library\PackageCache\com.unity.visualscripting@1.7.8\Editor\VisualScripting.Core\Dependencies\YamlDotNet\Unity.VisualScripting.YamlDotNet.dll
Symbol file LoadedFromMemory doesn't match image C:\Users\guddn\GitPro\PracticeRepo\RPGproj\Library\PackageCache\com.unity.visualscripting@1.7.8\Editor\VisualScripting.Core\Dependencies\DotNetZip\Unity.VisualScripting.IonicZip.dll
Native extension for WindowsStandalone target not found
Native extension for WebGL target not found
Refreshing native plugins compatible for Editor in 0.43 ms, found 3 plugins.
Preloading 0 native plugins for Editor in 0.00 ms.
Mono: successfully reloaded assembly
- Completed reload, in  0.895 seconds
Domain Reload Profiling:
	ReloadAssembly (897ms)
		BeginReloadAssembly (279ms)
			ExecutionOrderSort (0ms)
			DisableScriptedObjects (36ms)
			BackupInstance (0ms)
			ReleaseScriptingObjects (0ms)
			CreateAndSetChildDomain (118ms)
		EndReloadAssembly (541ms)
			LoadAssemblies (79ms)
			RebuildTransferFunctionScriptingTraits (0ms)
			SetupTypeCache (191ms)
			ReleaseScriptCaches (1ms)
			RebuildScriptCaches (33ms)
			SetupLoadedEditorAssemblies (227ms)
				LogAssemblyErrors (0ms)
				InitializePlatformSupportModulesInManaged (11ms)
				SetLoadedEditorAssemblies (1ms)
				RefreshPlugins (0ms)
				BeforeProcessingInitializeOnLoad (44ms)
				ProcessInitializeOnLoadAttributes (147ms)
				ProcessInitializeOnLoadMethodAttributes (21ms)
				AfterProcessingInitializeOnLoad (4ms)
				EditorAssembliesLoaded (0ms)
			ExecutionOrderSort2 (0ms)
			AwakeInstancesAfterBackupRestoration (4ms)
Platform modules already initialized, skipping
Refreshing native plugins compatible for Editor in 3.25 ms, found 3 plugins.
Preloading 0 native plugins for Editor in 0.00 ms.
Unloading 3282 Unused Serialized files (Serialized files now loaded: 0)
Unloading 18 unused Assets / (53.3 KB). Loaded Objects now: 3771.
Memory consumption went from 117.5 MB to 117.4 MB.
Total: 4.999400 ms (FindLiveObjects: 0.188800 ms CreateObjectMapping: 0.085000 ms MarkObjects: 4.550900 ms  DeleteObjects: 0.172800 ms)

AssetImportParameters requested are different than current active one (requested -> active):
  custom:video-decoder-ogg-theora: a1e56fd34408186e4bbccfd4996cb3dc -> 
  custom:container-muxer-webm: aa71ff27fc2769a1b78a27578f13a17b -> 
  custom:container-demuxer-webm: 4f35f7cbe854078d1ac9338744f61a02 -> 
  custom:video-encoder-webm-vp8: eb34c28f22e8b96e1ab97ce403110664 -> 
  custom:video-codec-MediaFoundation-h265: 746d11721c4dcdbdad8f713fa42b33f4 -> 
  custom:audio-encoder-webm-vorbis: bf7c407c2cedff20999df2af8eb42d56 -> 
  custom:framework-win-MediaFoundation: 216162199b28c13a410421893ffa2e32 -> 
  custom:container-demuxer-ogg: 62fdf1f143b41e24485cea50d1cbac27 -> 
  custom:video-decoder-webm-vp8: 9c59270c3fd7afecdb556c50c9e8de78 -> 
  custom:audio-decoder-ogg-vorbis: bf7c407c2cedff20999df2af8eb42d56 -> 
========================================================================
Received Prepare
Registering precompiled user dll's ...
Registered in 0.005391 seconds.
Begin MonoManager ReloadAssembly
Symbol file LoadedFromMemory doesn't match image C:\Users\guddn\GitPro\PracticeRepo\RPGproj\Library\PackageCache\com.unity.visualscripting@1.7.8\Editor\VisualScripting.Core\Dependencies\YamlDotNet\Unity.VisualScripting.YamlDotNet.dll
Symbol file LoadedFromMemory doesn't match image C:\Users\guddn\GitPro\PracticeRepo\RPGproj\Library\PackageCache\com.unity.visualscripting@1.7.8\Editor\VisualScripting.Core\Dependencies\DotNetZip\Unity.VisualScripting.IonicZip.dll
Native extension for WindowsStandalone target not found
Native extension for WebGL target not found
Refreshing native plugins compatible for Editor in 0.41 ms, found 3 plugins.
Preloading 0 native plugins for Editor in 0.00 ms.
Mono: successfully reloaded assembly
- Completed reload, in  0.665 seconds
Domain Reload Profiling:
	ReloadAssembly (666ms)
		BeginReloadAssembly (109ms)
			ExecutionOrderSort (0ms)
			DisableScriptedObjects (4ms)
			BackupInstance (0ms)
			ReleaseScriptingObjects (0ms)
			CreateAndSetChildDomain (28ms)
		EndReloadAssembly (481ms)
			LoadAssemblies (65ms)
			RebuildTransferFunctionScriptingTraits (0ms)
			SetupTypeCache (150ms)
			ReleaseScriptCaches (1ms)
			RebuildScriptCaches (28ms)
			SetupLoadedEditorAssemblies (216ms)
				LogAssemblyErrors (0ms)
				InitializePlatformSupportModulesInManaged (9ms)
				SetLoadedEditorAssemblies (0ms)
				RefreshPlugins (0ms)
				BeforeProcessingInitializeOnLoad (44ms)
				ProcessInitializeOnLoadAttributes (139ms)
				ProcessInitializeOnLoadMethodAttributes (19ms)
				AfterProcessingInitializeOnLoad (3ms)
				EditorAssembliesLoaded (0ms)
			ExecutionOrderSort2 (0ms)
			AwakeInstancesAfterBackupRestoration (4ms)
Platform modules already initialized, skipping
Refreshing native plugins compatible for Editor in 1.15 ms, found 3 plugins.
Preloading 0 native plugins for Editor in 0.00 ms.
Unloading 3282 Unused Serialized files (Serialized files now loaded: 0)
Unloading 18 unused Assets / (53.4 KB). Loaded Objects now: 3774.
Memory consumption went from 117.5 MB to 117.4 MB.
Total: 2.740900 ms (FindLiveObjects: 0.180500 ms CreateObjectMapping: 0.076500 ms MarkObjects: 2.418300 ms  DeleteObjects: 0.064500 ms)

AssetImportParameters requested are different than current active one (requested -> active):
  custom:video-decoder-ogg-theora: a1e56fd34408186e4bbccfd4996cb3dc -> 
  custom:container-muxer-webm: aa71ff27fc2769a1b78a27578f13a17b -> 
  custom:container-demuxer-webm: 4f35f7cbe854078d1ac9338744f61a02 -> 
  custom:video-encoder-webm-vp8: eb34c28f22e8b96e1ab97ce403110664 -> 
  custom:video-codec-MediaFoundation-h265: 746d11721c4dcdbdad8f713fa42b33f4 -> 
  custom:audio-encoder-webm-vorbis: bf7c407c2cedff20999df2af8eb42d56 -> 
  custom:framework-win-MediaFoundation: 216162199b28c13a410421893ffa2e32 -> 
  custom:container-demuxer-ogg: 62fdf1f143b41e24485cea50d1cbac27 -> 
  custom:video-decoder-webm-vp8: 9c59270c3fd7afecdb556c50c9e8de78 -> 
  custom:audio-decoder-ogg-vorbis: bf7c407c2cedff20999df2af8eb42d56 -> 
========================================================================
Received Prepare
Registering precompiled user dll's ...
Registered in 0.003691 seconds.
Begin MonoManager ReloadAssembly
Symbol file LoadedFromMemory doesn't match image C:\Users\guddn\GitPro\PracticeRepo\RPGproj\Library\PackageCache\com.unity.visualscripting@1.7.8\Editor\VisualScripting.Core\Dependencies\YamlDotNet\Unity.VisualScripting.YamlDotNet.dll
Symbol file LoadedFromMemory doesn't match image C:\Users\guddn\GitPro\PracticeRepo\RPGproj\Library\PackageCache\com.unity.visualscripting@1.7.8\Editor\VisualScripting.Core\Dependencies\DotNetZip\Unity.VisualScripting.IonicZip.dll
Native extension for WindowsStandalone target not found
Native extension for WebGL target not found
Refreshing native plugins compatible for Editor in 0.42 ms, found 3 plugins.
Preloading 0 native plugins for Editor in 0.00 ms.
Mono: successfully reloaded assembly
- Completed reload, in  0.706 seconds
Domain Reload Profiling:
	ReloadAssembly (708ms)
		BeginReloadAssembly (111ms)
			ExecutionOrderSort (0ms)
			DisableScriptedObjects (6ms)
			BackupInstance (0ms)
			ReleaseScriptingObjects (0ms)
			CreateAndSetChildDomain (33ms)
		EndReloadAssembly (534ms)
			LoadAssemblies (58ms)
			RebuildTransferFunctionScriptingTraits (0ms)
			SetupTypeCache (159ms)
			ReleaseScriptCaches (1ms)
			RebuildScriptCaches (28ms)
			SetupLoadedEditorAssemblies (262ms)
				LogAssemblyErrors (0ms)
				InitializePlatformSupportModulesInManaged (9ms)
				SetLoadedEditorAssemblies (0ms)
				RefreshPlugins (0ms)
				BeforeProcessingInitializeOnLoad (42ms)
				ProcessInitializeOnLoadAttributes (177ms)
				ProcessInitializeOnLoadMethodAttributes (29ms)
				AfterProcessingInitializeOnLoad (4ms)
				EditorAssembliesLoaded (0ms)
			ExecutionOrderSort2 (0ms)
			AwakeInstancesAfterBackupRestoration (5ms)
Platform modules already initialized, skipping
Refreshing native plugins compatible for Editor in 1.08 ms, found 3 plugins.
Preloading 0 native plugins for Editor in 0.00 ms.
Unloading 3282 Unused Serialized files (Serialized files now loaded: 0)
Unloading 18 unused Assets / (53.4 KB). Loaded Objects now: 3777.
Memory consumption went from 117.5 MB to 117.4 MB.
Total: 2.550700 ms (FindLiveObjects: 0.178400 ms CreateObjectMapping: 0.084800 ms MarkObjects: 2.236200 ms  DeleteObjects: 0.050500 ms)

AssetImportParameters requested are different than current active one (requested -> active):
  custom:video-decoder-ogg-theora: a1e56fd34408186e4bbccfd4996cb3dc -> 
  custom:container-muxer-webm: aa71ff27fc2769a1b78a27578f13a17b -> 
  custom:container-demuxer-webm: 4f35f7cbe854078d1ac9338744f61a02 -> 
  custom:video-encoder-webm-vp8: eb34c28f22e8b96e1ab97ce403110664 -> 
  custom:video-codec-MediaFoundation-h265: 746d11721c4dcdbdad8f713fa42b33f4 -> 
  custom:audio-encoder-webm-vorbis: bf7c407c2cedff20999df2af8eb42d56 -> 
  custom:framework-win-MediaFoundation: 216162199b28c13a410421893ffa2e32 -> 
  custom:container-demuxer-ogg: 62fdf1f143b41e24485cea50d1cbac27 -> 
  custom:video-decoder-webm-vp8: 9c59270c3fd7afecdb556c50c9e8de78 -> 
  custom:audio-decoder-ogg-vorbis: bf7c407c2cedff20999df2af8eb42d56 -> 
========================================================================
Received Prepare
Registering precompiled user dll's ...
Registered in 0.003832 seconds.
Begin MonoManager ReloadAssembly
Symbol file LoadedFromMemory doesn't match image C:\Users\guddn\GitPro\PracticeRepo\RPGproj\Library\PackageCache\com.unity.visualscripting@1.7.8\Editor\VisualScripting.Core\Dependencies\YamlDotNet\Unity.VisualScripting.YamlDotNet.dll
Symbol file LoadedFromMemory doesn't match image C:\Users\guddn\GitPro\PracticeRepo\RPGproj\Library\PackageCache\com.unity.visualscripting@1.7.8\Editor\VisualScripting.Core\Dependencies\DotNetZip\Unity.VisualScripting.IonicZip.dll
Native extension for WindowsStandalone target not found
Native extension for WebGL target not found
Refreshing native plugins compatible for Editor in 0.87 ms, found 3 plugins.
Preloading 0 native plugins for Editor in 0.00 ms.
Mono: successfully reloaded assembly
- Completed reload, in  1.976 seconds
Domain Reload Profiling:
	ReloadAssembly (1978ms)
		BeginReloadAssembly (404ms)
			ExecutionOrderSort (0ms)
			DisableScriptedObjects (40ms)
			BackupInstance (0ms)
			ReleaseScriptingObjects (0ms)
			CreateAndSetChildDomain (160ms)
		EndReloadAssembly (1382ms)
			LoadAssemblies (173ms)
			RebuildTransferFunctionScriptingTraits (0ms)
			SetupTypeCache (440ms)
			ReleaseScriptCaches (2ms)
			RebuildScriptCaches (81ms)
			SetupLoadedEditorAssemblies (629ms)
				LogAssemblyErrors (0ms)
				InitializePlatformSupportModulesInManaged (27ms)
				SetLoadedEditorAssemblies (1ms)
				RefreshPlugins (1ms)
				BeforeProcessingInitializeOnLoad (124ms)
				ProcessInitializeOnLoadAttributes (407ms)
				ProcessInitializeOnLoadMethodAttributes (56ms)
				AfterProcessingInitializeOnLoad (13ms)
				EditorAssembliesLoaded (0ms)
			ExecutionOrderSort2 (0ms)
			AwakeInstancesAfterBackupRestoration (12ms)
Platform modules already initialized, skipping
Refreshing native plugins compatible for Editor in 3.63 ms, found 3 plugins.
Preloading 0 native plugins for Editor in 0.00 ms.
Unloading 3284 Unused Serialized files (Serialized files now loaded: 0)
Unloading 18 unused Assets / (53.3 KB). Loaded Objects now: 3782.
Memory consumption went from 117.5 MB to 117.5 MB.
Total: 6.935900 ms (FindLiveObjects: 0.363800 ms CreateObjectMapping: 0.131400 ms MarkObjects: 6.228700 ms  DeleteObjects: 0.209800 ms)

AssetImportParameters requested are different than current active one (requested -> active):
  custom:video-decoder-ogg-theora: a1e56fd34408186e4bbccfd4996cb3dc -> 
  custom:container-muxer-webm: aa71ff27fc2769a1b78a27578f13a17b -> 
  custom:container-demuxer-webm: 4f35f7cbe854078d1ac9338744f61a02 -> 
  custom:video-encoder-webm-vp8: eb34c28f22e8b96e1ab97ce403110664 -> 
  custom:video-codec-MediaFoundation-h265: 746d11721c4dcdbdad8f713fa42b33f4 -> 
  custom:audio-encoder-webm-vorbis: bf7c407c2cedff20999df2af8eb42d56 -> 
  custom:framework-win-MediaFoundation: 216162199b28c13a410421893ffa2e32 -> 
  custom:container-demuxer-ogg: 62fdf1f143b41e24485cea50d1cbac27 -> 
  custom:video-decoder-webm-vp8: 9c59270c3fd7afecdb556c50c9e8de78 -> 
  custom:audio-decoder-ogg-vorbis: bf7c407c2cedff20999df2af8eb42d56 -> 
========================================================================
Received Prepare
Registering precompiled user dll's ...
Registered in 0.014960 seconds.
Begin MonoManager ReloadAssembly
Symbol file LoadedFromMemory doesn't match image C:\Users\guddn\GitPro\PracticeRepo\RPGproj\Library\PackageCache\com.unity.visualscripting@1.7.8\Editor\VisualScripting.Core\Dependencies\YamlDotNet\Unity.VisualScripting.YamlDotNet.dll
Symbol file LoadedFromMemory doesn't match image C:\Users\guddn\GitPro\PracticeRepo\RPGproj\Library\PackageCache\com.unity.visualscripting@1.7.8\Editor\VisualScripting.Core\Dependencies\DotNetZip\Unity.VisualScripting.IonicZip.dll
Native extension for WindowsStandalone target not found
Native extension for WebGL target not found
Refreshing native plugins compatible for Editor in 0.93 ms, found 3 plugins.
Preloading 0 native plugins for Editor in 0.00 ms.
Mono: successfully reloaded assembly
- Completed reload, in  1.861 seconds
Domain Reload Profiling:
	ReloadAssembly (1863ms)
		BeginReloadAssembly (269ms)
			ExecutionOrderSort (0ms)
			DisableScriptedObjects (15ms)
			BackupInstance (0ms)
			ReleaseScriptingObjects (0ms)
			CreateAndSetChildDomain (70ms)
		EndReloadAssembly (1408ms)
			LoadAssemblies (171ms)
			RebuildTransferFunctionScriptingTraits (0ms)
			SetupTypeCache (401ms)
			ReleaseScriptCaches (2ms)
			RebuildScriptCaches (91ms)
			SetupLoadedEditorAssemblies (668ms)
				LogAssemblyErrors (0ms)
				InitializePlatformSupportModulesInManaged (30ms)
				SetLoadedEditorAssemblies (1ms)
				RefreshPlugins (1ms)
				BeforeProcessingInitializeOnLoad (138ms)
				ProcessInitializeOnLoadAttributes (430ms)
				ProcessInitializeOnLoadMethodAttributes (56ms)
				AfterProcessingInitializeOnLoad (11ms)
				EditorAssembliesLoaded (0ms)
			ExecutionOrderSort2 (0ms)
			AwakeInstancesAfterBackupRestoration (17ms)
Platform modules already initialized, skipping
Refreshing native plugins compatible for Editor in 2.53 ms, found 3 plugins.
Preloading 0 native plugins for Editor in 0.00 ms.
Unloading 3284 Unused Serialized files (Serialized files now loaded: 0)
Unloading 18 unused Assets / (53.3 KB). Loaded Objects now: 3785.
Memory consumption went from 117.6 MB to 117.5 MB.
Total: 4.292300 ms (FindLiveObjects: 0.255300 ms CreateObjectMapping: 0.104700 ms MarkObjects: 3.829100 ms  DeleteObjects: 0.101100 ms)

AssetImportParameters requested are different than current active one (requested -> active):
  custom:video-decoder-ogg-theora: a1e56fd34408186e4bbccfd4996cb3dc -> 
  custom:container-muxer-webm: aa71ff27fc2769a1b78a27578f13a17b -> 
  custom:container-demuxer-webm: 4f35f7cbe854078d1ac9338744f61a02 -> 
  custom:video-encoder-webm-vp8: eb34c28f22e8b96e1ab97ce403110664 -> 
  custom:video-codec-MediaFoundation-h265: 746d11721c4dcdbdad8f713fa42b33f4 -> 
  custom:audio-encoder-webm-vorbis: bf7c407c2cedff20999df2af8eb42d56 -> 
  custom:framework-win-MediaFoundation: 216162199b28c13a410421893ffa2e32 -> 
  custom:container-demuxer-ogg: 62fdf1f143b41e24485cea50d1cbac27 -> 
  custom:video-decoder-webm-vp8: 9c59270c3fd7afecdb556c50c9e8de78 -> 
  custom:audio-decoder-ogg-vorbis: bf7c407c2cedff20999df2af8eb42d56 -> 
========================================================================
Received Prepare
Registering precompiled user dll's ...
Registered in 0.008305 seconds.
Begin MonoManager ReloadAssembly
Symbol file LoadedFromMemory doesn't match image C:\Users\guddn\GitPro\PracticeRepo\RPGproj\Library\PackageCache\com.unity.visualscripting@1.7.8\Editor\VisualScripting.Core\Dependencies\YamlDotNet\Unity.VisualScripting.YamlDotNet.dll
Symbol file LoadedFromMemory doesn't match image C:\Users\guddn\GitPro\PracticeRepo\RPGproj\Library\PackageCache\com.unity.visualscripting@1.7.8\Editor\VisualScripting.Core\Dependencies\DotNetZip\Unity.VisualScripting.IonicZip.dll
Native extension for WindowsStandalone target not found
Native extension for WebGL target not found
Refreshing native plugins compatible for Editor in 0.96 ms, found 3 plugins.
Preloading 0 native plugins for Editor in 0.00 ms.
Mono: successfully reloaded assembly
- Completed reload, in  1.811 seconds
Domain Reload Profiling:
	ReloadAssembly (1813ms)
		BeginReloadAssembly (230ms)
			ExecutionOrderSort (0ms)
			DisableScriptedObjects (14ms)
			BackupInstance (0ms)
			ReleaseScriptingObjects (0ms)
			CreateAndSetChildDomain (55ms)
		EndReloadAssembly (1389ms)
			LoadAssemblies (159ms)
			RebuildTransferFunctionScriptingTraits (0ms)
			SetupTypeCache (441ms)
			ReleaseScriptCaches (2ms)
			RebuildScriptCaches (94ms)
			SetupLoadedEditorAssemblies (613ms)
				LogAssemblyErrors (0ms)
				InitializePlatformSupportModulesInManaged (24ms)
				SetLoadedEditorAssemblies (1ms)
				RefreshPlugins (1ms)
				BeforeProcessingInitializeOnLoad (120ms)
				ProcessInitializeOnLoadAttributes (398ms)
				ProcessInitializeOnLoadMethodAttributes (58ms)
				AfterProcessingInitializeOnLoad (11ms)
				EditorAssembliesLoaded (0ms)
			ExecutionOrderSort2 (0ms)
			AwakeInstancesAfterBackupRestoration (12ms)
Platform modules already initialized, skipping
Refreshing native plugins compatible for Editor in 2.74 ms, found 3 plugins.
Preloading 0 native plugins for Editor in 0.00 ms.
Unloading 3284 Unused Serialized files (Serialized files now loaded: 0)
Unloading 18 unused Assets / (53.2 KB). Loaded Objects now: 3788.
Memory consumption went from 117.6 MB to 117.5 MB.
Total: 4.519400 ms (FindLiveObjects: 0.217200 ms CreateObjectMapping: 0.100900 ms MarkObjects: 4.112200 ms  DeleteObjects: 0.087400 ms)

AssetImportParameters requested are different than current active one (requested -> active):
  custom:video-decoder-ogg-theora: a1e56fd34408186e4bbccfd4996cb3dc -> 
  custom:container-muxer-webm: aa71ff27fc2769a1b78a27578f13a17b -> 
  custom:container-demuxer-webm: 4f35f7cbe854078d1ac9338744f61a02 -> 
  custom:video-encoder-webm-vp8: eb34c28f22e8b96e1ab97ce403110664 -> 
  custom:video-codec-MediaFoundation-h265: 746d11721c4dcdbdad8f713fa42b33f4 -> 
  custom:audio-encoder-webm-vorbis: bf7c407c2cedff20999df2af8eb42d56 -> 
  custom:framework-win-MediaFoundation: 216162199b28c13a410421893ffa2e32 -> 
  custom:container-demuxer-ogg: 62fdf1f143b41e24485cea50d1cbac27 -> 
  custom:video-decoder-webm-vp8: 9c59270c3fd7afecdb556c50c9e8de78 -> 
  custom:audio-decoder-ogg-vorbis: bf7c407c2cedff20999df2af8eb42d56 -> 
========================================================================
Received Prepare
Registering precompiled user dll's ...
Registered in 0.003902 seconds.
Begin MonoManager ReloadAssembly
Symbol file LoadedFromMemory doesn't match image C:\Users\guddn\GitPro\PracticeRepo\RPGproj\Library\PackageCache\com.unity.visualscripting@1.7.8\Editor\VisualScripting.Core\Dependencies\YamlDotNet\Unity.VisualScripting.YamlDotNet.dll
Symbol file LoadedFromMemory doesn't match image C:\Users\guddn\GitPro\PracticeRepo\RPGproj\Library\PackageCache\com.unity.visualscripting@1.7.8\Editor\VisualScripting.Core\Dependencies\DotNetZip\Unity.VisualScripting.IonicZip.dll
Native extension for WindowsStandalone target not found
Native extension for WebGL target not found
Refreshing native plugins compatible for Editor in 0.73 ms, found 3 plugins.
Preloading 0 native plugins for Editor in 0.00 ms.
Mono: successfully reloaded assembly
- Completed reload, in  0.985 seconds
Domain Reload Profiling:
	ReloadAssembly (986ms)
		BeginReloadAssembly (137ms)
			ExecutionOrderSort (0ms)
			DisableScriptedObjects (6ms)
			BackupInstance (0ms)
			ReleaseScriptingObjects (0ms)
			CreateAndSetChildDomain (52ms)
		EndReloadAssembly (744ms)
			LoadAssemblies (71ms)
			RebuildTransferFunctionScriptingTraits (0ms)
			SetupTypeCache (202ms)
			ReleaseScriptCaches (1ms)
			RebuildScriptCaches (73ms)
			SetupLoadedEditorAssemblies (301ms)
				LogAssemblyErrors (0ms)
				InitializePlatformSupportModulesInManaged (20ms)
				SetLoadedEditorAssemblies (1ms)
				RefreshPlugins (1ms)
				BeforeProcessingInitializeOnLoad (57ms)
				ProcessInitializeOnLoadAttributes (196ms)
				ProcessInitializeOnLoadMethodAttributes (22ms)
				AfterProcessingInitializeOnLoad (4ms)
				EditorAssembliesLoaded (0ms)
			ExecutionOrderSort2 (0ms)
			AwakeInstancesAfterBackupRestoration (4ms)
Platform modules already initialized, skipping
Refreshing native plugins compatible for Editor in 1.33 ms, found 3 plugins.
Preloading 0 native plugins for Editor in 0.00 ms.
Unloading 3297 Unused Serialized files (Serialized files now loaded: 0)
Unloading 31 unused Assets / (0.7 MB). Loaded Objects now: 3791.
Memory consumption went from 119.6 MB to 118.9 MB.
Total: 3.159200 ms (FindLiveObjects: 0.235200 ms CreateObjectMapping: 0.111100 ms MarkObjects: 2.548300 ms  DeleteObjects: 0.263400 ms)

AssetImportParameters requested are different than current active one (requested -> active):
  custom:video-decoder-ogg-theora: a1e56fd34408186e4bbccfd4996cb3dc -> 
  custom:container-muxer-webm: aa71ff27fc2769a1b78a27578f13a17b -> 
  custom:container-demuxer-webm: 4f35f7cbe854078d1ac9338744f61a02 -> 
  custom:video-encoder-webm-vp8: eb34c28f22e8b96e1ab97ce403110664 -> 
  custom:video-codec-MediaFoundation-h265: 746d11721c4dcdbdad8f713fa42b33f4 -> 
  custom:audio-encoder-webm-vorbis: bf7c407c2cedff20999df2af8eb42d56 -> 
  custom:framework-win-MediaFoundation: 216162199b28c13a410421893ffa2e32 -> 
  custom:container-demuxer-ogg: 62fdf1f143b41e24485cea50d1cbac27 -> 
  custom:video-decoder-webm-vp8: 9c59270c3fd7afecdb556c50c9e8de78 -> 
  custom:audio-decoder-ogg-vorbis: bf7c407c2cedff20999df2af8eb42d56 -> 
========================================================================
Received Import Request.
  Time since last request: 7181.798627 seconds.
  path: Assets/TextMesh Pro/Resources/Fonts & Materials/LiberationSans SDF - Fallback.asset
  artifactKey: Guid(2e498d1c8094910479dc3e1b768306a4) Importer(815301076,1909f56bfc062723c751e8b465ee728b)
Start importing Assets/TextMesh Pro/Resources/Fonts & Materials/LiberationSans SDF - Fallback.asset using Guid(2e498d1c8094910479dc3e1b768306a4) Importer(815301076,1909f56bfc062723c751e8b465ee728b)  -> (artifact id: '0138cb4aa5841fa638db31bc22925da3') in 0.304279 seconds 
========================================================================
Received Prepare
Registering precompiled user dll's ...
Registered in 0.004419 seconds.
Begin MonoManager ReloadAssembly
Symbol file LoadedFromMemory doesn't match image C:\Users\guddn\GitPro\PracticeRepo\RPGproj\Library\PackageCache\com.unity.visualscripting@1.7.8\Editor\VisualScripting.Core\Dependencies\YamlDotNet\Unity.VisualScripting.YamlDotNet.dll
Symbol file LoadedFromMemory doesn't match image C:\Users\guddn\GitPro\PracticeRepo\RPGproj\Library\PackageCache\com.unity.visualscripting@1.7.8\Editor\VisualScripting.Core\Dependencies\DotNetZip\Unity.VisualScripting.IonicZip.dll
Native extension for WindowsStandalone target not found
Native extension for WebGL target not found
Refreshing native plugins compatible for Editor in 0.49 ms, found 3 plugins.
Preloading 0 native plugins for Editor in 0.00 ms.
Mono: successfully reloaded assembly
- Completed reload, in  0.781 seconds
Domain Reload Profiling:
	ReloadAssembly (782ms)
		BeginReloadAssembly (134ms)
			ExecutionOrderSort (0ms)
			DisableScriptedObjects (5ms)
			BackupInstance (0ms)
			ReleaseScriptingObjects (0ms)
			CreateAndSetChildDomain (38ms)
		EndReloadAssembly (558ms)
			LoadAssemblies (76ms)
			RebuildTransferFunctionScriptingTraits (0ms)
			SetupTypeCache (172ms)
			ReleaseScriptCaches (1ms)
			RebuildScriptCaches (35ms)
			SetupLoadedEditorAssemblies (255ms)
				LogAssemblyErrors (0ms)
				InitializePlatformSupportModulesInManaged (10ms)
				SetLoadedEditorAssemblies (0ms)
				RefreshPlugins (1ms)
				BeforeProcessingInitializeOnLoad (51ms)
				ProcessInitializeOnLoadAttributes (166ms)
				ProcessInitializeOnLoadMethodAttributes (23ms)
				AfterProcessingInitializeOnLoad (4ms)
				EditorAssembliesLoaded (0ms)
			ExecutionOrderSort2 (0ms)
			AwakeInstancesAfterBackupRestoration (6ms)
Platform modules already initialized, skipping
Refreshing native plugins compatible for Editor in 1.35 ms, found 3 plugins.
Preloading 0 native plugins for Editor in 0.00 ms.
Unloading 3297 Unused Serialized files (Serialized files now loaded: 0)
Unloading 30 unused Assets / (0.7 MB). Loaded Objects now: 3835.
Memory consumption went from 119.9 MB to 119.2 MB.
Total: 4.470200 ms (FindLiveObjects: 0.345200 ms CreateObjectMapping: 0.148700 ms MarkObjects: 3.607200 ms  DeleteObjects: 0.367000 ms)

AssetImportParameters requested are different than current active one (requested -> active):
  custom:video-decoder-ogg-theora: a1e56fd34408186e4bbccfd4996cb3dc -> 
  custom:container-muxer-webm: aa71ff27fc2769a1b78a27578f13a17b -> 
  custom:container-demuxer-webm: 4f35f7cbe854078d1ac9338744f61a02 -> 
  custom:video-encoder-webm-vp8: eb34c28f22e8b96e1ab97ce403110664 -> 
  custom:video-codec-MediaFoundation-h265: 746d11721c4dcdbdad8f713fa42b33f4 -> 
  custom:audio-encoder-webm-vorbis: bf7c407c2cedff20999df2af8eb42d56 -> 
  custom:framework-win-MediaFoundation: 216162199b28c13a410421893ffa2e32 -> 
  custom:container-demuxer-ogg: 62fdf1f143b41e24485cea50d1cbac27 -> 
  custom:video-decoder-webm-vp8: 9c59270c3fd7afecdb556c50c9e8de78 -> 
  custom:audio-decoder-ogg-vorbis: bf7c407c2cedff20999df2af8eb42d56 -> 
========================================================================
Received Prepare
Registering precompiled user dll's ...
Registered in 0.006854 seconds.
Begin MonoManager ReloadAssembly
Symbol file LoadedFromMemory doesn't match image C:\Users\guddn\GitPro\PracticeRepo\RPGproj\Library\PackageCache\com.unity.visualscripting@1.7.8\Editor\VisualScripting.Core\Dependencies\YamlDotNet\Unity.VisualScripting.YamlDotNet.dll
Symbol file LoadedFromMemory doesn't match image C:\Users\guddn\GitPro\PracticeRepo\RPGproj\Library\PackageCache\com.unity.visualscripting@1.7.8\Editor\VisualScripting.Core\Dependencies\DotNetZip\Unity.VisualScripting.IonicZip.dll
Native extension for WindowsStandalone target not found
Native extension for WebGL target not found
Refreshing native plugins compatible for Editor in 0.93 ms, found 3 plugins.
Preloading 0 native plugins for Editor in 0.00 ms.
Mono: successfully reloaded assembly
- Completed reload, in  1.972 seconds
Domain Reload Profiling:
	ReloadAssembly (1974ms)
		BeginReloadAssembly (266ms)
			ExecutionOrderSort (0ms)
			DisableScriptedObjects (11ms)
			BackupInstance (0ms)
			ReleaseScriptingObjects (0ms)
			CreateAndSetChildDomain (70ms)
		EndReloadAssembly (1388ms)
			LoadAssemblies (238ms)
			RebuildTransferFunctionScriptingTraits (0ms)
			SetupTypeCache (358ms)
			ReleaseScriptCaches (2ms)
			RebuildScriptCaches (73ms)
			SetupLoadedEditorAssemblies (655ms)
				LogAssemblyErrors (0ms)
				InitializePlatformSupportModulesInManaged (19ms)
				SetLoadedEditorAssemblies (1ms)
				RefreshPlugins (1ms)
				BeforeProcessingInitializeOnLoad (112ms)
				ProcessInitializeOnLoadAttributes (409ms)
				ProcessInitializeOnLoadMethodAttributes (97ms)
				AfterProcessingInitializeOnLoad (16ms)
				EditorAssembliesLoaded (1ms)
			ExecutionOrderSort2 (0ms)
			AwakeInstancesAfterBackupRestoration (13ms)
Platform modules already initialized, skipping
Refreshing native plugins compatible for Editor in 1.27 ms, found 3 plugins.
Preloading 0 native plugins for Editor in 0.00 ms.
Unloading 3296 Unused Serialized files (Serialized files now loaded: 0)
Unloading 30 unused Assets / (0.7 MB). Loaded Objects now: 3838.
Memory consumption went from 119.8 MB to 119.2 MB.
Total: 2.883900 ms (FindLiveObjects: 0.213400 ms CreateObjectMapping: 0.104500 ms MarkObjects: 2.217200 ms  DeleteObjects: 0.347000 ms)

AssetImportParameters requested are different than current active one (requested -> active):
  custom:video-decoder-ogg-theora: a1e56fd34408186e4bbccfd4996cb3dc -> 
  custom:container-muxer-webm: aa71ff27fc2769a1b78a27578f13a17b -> 
  custom:container-demuxer-webm: 4f35f7cbe854078d1ac9338744f61a02 -> 
  custom:video-encoder-webm-vp8: eb34c28f22e8b96e1ab97ce403110664 -> 
  custom:video-codec-MediaFoundation-h265: 746d11721c4dcdbdad8f713fa42b33f4 -> 
  custom:audio-encoder-webm-vorbis: bf7c407c2cedff20999df2af8eb42d56 -> 
  custom:framework-win-MediaFoundation: 216162199b28c13a410421893ffa2e32 -> 
  custom:container-demuxer-ogg: 62fdf1f143b41e24485cea50d1cbac27 -> 
  custom:video-decoder-webm-vp8: 9c59270c3fd7afecdb556c50c9e8de78 -> 
  custom:audio-decoder-ogg-vorbis: bf7c407c2cedff20999df2af8eb42d56 -> 
========================================================================
Received Import Request.
  Time since last request: 3636.611398 seconds.
  path: Assets/Nature_pixel_art_assets/Nature_tiles_01/nature_environment_01_1.asset
  artifactKey: Guid(f89e0e4d00dd9ff4a82ac37553eb9157) Importer(815301076,1909f56bfc062723c751e8b465ee728b)
Start importing Assets/Nature_pixel_art_assets/Nature_tiles_01/nature_environment_01_1.asset using Guid(f89e0e4d00dd9ff4a82ac37553eb9157) Importer(815301076,1909f56bfc062723c751e8b465ee728b)  -> (artifact id: '096085c8434bfda9fbd0888e56d2a0bf') in 0.085415 seconds 
========================================================================
Received Import Request.
  Time since last request: 0.000038 seconds.
  path: Assets/Nature_pixel_art_assets/Nature_tiles_01/nature_environment_01_17.asset
  artifactKey: Guid(d939e9364e24b0442a063db3b1bd1057) Importer(815301076,1909f56bfc062723c751e8b465ee728b)
Start importing Assets/Nature_pixel_art_assets/Nature_tiles_01/nature_environment_01_17.asset using Guid(d939e9364e24b0442a063db3b1bd1057) Importer(815301076,1909f56bfc062723c751e8b465ee728b)  -> (artifact id: 'fec42b08d03148238dfad170a6c0e768') in 0.035382 seconds 
========================================================================
Received Import Request.
  Time since last request: 0.000057 seconds.
  path: Assets/Nature_pixel_art_assets/Nature_tiles_01/nature_environment_01_21.asset
  artifactKey: Guid(1ee469289045b9d429f71472649a16d6) Importer(815301076,1909f56bfc062723c751e8b465ee728b)
Start importing Assets/Nature_pixel_art_assets/Nature_tiles_01/nature_environment_01_21.asset using Guid(1ee469289045b9d429f71472649a16d6) Importer(815301076,1909f56bfc062723c751e8b465ee728b)  -> (artifact id: '8b2e636f0e4c567b160102a46c394c95') in 0.019745 seconds 
========================================================================
Received Import Request.
  Time since last request: 0.000052 seconds.
  path: Assets/Nature_pixel_art_assets/Nature_tiles_01/nature_environment_01_22.asset
  artifactKey: Guid(4c2297356eeba364aa3866935a512bba) Importer(815301076,1909f56bfc062723c751e8b465ee728b)
Start importing Assets/Nature_pixel_art_assets/Nature_tiles_01/nature_environment_01_22.asset using Guid(4c2297356eeba364aa3866935a512bba) Importer(815301076,1909f56bfc062723c751e8b465ee728b)  -> (artifact id: 'c82e61a28d52b3b4c6adf96e8d5fac15') in 0.018365 seconds 
========================================================================
Received Import Request.
  Time since last request: 0.000048 seconds.
  path: Assets/Nature_pixel_art_assets/Nature_tiles_01/nature_environment_01_18.asset
  artifactKey: Guid(9250ce762feee7641bc2af386078e025) Importer(815301076,1909f56bfc062723c751e8b465ee728b)
Start importing Assets/Nature_pixel_art_assets/Nature_tiles_01/nature_environment_01_18.asset using Guid(9250ce762feee7641bc2af386078e025) Importer(815301076,1909f56bfc062723c751e8b465ee728b)  -> (artifact id: '04f894f492b45778129443ada3cb8d34') in 0.024867 seconds 
========================================================================
Received Import Request.
  Time since last request: 0.000028 seconds.
  path: Assets/Nature_pixel_art_assets/Nature_tiles_01/nature_environment_01_44.asset
  artifactKey: Guid(e7107401309ba754e8dfeffd3a10fa0b) Importer(815301076,1909f56bfc062723c751e8b465ee728b)
Start importing Assets/Nature_pixel_art_assets/Nature_tiles_01/nature_environment_01_44.asset using Guid(e7107401309ba754e8dfeffd3a10fa0b) Importer(815301076,1909f56bfc062723c751e8b465ee728b)  -> (artifact id: 'aed1058b54932c794d2bc52539b61505') in 0.024905 seconds 
========================================================================
Received Import Request.
  Time since last request: 0.000026 seconds.
  path: Assets/Nature_pixel_art_assets/Nature_tiles_01/nature_environment_01_8.asset
  artifactKey: Guid(1c4046e470f8fe04fb25cbdc443ffb7a) Importer(815301076,1909f56bfc062723c751e8b465ee728b)
Start importing Assets/Nature_pixel_art_assets/Nature_tiles_01/nature_environment_01_8.asset using Guid(1c4046e470f8fe04fb25cbdc443ffb7a) Importer(815301076,1909f56bfc062723c751e8b465ee728b)  -> (artifact id: '2bd2b8dc86c151afc6bd853541a867dc') in 0.024647 seconds 
========================================================================
Received Import Request.
  Time since last request: 0.000051 seconds.
  path: Assets/Nature_pixel_art_assets/Nature_tiles_01/nature_environment_01_28.asset
  artifactKey: Guid(6967eb696fdf710419c01d1cecbe402b) Importer(815301076,1909f56bfc062723c751e8b465ee728b)
Start importing Assets/Nature_pixel_art_assets/Nature_tiles_01/nature_environment_01_28.asset using Guid(6967eb696fdf710419c01d1cecbe402b) Importer(815301076,1909f56bfc062723c751e8b465ee728b)  -> (artifact id: 'ebd2720ff0b166f7dc44af254bd30fcc') in 0.022434 seconds 
========================================================================
Received Import Request.
  Time since last request: 0.001944 seconds.
  path: Assets/Nature_pixel_art_assets/Nature_tiles_01/nature_environment_01_9.asset
  artifactKey: Guid(a52b44c5cb2213f46a274bf1b336bf94) Importer(815301076,1909f56bfc062723c751e8b465ee728b)
Start importing Assets/Nature_pixel_art_assets/Nature_tiles_01/nature_environment_01_9.asset using Guid(a52b44c5cb2213f46a274bf1b336bf94) Importer(815301076,1909f56bfc062723c751e8b465ee728b)  -> (artifact id: '6d0148715bcb95ad6843fcbe7f77b14f') in 0.016188 seconds 
========================================================================
Received Import Request.
  Time since last request: 0.000042 seconds.
  path: Assets/Nature_pixel_art_assets/Nature_tiles_01/nature_environment_01_14.asset
  artifactKey: Guid(58bf6fe499c773148835b1317df47e43) Importer(815301076,1909f56bfc062723c751e8b465ee728b)
Start importing Assets/Nature_pixel_art_assets/Nature_tiles_01/nature_environment_01_14.asset using Guid(58bf6fe499c773148835b1317df47e43) Importer(815301076,1909f56bfc062723c751e8b465ee728b)  -> (artifact id: '4f5010b6cada55d694b260ff36767122') in 0.023666 seconds 
========================================================================
Received Import Request.
  Time since last request: 0.000040 seconds.
  path: Assets/Nature_pixel_art_assets/Nature_tiles_01/nature_environment_01_43.asset
  artifactKey: Guid(a007b63f9d7900648b256cb0401ffd91) Importer(815301076,1909f56bfc062723c751e8b465ee728b)
Start importing Assets/Nature_pixel_art_assets/Nature_tiles_01/nature_environment_01_43.asset using Guid(a007b63f9d7900648b256cb0401ffd91) Importer(815301076,1909f56bfc062723c751e8b465ee728b)  -> (artifact id: '63616baf9f215bdfbbd056269e6a8724') in 0.020651 seconds 
========================================================================
Received Import Request.
  Time since last request: 0.000051 seconds.
  path: Assets/Nature_pixel_art_assets/Nature_tiles_01/nature_environment_01_27.asset
  artifactKey: Guid(1188a738561c64a4b841a0999be173b0) Importer(815301076,1909f56bfc062723c751e8b465ee728b)
Start importing Assets/Nature_pixel_art_assets/Nature_tiles_01/nature_environment_01_27.asset using Guid(1188a738561c64a4b841a0999be173b0) Importer(815301076,1909f56bfc062723c751e8b465ee728b)  -> (artifact id: '2954f82ad002123e2e0db65032e98327') in 0.017989 seconds 
========================================================================
Received Import Request.
  Time since last request: 0.000035 seconds.
  path: Assets/Nature_pixel_art_assets/Nature_tiles_01/nature_environment_01_5.asset
  artifactKey: Guid(1f87f1348aa25d64eb87728054a5a7cb) Importer(815301076,1909f56bfc062723c751e8b465ee728b)
Start importing Assets/Nature_pixel_art_assets/Nature_tiles_01/nature_environment_01_5.asset using Guid(1f87f1348aa25d64eb87728054a5a7cb) Importer(815301076,1909f56bfc062723c751e8b465ee728b)  -> (artifact id: 'afad916a0daa53ad71f0265f25cabfb6') in 0.027206 seconds 
========================================================================
Received Import Request.
  Time since last request: 0.000044 seconds.
  path: Assets/Nature_pixel_art_assets/Nature_tiles_01/nature_environment_01_24.asset
  artifactKey: Guid(f580e8ca563a1424b9277f875e0d2f80) Importer(815301076,1909f56bfc062723c751e8b465ee728b)
Start importing Assets/Nature_pixel_art_assets/Nature_tiles_01/nature_environment_01_24.asset using Guid(f580e8ca563a1424b9277f875e0d2f80) Importer(815301076,1909f56bfc062723c751e8b465ee728b)  -> (artifact id: '64037c560219ff0c979286cadad4fafc') in 0.026945 seconds 
========================================================================
Received Import Request.
  Time since last request: 0.000033 seconds.
  path: Assets/Nature_pixel_art_assets/Nature_tiles_01/nature_environment_01_2.asset
  artifactKey: Guid(9ea4d1f38d1648348aac4c7be6c6fdad) Importer(815301076,1909f56bfc062723c751e8b465ee728b)
Start importing Assets/Nature_pixel_art_assets/Nature_tiles_01/nature_environment_01_2.asset using Guid(9ea4d1f38d1648348aac4c7be6c6fdad) Importer(815301076,1909f56bfc062723c751e8b465ee728b)  -> (artifact id: '00251ce6d7b5eae8dfb7f1f999a0d8bc') in 0.026181 seconds 
========================================================================
Received Import Request.
  Time since last request: 0.000030 seconds.
  path: Assets/Nature_pixel_art_assets/Nature_tiles_01/nature_environment_01_33.asset
  artifactKey: Guid(172d08bcb53dccf42bb2c64bbb58474b) Importer(815301076,1909f56bfc062723c751e8b465ee728b)
Start importing Assets/Nature_pixel_art_assets/Nature_tiles_01/nature_environment_01_33.asset using Guid(172d08bcb53dccf42bb2c64bbb58474b) Importer(815301076,1909f56bfc062723c751e8b465ee728b)  -> (artifact id: '51846b46ddb99bd132fd9a30e0545190') in 0.023107 seconds 
========================================================================
Received Import Request.
  Time since last request: 0.000037 seconds.
  path: Assets/Nature_pixel_art_assets/Nature_tiles_01/nature_environment_01_37.asset
  artifactKey: Guid(d105ef3629de8b2469b1b4815ca5fbfa) Importer(815301076,1909f56bfc062723c751e8b465ee728b)
Start importing Assets/Nature_pixel_art_assets/Nature_tiles_01/nature_environment_01_37.asset using Guid(d105ef3629de8b2469b1b4815ca5fbfa) Importer(815301076,1909f56bfc062723c751e8b465ee728b)  -> (artifact id: '007b3d01b80d90d578ef025aa6eca94b') in 0.022759 seconds 
========================================================================
Received Import Request.
  Time since last request: 0.000032 seconds.
  path: Assets/Nature_pixel_art_assets/Nature_tiles_01/nature_environment_01_23.asset
  artifactKey: Guid(90daa546f7822124ebece44e698a9db9) Importer(815301076,1909f56bfc062723c751e8b465ee728b)
Start importing Assets/Nature_pixel_art_assets/Nature_tiles_01/nature_environment_01_23.asset using Guid(90daa546f7822124ebece44e698a9db9) Importer(815301076,1909f56bfc062723c751e8b465ee728b)  -> (artifact id: '5ae3c56e8e5397bd7a5dc2f763f40cad') in 0.026982 seconds 
========================================================================
Received Import Request.
  Time since last request: 0.000057 seconds.
  path: Assets/Nature_pixel_art_assets/Nature_tiles_01/nature_environment_01_13.asset
  artifactKey: Guid(35778d0f47fa3b04db869da7e2cd3e6d) Importer(815301076,1909f56bfc062723c751e8b465ee728b)
Start importing Assets/Nature_pixel_art_assets/Nature_tiles_01/nature_environment_01_13.asset using Guid(35778d0f47fa3b04db869da7e2cd3e6d) Importer(815301076,1909f56bfc062723c751e8b465ee728b)  -> (artifact id: 'e268d13e10a5d042acbd2f854065daea') in 0.031132 seconds 
========================================================================
Received Import Request.
  Time since last request: 0.000045 seconds.
  path: Assets/Nature_pixel_art_assets/Nature_tiles_01/nature_environment_01_39.asset
  artifactKey: Guid(570068a36440d9843bdbbab8b5a35f0d) Importer(815301076,1909f56bfc062723c751e8b465ee728b)
Start importing Assets/Nature_pixel_art_assets/Nature_tiles_01/nature_environment_01_39.asset using Guid(570068a36440d9843bdbbab8b5a35f0d) Importer(815301076,1909f56bfc062723c751e8b465ee728b)  -> (artifact id: 'b2996bf8671f687b81c2c38bebc1477d') in 0.017886 seconds 
========================================================================
Received Import Request.
  Time since last request: 0.000023 seconds.
  path: Assets/Nature_pixel_art_assets/Nature_tiles_01/nature_environment_01_38.asset
  artifactKey: Guid(96ff7485d27efed49b137a40bbb7216d) Importer(815301076,1909f56bfc062723c751e8b465ee728b)
Start importing Assets/Nature_pixel_art_assets/Nature_tiles_01/nature_environment_01_38.asset using Guid(96ff7485d27efed49b137a40bbb7216d) Importer(815301076,1909f56bfc062723c751e8b465ee728b)  -> (artifact id: '6122eb3fc4984cc6decabbbfe991db95') in 0.013030 seconds 
========================================================================
Received Import Request.
  Time since last request: 0.000032 seconds.
  path: Assets/Nature_pixel_art_assets/Nature_tiles_01/nature_environment_01_45.asset
  artifactKey: Guid(d6f348fcc415f09449722f37c91aaab9) Importer(815301076,1909f56bfc062723c751e8b465ee728b)
Start importing Assets/Nature_pixel_art_assets/Nature_tiles_01/nature_environment_01_45.asset using Guid(d6f348fcc415f09449722f37c91aaab9) Importer(815301076,1909f56bfc062723c751e8b465ee728b)  -> (artifact id: 'a3678c697a9f5aa9de185fb3f81b95b4') in 0.016504 seconds 
========================================================================
Received Import Request.
  Time since last request: 0.000033 seconds.
  path: Assets/Nature_pixel_art_assets/Nature_tiles_01/nature_environment_01_34.asset
  artifactKey: Guid(943edf6edf7062047a1fae5c71364c92) Importer(815301076,1909f56bfc062723c751e8b465ee728b)
Start importing Assets/Nature_pixel_art_assets/Nature_tiles_01/nature_environment_01_34.asset using Guid(943edf6edf7062047a1fae5c71364c92) Importer(815301076,1909f56bfc062723c751e8b465ee728b)  -> (artifact id: 'c808be71c8a2323535e14dec1bff9e3c') in 0.020341 seconds 
========================================================================
Received Import Request.
  Time since last request: 4.233294 seconds.
  path: Assets/Nature_pixel_art_assets/Nature_tiles_01/nature_environment_01_47.asset
  artifactKey: Guid(9d089f408eb9f7c4e8c1d55f66239dbd) Importer(815301076,1909f56bfc062723c751e8b465ee728b)
Start importing Assets/Nature_pixel_art_assets/Nature_tiles_01/nature_environment_01_47.asset using Guid(9d089f408eb9f7c4e8c1d55f66239dbd) Importer(815301076,1909f56bfc062723c751e8b465ee728b)  -> (artifact id: 'a9f4e0763f2a6ad9b8d02f6fd3a53692') in 0.020067 seconds 
========================================================================
Received Import Request.
  Time since last request: 0.000035 seconds.
  path: Assets/Nature_pixel_art_assets/Nature_tiles_01/nature_environment_01_54.asset
  artifactKey: Guid(c0c1050b2504e604ab7bede02243e601) Importer(815301076,1909f56bfc062723c751e8b465ee728b)
Start importing Assets/Nature_pixel_art_assets/Nature_tiles_01/nature_environment_01_54.asset using Guid(c0c1050b2504e604ab7bede02243e601) Importer(815301076,1909f56bfc062723c751e8b465ee728b)  -> (artifact id: '20d2886c80f69975ee019dd67dc5aacf') in 0.017084 seconds 
========================================================================
Received Import Request.
  Time since last request: 0.000032 seconds.
  path: Assets/Nature_pixel_art_assets/Nature_tiles_01/nature_environment_01_60.asset
  artifactKey: Guid(0dbe66b83d5b278498715179f8f5a55c) Importer(815301076,1909f56bfc062723c751e8b465ee728b)
Start importing Assets/Nature_pixel_art_assets/Nature_tiles_01/nature_environment_01_60.asset using Guid(0dbe66b83d5b278498715179f8f5a55c) Importer(815301076,1909f56bfc062723c751e8b465ee728b)  -> (artifact id: 'aa1ed13dfdc022efbd61e3e4ef9513b3') in 0.012879 seconds 
========================================================================
Received Import Request.
  Time since last request: 0.000025 seconds.
  path: Assets/Nature_pixel_art_assets/Nature_tiles_01/nature_environment_01_48.asset
  artifactKey: Guid(a8b248f8091ec9a4385f9c64c5a99333) Importer(815301076,1909f56bfc062723c751e8b465ee728b)
Start importing Assets/Nature_pixel_art_assets/Nature_tiles_01/nature_environment_01_48.asset using Guid(a8b248f8091ec9a4385f9c64c5a99333) Importer(815301076,1909f56bfc062723c751e8b465ee728b)  -> (artifact id: 'e83accd4d0bed58687b48e888b8327e0') in 0.013338 seconds 
========================================================================
Received Import Request.
  Time since last request: 0.000024 seconds.
  path: Assets/Nature_pixel_art_assets/Nature_tiles_01/nature_environment_01_57.asset
  artifactKey: Guid(6d624f23e124ff044b7cd77cbe30a9ea) Importer(815301076,1909f56bfc062723c751e8b465ee728b)
Start importing Assets/Nature_pixel_art_assets/Nature_tiles_01/nature_environment_01_57.asset using Guid(6d624f23e124ff044b7cd77cbe30a9ea) Importer(815301076,1909f56bfc062723c751e8b465ee728b)  -> (artifact id: 'c48c30c97cb3ac07d7aa8144684a85fe') in 0.034629 seconds 
========================================================================
Received Import Request.
  Time since last request: 0.000067 seconds.
  path: Assets/Nature_pixel_art_assets/Nature_tiles_01/nature_environment_01_58.asset
  artifactKey: Guid(dda74bf3b6f8975449c615434310cbac) Importer(815301076,1909f56bfc062723c751e8b465ee728b)
Start importing Assets/Nature_pixel_art_assets/Nature_tiles_01/nature_environment_01_58.asset using Guid(dda74bf3b6f8975449c615434310cbac) Importer(815301076,1909f56bfc062723c751e8b465ee728b)  -> (artifact id: 'c4e0d25f3c0353dfff4a8d17444e9589') in 0.027103 seconds 
========================================================================
Received Import Request.
  Time since last request: 0.000054 seconds.
  path: Assets/Nature_pixel_art_assets/Nature_tiles_01/nature_environment_01_51.asset
  artifactKey: Guid(13d9a81a886b2214ab5dc4c62dc9605c) Importer(815301076,1909f56bfc062723c751e8b465ee728b)
Start importing Assets/Nature_pixel_art_assets/Nature_tiles_01/nature_environment_01_51.asset using Guid(13d9a81a886b2214ab5dc4c62dc9605c) Importer(815301076,1909f56bfc062723c751e8b465ee728b)  -> (artifact id: '97367430ea9881a0ffe71b189b4cfba8') in 0.018507 seconds 
========================================================================
Received Import Request.
  Time since last request: 0.000040 seconds.
  path: Assets/Nature_pixel_art_assets/Nature_tiles_01/nature_environment_01_50.asset
  artifactKey: Guid(2e6a5213fa20e064ba85db2802d863e6) Importer(815301076,1909f56bfc062723c751e8b465ee728b)
Start importing Assets/Nature_pixel_art_assets/Nature_tiles_01/nature_environment_01_50.asset using Guid(2e6a5213fa20e064ba85db2802d863e6) Importer(815301076,1909f56bfc062723c751e8b465ee728b)  -> (artifact id: '33fa8094921b67a8ee400ef70209fbc4') in 0.018896 seconds 
========================================================================
Received Import Request.
  Time since last request: 0.614943 seconds.
  path: Assets/Nature_pixel_art_assets/Nature_tiles_01/nature_environment_01_63.asset
  artifactKey: Guid(cd736c9958b9f87439bfad4ed2cf5036) Importer(815301076,1909f56bfc062723c751e8b465ee728b)
Start importing Assets/Nature_pixel_art_assets/Nature_tiles_01/nature_environment_01_63.asset using Guid(cd736c9958b9f87439bfad4ed2cf5036) Importer(815301076,1909f56bfc062723c751e8b465ee728b)  -> (artifact id: '88216123a5bd0999583185768cb2f84f') in 0.011817 seconds 
========================================================================
Received Import Request.
  Time since last request: 0.000027 seconds.
  path: Assets/Nature_pixel_art_assets/Nature_tiles_01/nature_environment_01_65.asset
  artifactKey: Guid(569bb8e460cc74b40be4f02ef69b7d05) Importer(815301076,1909f56bfc062723c751e8b465ee728b)
Start importing Assets/Nature_pixel_art_assets/Nature_tiles_01/nature_environment_01_65.asset using Guid(569bb8e460cc74b40be4f02ef69b7d05) Importer(815301076,1909f56bfc062723c751e8b465ee728b)  -> (artifact id: 'd77abf1a77ec8140a98b8b38ccc22095') in 0.025816 seconds 
========================================================================
Received Import Request.
  Time since last request: 0.000031 seconds.
  path: Assets/Nature_pixel_art_assets/Nature_tiles_01/nature_environment_01_69.asset
  artifactKey: Guid(08d4af808d8a163479b9612e39e0d755) Importer(815301076,1909f56bfc062723c751e8b465ee728b)
Start importing Assets/Nature_pixel_art_assets/Nature_tiles_01/nature_environment_01_69.asset using Guid(08d4af808d8a163479b9612e39e0d755) Importer(815301076,1909f56bfc062723c751e8b465ee728b)  -> (artifact id: 'dd9a025a27e89d06f5018b8e30faf9db') in 0.025032 seconds 
========================================================================
Received Import Request.
  Time since last request: 0.000052 seconds.
  path: Assets/Nature_pixel_art_assets/Nature_tiles_01/nature_environment_01_81.asset
  artifactKey: Guid(406c637693f853942b0596fd8988833b) Importer(815301076,1909f56bfc062723c751e8b465ee728b)
Start importing Assets/Nature_pixel_art_assets/Nature_tiles_01/nature_environment_01_81.asset using Guid(406c637693f853942b0596fd8988833b) Importer(815301076,1909f56bfc062723c751e8b465ee728b)  -> (artifact id: 'f76d18fac5c0898c3848f565d5fb910e') in 0.026721 seconds 
========================================================================
Received Import Request.
  Time since last request: 0.000030 seconds.
  path: Assets/Nature_pixel_art_assets/Nature_tiles_01/nature_environment_01_79.asset
  artifactKey: Guid(de0d062a9feec324ea214c79c87dac10) Importer(815301076,1909f56bfc062723c751e8b465ee728b)
Start importing Assets/Nature_pixel_art_assets/Nature_tiles_01/nature_environment_01_79.asset using Guid(de0d062a9feec324ea214c79c87dac10) Importer(815301076,1909f56bfc062723c751e8b465ee728b)  -> (artifact id: 'ddeb031c301ddd33542802d6fd515277') in 0.024968 seconds 
========================================================================
Received Import Request.
  Time since last request: 0.000025 seconds.
  path: Assets/Nature_pixel_art_assets/Nature_tiles_01/nature_environment_01_89.asset
  artifactKey: Guid(d10cb8e86707da546abe3de7550ce43f) Importer(815301076,1909f56bfc062723c751e8b465ee728b)
Start importing Assets/Nature_pixel_art_assets/Nature_tiles_01/nature_environment_01_89.asset using Guid(d10cb8e86707da546abe3de7550ce43f) Importer(815301076,1909f56bfc062723c751e8b465ee728b)  -> (artifact id: '5fd7b977bfd6a5f8490ab2fbcd35cd34') in 0.024998 seconds 
========================================================================
Received Import Request.
  Time since last request: 0.000022 seconds.
  path: Assets/Nature_pixel_art_assets/Nature_tiles_01/nature_environment_01_70.asset
  artifactKey: Guid(13a69d7aaa385ca49b6063d10d80170d) Importer(815301076,1909f56bfc062723c751e8b465ee728b)
Start importing Assets/Nature_pixel_art_assets/Nature_tiles_01/nature_environment_01_70.asset using Guid(13a69d7aaa385ca49b6063d10d80170d) Importer(815301076,1909f56bfc062723c751e8b465ee728b)  -> (artifact id: '78108679697fcda061d769389151a285') in 0.026791 seconds 
========================================================================
Received Import Request.
  Time since last request: 0.000049 seconds.
  path: Assets/Nature_pixel_art_assets/Nature_tiles_01/nature_environment_01_86.asset
  artifactKey: Guid(40c151df02ed0394e887ff8ad3c479fc) Importer(815301076,1909f56bfc062723c751e8b465ee728b)
Start importing Assets/Nature_pixel_art_assets/Nature_tiles_01/nature_environment_01_86.asset using Guid(40c151df02ed0394e887ff8ad3c479fc) Importer(815301076,1909f56bfc062723c751e8b465ee728b)  -> (artifact id: 'd50e2090bb0b81649e48680313c782e8') in 0.025155 seconds 
========================================================================
Received Import Request.
  Time since last request: 0.000041 seconds.
  path: Assets/Nature_pixel_art_assets/Nature_tiles_01/nature_environment_01_80.asset
  artifactKey: Guid(8a1a96440416a2c449d0c2c4a5c9c006) Importer(815301076,1909f56bfc062723c751e8b465ee728b)
Start importing Assets/Nature_pixel_art_assets/Nature_tiles_01/nature_environment_01_80.asset using Guid(8a1a96440416a2c449d0c2c4a5c9c006) Importer(815301076,1909f56bfc062723c751e8b465ee728b)  -> (artifact id: '672ee2328d64416f88aec8e8dbe22b52') in 0.024966 seconds 
========================================================================
Received Import Request.
  Time since last request: 0.184392 seconds.
  path: Assets/Nature_pixel_art_assets/Nature_tiles_01/nature_environment_01_93.asset
  artifactKey: Guid(8685a598ee1720a498cabc525ea507f4) Importer(815301076,1909f56bfc062723c751e8b465ee728b)
Start importing Assets/Nature_pixel_art_assets/Nature_tiles_01/nature_environment_01_93.asset using Guid(8685a598ee1720a498cabc525ea507f4) Importer(815301076,1909f56bfc062723c751e8b465ee728b)  -> (artifact id: '3dcf4e59906ac7556099bd2541e3c2d4') in 0.019919 seconds 
========================================================================
Received Import Request.
  Time since last request: 0.000021 seconds.
  path: Assets/Nature_pixel_art_assets/Nature_tiles_01/nature_environment_01_103.asset
  artifactKey: Guid(bf7ffa76c81078e48b2e70c66a321ef5) Importer(815301076,1909f56bfc062723c751e8b465ee728b)
Start importing Assets/Nature_pixel_art_assets/Nature_tiles_01/nature_environment_01_103.asset using Guid(bf7ffa76c81078e48b2e70c66a321ef5) Importer(815301076,1909f56bfc062723c751e8b465ee728b)  -> (artifact id: 'a95618383f419b595f344d48402b1c93') in 0.028383 seconds 
========================================================================
Received Import Request.
  Time since last request: 0.000039 seconds.
  path: Assets/Nature_pixel_art_assets/Nature_tiles_01/nature_environment_01_104.asset
  artifactKey: Guid(11e23e56ed558be46987c2fa4baaadfa) Importer(815301076,1909f56bfc062723c751e8b465ee728b)
Start importing Assets/Nature_pixel_art_assets/Nature_tiles_01/nature_environment_01_104.asset using Guid(11e23e56ed558be46987c2fa4baaadfa) Importer(815301076,1909f56bfc062723c751e8b465ee728b)  -> (artifact id: 'ec73eb9a70523ed0e5d440f6b34db44d') in 0.035250 seconds 
========================================================================
Received Import Request.
  Time since last request: 0.000055 seconds.
  path: Assets/Nature_pixel_art_assets/Nature_tiles_01/nature_environment_01_119.asset
  artifactKey: Guid(b69e20423809eb24c9d678ad087523e9) Importer(815301076,1909f56bfc062723c751e8b465ee728b)
Start importing Assets/Nature_pixel_art_assets/Nature_tiles_01/nature_environment_01_119.asset using Guid(b69e20423809eb24c9d678ad087523e9) Importer(815301076,1909f56bfc062723c751e8b465ee728b)  -> (artifact id: 'ec4e4f04caead0d875af3d2c5a2c85a7') in 0.022652 seconds 
========================================================================
Received Import Request.
  Time since last request: 0.000022 seconds.
  path: Assets/Nature_pixel_art_assets/Nature_tiles_01/nature_environment_01_107.asset
  artifactKey: Guid(c3d13085ab3937f4a8dab8b6d21b7da6) Importer(815301076,1909f56bfc062723c751e8b465ee728b)
Start importing Assets/Nature_pixel_art_assets/Nature_tiles_01/nature_environment_01_107.asset using Guid(c3d13085ab3937f4a8dab8b6d21b7da6) Importer(815301076,1909f56bfc062723c751e8b465ee728b)  -> (artifact id: '857c0d321bd97ef00641d2435b4aeee4') in 0.044837 seconds 
========================================================================
Received Import Request.
  Time since last request: 0.000061 seconds.
  path: Assets/Nature_pixel_art_assets/Nature_tiles_01/nature_environment_01_115.asset
  artifactKey: Guid(52c77d611eaceed4e96582baff5fc610) Importer(815301076,1909f56bfc062723c751e8b465ee728b)
Start importing Assets/Nature_pixel_art_assets/Nature_tiles_01/nature_environment_01_115.asset using Guid(52c77d611eaceed4e96582baff5fc610) Importer(815301076,1909f56bfc062723c751e8b465ee728b)  -> (artifact id: 'cffdad233ccd7cf369add2c3462f7828') in 0.035019 seconds 
========================================================================
Received Import Request.
  Time since last request: 0.000079 seconds.
  path: Assets/Nature_pixel_art_assets/Nature_tiles_01/nature_environment_01_112.asset
  artifactKey: Guid(c8470df83533b114b9cac8fc52510da9) Importer(815301076,1909f56bfc062723c751e8b465ee728b)
Start importing Assets/Nature_pixel_art_assets/Nature_tiles_01/nature_environment_01_112.asset using Guid(c8470df83533b114b9cac8fc52510da9) Importer(815301076,1909f56bfc062723c751e8b465ee728b)  -> (artifact id: '237818a8e9da7f79116fdda5533df3f9') in 0.044043 seconds 
========================================================================
Received Import Request.
  Time since last request: 0.233900 seconds.
  path: Assets/Nature_pixel_art_assets/Nature_tiles_01/nature_environment_01_123.asset
  artifactKey: Guid(37686a95842e87946a3c6c5f981b5d9f) Importer(815301076,1909f56bfc062723c751e8b465ee728b)
Start importing Assets/Nature_pixel_art_assets/Nature_tiles_01/nature_environment_01_123.asset using Guid(37686a95842e87946a3c6c5f981b5d9f) Importer(815301076,1909f56bfc062723c751e8b465ee728b)  -> (artifact id: '477431106df7c574c005fb1ea1caf5a4') in 0.026547 seconds 
========================================================================
Received Import Request.
  Time since last request: 0.000029 seconds.
  path: Assets/Nature_pixel_art_assets/Nature_tiles_01/nature_environment_01_125.asset
  artifactKey: Guid(d639f97f19c00604ea494a0401b35582) Importer(815301076,1909f56bfc062723c751e8b465ee728b)
Start importing Assets/Nature_pixel_art_assets/Nature_tiles_01/nature_environment_01_125.asset using Guid(d639f97f19c00604ea494a0401b35582) Importer(815301076,1909f56bfc062723c751e8b465ee728b)  -> (artifact id: '7666ec2a404b5489b5fdf4cad84dab56') in 0.018217 seconds 
Editor requested this worker to shutdown with reason: Scaling down because of idle timeout
AssetImportWorker is now disconnected from the server
Process exiting
Exiting without the bug reporter. Application will terminate with return code 0