Using pre-set license
Built from '2021.3/staging' branch; Version is '2021.3.5f1 (40eb3a945986) revision 4254522'; Using compiler version '192829333'; Build Type 'Release'
OS: 'Windows 11  (10.0.22000) 64bit Core' Language: 'ko' Physical Memory: 16010 MB
BatchMode: 1, IsHumanControllingUs: 0, StartBugReporterOnCrash: 0, Is64bit: 1, IsPro: 1

COMMAND LINE ARGUMENTS:
C:\Program Files\Unity\Hub\Editor\2021.3.5f1\Editor\Unity.exe
-adb2
-batchMode
-noUpm
-name
AssetImportWorker7
-projectPath
C:/Users/guddn/GitPro/PracticeRepo/RPGproj
-logFile
Logs/AssetImportWorker7.log
-srvPort
50995
Successfully changed project path to: C:/Users/guddn/GitPro/PracticeRepo/RPGproj
C:/Users/guddn/GitPro/PracticeRepo/RPGproj
[UnityMemory] Configuration Parameters - Can be set up in boot.config
    "memorysetup-bucket-allocator-granularity=16"
    "memorysetup-bucket-allocator-bucket-count=8"
    "memorysetup-bucket-allocator-block-size=33554432"
    "memorysetup-bucket-allocator-block-count=8"
    "memorysetup-main-allocator-block-size=16777216"
    "memorysetup-thread-allocator-block-size=16777216"
    "memorysetup-gfx-main-allocator-block-size=16777216"
    "memorysetup-gfx-thread-allocator-block-size=16777216"
    "memorysetup-cache-allocator-block-size=4194304"
    "memorysetup-typetree-allocator-block-size=2097152"
    "memorysetup-profiler-bucket-allocator-granularity=16"
    "memorysetup-profiler-bucket-allocator-bucket-count=8"
    "memorysetup-profiler-bucket-allocator-block-size=33554432"
    "memorysetup-profiler-bucket-allocator-block-count=8"
    "memorysetup-profiler-allocator-block-size=16777216"
    "memorysetup-profiler-editor-allocator-block-size=1048576"
    "memorysetup-temp-allocator-size-main=16777216"
    "memorysetup-job-temp-allocator-block-size=2097152"
    "memorysetup-job-temp-allocator-block-size-background=1048576"
    "memorysetup-job-temp-allocator-reduction-small-platforms=262144"
    "memorysetup-temp-allocator-size-background-worker=32768"
    "memorysetup-temp-allocator-size-job-worker=262144"
    "memorysetup-temp-allocator-size-preload-manager=33554432"
    "memorysetup-temp-allocator-size-nav-mesh-worker=65536"
    "memorysetup-temp-allocator-size-audio-worker=65536"
    "memorysetup-temp-allocator-size-cloud-worker=32768"
    "memorysetup-temp-allocator-size-gi-baking-worker=262144"
    "memorysetup-temp-allocator-size-gfx=262144"
Refreshing native plugins compatible for Editor in 176.40 ms, found 3 plugins.
Preloading 0 native plugins for Editor in 0.00 ms.
Initialize engine version: 2021.3.5f1 (40eb3a945986)
[Subsystems] Discovering subsystems at path C:/Program Files/Unity/Hub/Editor/2021.3.5f1/Editor/Data/Resources/UnitySubsystems
[Subsystems] Discovering subsystems at path C:/Users/guddn/GitPro/PracticeRepo/RPGproj/Assets
GfxDevice: creating device client; threaded=0; jobified=0
Direct3D:
    Version:  Direct3D 11.0 [level 11.1]
    Renderer: Microsoft Basic Render Driver (ID=0x8c)
    Vendor:   Microsoft
    VRAM:     8005 MB
Initialize mono
Mono path[0] = 'C:/Program Files/Unity/Hub/Editor/2021.3.5f1/Editor/Data/Managed'
Mono path[1] = 'C:/Program Files/Unity/Hub/Editor/2021.3.5f1/Editor/Data/MonoBleedingEdge/lib/mono/unityjit-win32'
Mono config path = 'C:/Program Files/Unity/Hub/Editor/2021.3.5f1/Editor/Data/MonoBleedingEdge/etc'
Using monoOptions --debugger-agent=transport=dt_socket,embedding=1,server=y,suspend=n,address=127.0.0.1:56376
Begin MonoManager ReloadAssembly
Registering precompiled unity dll's ...
Register platform support module: C:/Program Files/Unity/Hub/Editor/2021.3.5f1/Editor/Data/PlaybackEngines/WebGLSupport/UnityEditor.WebGL.Extensions.dll
Register platform support module: C:/Program Files/Unity/Hub/Editor/2021.3.5f1/Editor/Data/PlaybackEngines/WindowsStandaloneSupport/UnityEditor.WindowsStandalone.Extensions.dll
Registered in 0.004496 seconds.
Native extension for WindowsStandalone target not found
Native extension for WebGL target not found
Refreshing native plugins compatible for Editor in 112.41 ms, found 3 plugins.
Preloading 0 native plugins for Editor in 0.00 ms.
Mono: successfully reloaded assembly
- Completed reload, in  1.482 seconds
Domain Reload Profiling:
	ReloadAssembly (1483ms)
		BeginReloadAssembly (89ms)
			ExecutionOrderSort (0ms)
			DisableScriptedObjects (0ms)
			BackupInstance (0ms)
			ReleaseScriptingObjects (0ms)
			CreateAndSetChildDomain (2ms)
		EndReloadAssembly (972ms)
			LoadAssemblies (85ms)
			RebuildTransferFunctionScriptingTraits (0ms)
			SetupTypeCache (440ms)
			ReleaseScriptCaches (0ms)
			RebuildScriptCaches (59ms)
			SetupLoadedEditorAssemblies (385ms)
				LogAssemblyErrors (0ms)
				InitializePlatformSupportModulesInManaged (12ms)
				SetLoadedEditorAssemblies (0ms)
				RefreshPlugins (113ms)
				BeforeProcessingInitializeOnLoad (2ms)
				ProcessInitializeOnLoadAttributes (184ms)
				ProcessInitializeOnLoadMethodAttributes (74ms)
				AfterProcessingInitializeOnLoad (0ms)
				EditorAssembliesLoaded (0ms)
			ExecutionOrderSort2 (0ms)
			AwakeInstancesAfterBackupRestoration (0ms)
Platform modules already initialized, skipping
Registering precompiled user dll's ...
Registered in 0.012726 seconds.
Begin MonoManager ReloadAssembly
Symbol file LoadedFromMemory doesn't match image C:\Users\guddn\GitPro\PracticeRepo\RPGproj\Library\PackageCache\com.unity.visualscripting@1.7.8\Editor\VisualScripting.Core\Dependencies\YamlDotNet\Unity.VisualScripting.YamlDotNet.dll
Symbol file LoadedFromMemory doesn't match image C:\Users\guddn\GitPro\PracticeRepo\RPGproj\Library\PackageCache\com.unity.visualscripting@1.7.8\Editor\VisualScripting.Core\Dependencies\DotNetZip\Unity.VisualScripting.IonicZip.dll
Native extension for WindowsStandalone target not found
Native extension for WebGL target not found
Refreshing native plugins compatible for Editor in 1.29 ms, found 3 plugins.
Preloading 0 native plugins for Editor in 0.00 ms.
Mono: successfully reloaded assembly
- Completed reload, in  1.511 seconds
Domain Reload Profiling:
	ReloadAssembly (1512ms)
		BeginReloadAssembly (140ms)
			ExecutionOrderSort (0ms)
			DisableScriptedObjects (6ms)
			BackupInstance (0ms)
			ReleaseScriptingObjects (0ms)
			CreateAndSetChildDomain (26ms)
		EndReloadAssembly (1219ms)
			LoadAssemblies (100ms)
			RebuildTransferFunctionScriptingTraits (0ms)
			SetupTypeCache (315ms)
			ReleaseScriptCaches (1ms)
			RebuildScriptCaches (80ms)
			SetupLoadedEditorAssemblies (655ms)
				LogAssemblyErrors (0ms)
				InitializePlatformSupportModulesInManaged (9ms)
				SetLoadedEditorAssemblies (1ms)
				RefreshPlugins (1ms)
				BeforeProcessingInitializeOnLoad (113ms)
				ProcessInitializeOnLoadAttributes (471ms)
				ProcessInitializeOnLoadMethodAttributes (55ms)
				AfterProcessingInitializeOnLoad (6ms)
				EditorAssembliesLoaded (0ms)
			ExecutionOrderSort2 (0ms)
			AwakeInstancesAfterBackupRestoration (7ms)
Platform modules already initialized, skipping
========================================================================
Worker process is ready to serve import requests
Launched and connected shader compiler UnityShaderCompiler.exe after 0.14 seconds
Refreshing native plugins compatible for Editor in 0.87 ms, found 3 plugins.
Preloading 0 native plugins for Editor in 0.00 ms.
Unloading 3366 Unused Serialized files (Serialized files now loaded: 0)
Unloading 29 unused Assets / (86.1 KB). Loaded Objects now: 3828.
Memory consumption went from 119.7 MB to 119.6 MB.
Total: 5.635100 ms (FindLiveObjects: 0.473900 ms CreateObjectMapping: 0.150900 ms MarkObjects: 4.880600 ms  DeleteObjects: 0.127700 ms)

AssetImportParameters requested are different than current active one (requested -> active):
  custom:video-decoder-ogg-theora: a1e56fd34408186e4bbccfd4996cb3dc -> 
  custom:container-muxer-webm: aa71ff27fc2769a1b78a27578f13a17b -> 
  custom:container-demuxer-webm: 4f35f7cbe854078d1ac9338744f61a02 -> 
  custom:video-encoder-webm-vp8: eb34c28f22e8b96e1ab97ce403110664 -> 
  custom:video-codec-MediaFoundation-h265: 746d11721c4dcdbdad8f713fa42b33f4 -> 
  custom:audio-encoder-webm-vorbis: bf7c407c2cedff20999df2af8eb42d56 -> 
  custom:framework-win-MediaFoundation: 216162199b28c13a410421893ffa2e32 -> 
  custom:container-demuxer-ogg: 62fdf1f143b41e24485cea50d1cbac27 -> 
  custom:video-decoder-webm-vp8: 9c59270c3fd7afecdb556c50c9e8de78 -> 
  custom:audio-decoder-ogg-vorbis: bf7c407c2cedff20999df2af8eb42d56 -> 
========================================================================
Received Import Request.
  Time since last request: 13579.100909 seconds.
  path: Assets/Nature_pixel_art_assets/Nature_tiles_01/nature_environment_01_52.asset
  artifactKey: Guid(62077ef255209314bbd51a66e43cae49) Importer(815301076,1909f56bfc062723c751e8b465ee728b)
Start importing Assets/Nature_pixel_art_assets/Nature_tiles_01/nature_environment_01_52.asset using Guid(62077ef255209314bbd51a66e43cae49) Importer(815301076,1909f56bfc062723c751e8b465ee728b)  -> (artifact id: '098b90c0183c081d0d15a7134fc3352e') in 0.105564 seconds 
========================================================================
Received Import Request.
  Time since last request: 0.000048 seconds.
  path: Assets/Nature_pixel_art_assets/Nature_tiles_01/nature_environment_01_94.asset
  artifactKey: Guid(7f5d80de65df04943abcd281deb783fb) Importer(815301076,1909f56bfc062723c751e8b465ee728b)
Start importing Assets/Nature_pixel_art_assets/Nature_tiles_01/nature_environment_01_94.asset using Guid(7f5d80de65df04943abcd281deb783fb) Importer(815301076,1909f56bfc062723c751e8b465ee728b)  -> (artifact id: '3e7718cd8cdcc5c42aa883e462d8cced') in 0.029671 seconds 
========================================================================
Received Import Request.
  Time since last request: 0.000057 seconds.
  path: Assets/Nature_pixel_art_assets/Nature_tiles_01/nature_environment_01_67.asset
  artifactKey: Guid(ae8d3b512dc88954d8524d8073a8e2c8) Importer(815301076,1909f56bfc062723c751e8b465ee728b)
Start importing Assets/Nature_pixel_art_assets/Nature_tiles_01/nature_environment_01_67.asset using Guid(ae8d3b512dc88954d8524d8073a8e2c8) Importer(815301076,1909f56bfc062723c751e8b465ee728b)  -> (artifact id: 'd9274adfcc8a8c5c9d80932b9c392d33') in 0.033884 seconds 
========================================================================
Received Import Request.
  Time since last request: 0.000036 seconds.
  path: Assets/Nature_pixel_art_assets/Nature_tiles_01/nature_environment_01_82.asset
  artifactKey: Guid(9adce1a845c4edd4b8ca943fd1d63d6b) Importer(815301076,1909f56bfc062723c751e8b465ee728b)
Start importing Assets/Nature_pixel_art_assets/Nature_tiles_01/nature_environment_01_82.asset using Guid(9adce1a845c4edd4b8ca943fd1d63d6b) Importer(815301076,1909f56bfc062723c751e8b465ee728b)  -> (artifact id: '7b498462b044ce8b6faa58c64538569e') in 0.031180 seconds 
========================================================================
Received Import Request.
  Time since last request: 0.000036 seconds.
  path: Assets/Nature_pixel_art_assets/Nature_tiles_01/nature_environment_01_89.asset
  artifactKey: Guid(d10cb8e86707da546abe3de7550ce43f) Importer(815301076,1909f56bfc062723c751e8b465ee728b)
Start importing Assets/Nature_pixel_art_assets/Nature_tiles_01/nature_environment_01_89.asset using Guid(d10cb8e86707da546abe3de7550ce43f) Importer(815301076,1909f56bfc062723c751e8b465ee728b)  -> (artifact id: 'a46b967d93d2bb00b8845757ffce78f8') in 0.027556 seconds 
========================================================================
Received Import Request.
  Time since last request: 0.000034 seconds.
  path: Assets/Nature_pixel_art_assets/Nature_tiles_01/nature_environment_01_95.asset
  artifactKey: Guid(fb77766a5b6cf70439bee56ac36996cf) Importer(815301076,1909f56bfc062723c751e8b465ee728b)
Start importing Assets/Nature_pixel_art_assets/Nature_tiles_01/nature_environment_01_95.asset using Guid(fb77766a5b6cf70439bee56ac36996cf) Importer(815301076,1909f56bfc062723c751e8b465ee728b)  -> (artifact id: '14c94476d862dad2974fb4e20e7f95b4') in 0.031306 seconds 
========================================================================
Received Import Request.
  Time since last request: 0.000043 seconds.
  path: Assets/Nature_pixel_art_assets/Nature_tiles_01/nature_environment_01_70.asset
  artifactKey: Guid(13a69d7aaa385ca49b6063d10d80170d) Importer(815301076,1909f56bfc062723c751e8b465ee728b)
Start importing Assets/Nature_pixel_art_assets/Nature_tiles_01/nature_environment_01_70.asset using Guid(13a69d7aaa385ca49b6063d10d80170d) Importer(815301076,1909f56bfc062723c751e8b465ee728b)  -> (artifact id: '8be0a1d2d6a55068ddfba944b3818a47') in 0.030782 seconds 
========================================================================
Received Import Request.
  Time since last request: 0.000048 seconds.
  path: Assets/Nature_pixel_art_assets/Nature_tiles_01/nature_environment_01_55.asset
  artifactKey: Guid(f2e5947c1730eea41b86ee788040d851) Importer(815301076,1909f56bfc062723c751e8b465ee728b)
Start importing Assets/Nature_pixel_art_assets/Nature_tiles_01/nature_environment_01_55.asset using Guid(f2e5947c1730eea41b86ee788040d851) Importer(815301076,1909f56bfc062723c751e8b465ee728b)  -> (artifact id: '4a13d3d6f9ff3b0f6281d1a1271f4c69') in 0.030800 seconds 
========================================================================
Received Import Request.
  Time since last request: 0.000052 seconds.
  path: Assets/Nature_pixel_art_assets/Nature_tiles_01/nature_environment_01_84.asset
  artifactKey: Guid(a4db2ad1d6dfb3841a749538a53f7a27) Importer(815301076,1909f56bfc062723c751e8b465ee728b)
Start importing Assets/Nature_pixel_art_assets/Nature_tiles_01/nature_environment_01_84.asset using Guid(a4db2ad1d6dfb3841a749538a53f7a27) Importer(815301076,1909f56bfc062723c751e8b465ee728b)  -> (artifact id: '839cb3c2b8ceaf7f617ace614f8a22c0') in 0.034196 seconds 
========================================================================
Received Import Request.
  Time since last request: 0.000072 seconds.
  path: Assets/Nature_pixel_art_assets/Nature_tiles_01/nature_environment_01_97.asset
  artifactKey: Guid(6a4bbaaa16ae47d49a3d6191a5af19f8) Importer(815301076,1909f56bfc062723c751e8b465ee728b)
Start importing Assets/Nature_pixel_art_assets/Nature_tiles_01/nature_environment_01_97.asset using Guid(6a4bbaaa16ae47d49a3d6191a5af19f8) Importer(815301076,1909f56bfc062723c751e8b465ee728b)  -> (artifact id: '91044bd645967bf9abda52fb3126ffbf') in 0.037018 seconds 
========================================================================
Received Import Request.
  Time since last request: 0.000048 seconds.
  path: Assets/Nature_pixel_art_assets/Nature_tiles_01/nature_environment_01_124.asset
  artifactKey: Guid(bb989faa20771a8469515d3bb41b21bf) Importer(815301076,1909f56bfc062723c751e8b465ee728b)
Start importing Assets/Nature_pixel_art_assets/Nature_tiles_01/nature_environment_01_124.asset using Guid(bb989faa20771a8469515d3bb41b21bf) Importer(815301076,1909f56bfc062723c751e8b465ee728b)  -> (artifact id: 'd0c8fe8bfd968369db9f661df38af912') in 0.038611 seconds 
========================================================================
Received Import Request.
  Time since last request: 0.000053 seconds.
  path: Assets/Nature_pixel_art_assets/Nature_tiles_01/nature_environment_01_109.asset
  artifactKey: Guid(f888791ccadda7d4f8a87da247ec057b) Importer(815301076,1909f56bfc062723c751e8b465ee728b)
Start importing Assets/Nature_pixel_art_assets/Nature_tiles_01/nature_environment_01_109.asset using Guid(f888791ccadda7d4f8a87da247ec057b) Importer(815301076,1909f56bfc062723c751e8b465ee728b)  -> (artifact id: '5dd491b9fb79c9ccf7ecb772331590c8') in 0.042528 seconds 
========================================================================
Received Import Request.
  Time since last request: 0.000036 seconds.
  path: Assets/Nature_pixel_art_assets/Nature_tiles_01/nature_environment_01_98.asset
  artifactKey: Guid(3c6b6deea85e0d44aac9bf7f17957d0f) Importer(815301076,1909f56bfc062723c751e8b465ee728b)
Start importing Assets/Nature_pixel_art_assets/Nature_tiles_01/nature_environment_01_98.asset using Guid(3c6b6deea85e0d44aac9bf7f17957d0f) Importer(815301076,1909f56bfc062723c751e8b465ee728b)  -> (artifact id: 'b5dfb3b962426f39758b080af2d037a0') in 0.037672 seconds 
========================================================================
Received Import Request.
  Time since last request: 0.000046 seconds.
  path: Assets/Nature_pixel_art_assets/Nature_tiles_01/nature_environment_01_107.asset
  artifactKey: Guid(c3d13085ab3937f4a8dab8b6d21b7da6) Importer(815301076,1909f56bfc062723c751e8b465ee728b)
Start importing Assets/Nature_pixel_art_assets/Nature_tiles_01/nature_environment_01_107.asset using Guid(c3d13085ab3937f4a8dab8b6d21b7da6) Importer(815301076,1909f56bfc062723c751e8b465ee728b)  -> (artifact id: 'c3fc8a422783d63aa306e24ebfe1b787') in 0.035131 seconds 
========================================================================
Received Import Request.
  Time since last request: 0.000062 seconds.
  path: Assets/Nature_pixel_art_assets/Nature_tiles_01/nature_environment_01_102.asset
  artifactKey: Guid(0fed784645d9d91428fdd682c5a5ffc8) Importer(815301076,1909f56bfc062723c751e8b465ee728b)
Start importing Assets/Nature_pixel_art_assets/Nature_tiles_01/nature_environment_01_102.asset using Guid(0fed784645d9d91428fdd682c5a5ffc8) Importer(815301076,1909f56bfc062723c751e8b465ee728b)  -> (artifact id: 'ac41a3ded3f2feaf1dc48347518cf954') in 0.033105 seconds 
========================================================================
Received Import Request.
  Time since last request: 0.000048 seconds.
  path: Assets/Nature_pixel_art_assets/Nature_tiles_01/nature_environment_01_80.asset
  artifactKey: Guid(8a1a96440416a2c449d0c2c4a5c9c006) Importer(815301076,1909f56bfc062723c751e8b465ee728b)
Start importing Assets/Nature_pixel_art_assets/Nature_tiles_01/nature_environment_01_80.asset using Guid(8a1a96440416a2c449d0c2c4a5c9c006) Importer(815301076,1909f56bfc062723c751e8b465ee728b)  -> (artifact id: 'afe7bb99a574c9a5f4f5d2a5540ce098') in 0.033773 seconds 
========================================================================
Received Import Request.
  Time since last request: 0.000052 seconds.
  path: Assets/Nature_pixel_art_assets/Nature_tiles_01/nature_environment_01_125.asset
  artifactKey: Guid(d639f97f19c00604ea494a0401b35582) Importer(815301076,1909f56bfc062723c751e8b465ee728b)
Start importing Assets/Nature_pixel_art_assets/Nature_tiles_01/nature_environment_01_125.asset using Guid(d639f97f19c00604ea494a0401b35582) Importer(815301076,1909f56bfc062723c751e8b465ee728b)  -> (artifact id: 'f3b12489a62af92d5ab832dc5cb2f5e6') in 0.034062 seconds 
========================================================================
Received Import Request.
  Time since last request: 0.000040 seconds.
  path: Assets/Nature_pixel_art_assets/Nature_tiles_01/nature_environment_01_122.asset
  artifactKey: Guid(cbbc132c49e167e4ba15afbab69b87c4) Importer(815301076,1909f56bfc062723c751e8b465ee728b)
Start importing Assets/Nature_pixel_art_assets/Nature_tiles_01/nature_environment_01_122.asset using Guid(cbbc132c49e167e4ba15afbab69b87c4) Importer(815301076,1909f56bfc062723c751e8b465ee728b)  -> (artifact id: '7a6af4818472618e9c66a9e291b16b21') in 0.039883 seconds 
========================================================================
Received Import Request.
  Time since last request: 0.000070 seconds.
  path: Assets/Nature_pixel_art_assets/Nature_tiles_01/nature_environment_01_96.asset
  artifactKey: Guid(bdda5ebfa6f51f44b954c5693f0cc786) Importer(815301076,1909f56bfc062723c751e8b465ee728b)
Start importing Assets/Nature_pixel_art_assets/Nature_tiles_01/nature_environment_01_96.asset using Guid(bdda5ebfa6f51f44b954c5693f0cc786) Importer(815301076,1909f56bfc062723c751e8b465ee728b)  -> (artifact id: 'bda4bb4fe8faf8dbf2dd9bb673da59a0') in 0.036214 seconds 
========================================================================
Received Import Request.
  Time since last request: 0.000042 seconds.
  path: Assets/Nature_pixel_art_assets/Nature_tiles_01/nature_environment_01_116.asset
  artifactKey: Guid(42fb91ff04abf89439b9f57276d1a959) Importer(815301076,1909f56bfc062723c751e8b465ee728b)
Start importing Assets/Nature_pixel_art_assets/Nature_tiles_01/nature_environment_01_116.asset using Guid(42fb91ff04abf89439b9f57276d1a959) Importer(815301076,1909f56bfc062723c751e8b465ee728b)  -> (artifact id: '655b2fe8cc819beb62841b744dfc6cdb') in 0.039682 seconds 
========================================================================
Received Import Request.
  Time since last request: 365.370762 seconds.
  path: Assets/Nature_pixel_art_assets/textures/Nature_props_01_0.asset
  artifactKey: Guid(d3c0592157c98d34da719e6bfca2a32e) Importer(815301076,1909f56bfc062723c751e8b465ee728b)
Start importing Assets/Nature_pixel_art_assets/textures/Nature_props_01_0.asset using Guid(d3c0592157c98d34da719e6bfca2a32e) Importer(815301076,1909f56bfc062723c751e8b465ee728b)  -> (artifact id: '1ac48acb5870e4331e9492e627487748') in 0.021561 seconds 
========================================================================
Received Import Request.
  Time since last request: 0.024797 seconds.
  path: Assets/Nature_pixel_art_assets/textures/Nature_props_01_3.asset
  artifactKey: Guid(ea761f80722727d429f29602386f700a) Importer(815301076,1909f56bfc062723c751e8b465ee728b)
Start importing Assets/Nature_pixel_art_assets/textures/Nature_props_01_3.asset using Guid(ea761f80722727d429f29602386f700a) Importer(815301076,1909f56bfc062723c751e8b465ee728b)  -> (artifact id: '53dab547331deeaf0fb27b90b44af733') in 0.016716 seconds 
========================================================================
Received Import Request.
  Time since last request: 0.000031 seconds.
  path: Assets/Nature_pixel_art_assets/textures/Nature_props_01_6.asset
  artifactKey: Guid(29a23133722e1a14a98b70e2b7523ade) Importer(815301076,1909f56bfc062723c751e8b465ee728b)
Start importing Assets/Nature_pixel_art_assets/textures/Nature_props_01_6.asset using Guid(29a23133722e1a14a98b70e2b7523ade) Importer(815301076,1909f56bfc062723c751e8b465ee728b)  -> (artifact id: '903e9a0227ade0fa5c3367a77707d194') in 0.015451 seconds 
========================================================================
Received Import Request.
  Time since last request: 0.000037 seconds.
  path: Assets/Nature_pixel_art_assets/textures/Nature_props_01_1.asset
  artifactKey: Guid(95e54b630ac426644bdaaf15ba435631) Importer(815301076,1909f56bfc062723c751e8b465ee728b)
Start importing Assets/Nature_pixel_art_assets/textures/Nature_props_01_1.asset using Guid(95e54b630ac426644bdaaf15ba435631) Importer(815301076,1909f56bfc062723c751e8b465ee728b)  -> (artifact id: 'ce3d9917c659bdb18db25a66bf009653') in 0.018092 seconds 
========================================================================
Received Import Request.
  Time since last request: 0.000036 seconds.
  path: Assets/Nature_pixel_art_assets/textures/Nature_props_01_5.asset
  artifactKey: Guid(42e61bfba0cbd7942a1dfb2983acad11) Importer(815301076,1909f56bfc062723c751e8b465ee728b)
Start importing Assets/Nature_pixel_art_assets/textures/Nature_props_01_5.asset using Guid(42e61bfba0cbd7942a1dfb2983acad11) Importer(815301076,1909f56bfc062723c751e8b465ee728b)  -> (artifact id: '0140bdc6725eb1a6f354dde84ae2d156') in 0.014655 seconds 
========================================================================
Received Import Request.
  Time since last request: 0.000045 seconds.
  path: Assets/Nature_pixel_art_assets/textures/Nature_props_01_4.asset
  artifactKey: Guid(b854be25fa874a34893114e02bfd69d7) Importer(815301076,1909f56bfc062723c751e8b465ee728b)
Start importing Assets/Nature_pixel_art_assets/textures/Nature_props_01_4.asset using Guid(b854be25fa874a34893114e02bfd69d7) Importer(815301076,1909f56bfc062723c751e8b465ee728b)  -> (artifact id: 'd446bc436caa41a433629b13696fc91d') in 0.017586 seconds 
========================================================================
Received Import Request.
  Time since last request: 0.000033 seconds.
  path: Assets/Nature_pixel_art_assets/textures/Nature_props_01_2.asset
  artifactKey: Guid(812b700ff8e8e90419565c87bc9bf8ce) Importer(815301076,1909f56bfc062723c751e8b465ee728b)
Start importing Assets/Nature_pixel_art_assets/textures/Nature_props_01_2.asset using Guid(812b700ff8e8e90419565c87bc9bf8ce) Importer(815301076,1909f56bfc062723c751e8b465ee728b)  -> (artifact id: 'e90f1940b39b91195ea5be5e3342e7a5') in 0.015500 seconds 
========================================================================
Received Import Request.
  Time since last request: 17.673753 seconds.
  path: Assets/Nature_pixel_art_assets/textures/Nature_props_01_2.asset
  artifactKey: Guid(812b700ff8e8e90419565c87bc9bf8ce) Importer(815301076,1909f56bfc062723c751e8b465ee728b)
Start importing Assets/Nature_pixel_art_assets/textures/Nature_props_01_2.asset using Guid(812b700ff8e8e90419565c87bc9bf8ce) Importer(815301076,1909f56bfc062723c751e8b465ee728b)  -> (artifact id: '37789c4c2f83622da2c34b6b40a69662') in 0.010591 seconds 
========================================================================
Received Import Request.
  Time since last request: 0.000045 seconds.
  path: Assets/Nature_pixel_art_assets/textures/Nature_props_01_3.asset
  artifactKey: Guid(ea761f80722727d429f29602386f700a) Importer(815301076,1909f56bfc062723c751e8b465ee728b)
Start importing Assets/Nature_pixel_art_assets/textures/Nature_props_01_3.asset using Guid(ea761f80722727d429f29602386f700a) Importer(815301076,1909f56bfc062723c751e8b465ee728b)  -> (artifact id: 'a54a78606c6221f86f1dc1d844a0a1c0') in 0.014080 seconds 
========================================================================
Received Import Request.
  Time since last request: 0.000030 seconds.
  path: Assets/Nature_pixel_art_assets/textures/Nature_props_01_5.asset
  artifactKey: Guid(42e61bfba0cbd7942a1dfb2983acad11) Importer(815301076,1909f56bfc062723c751e8b465ee728b)
Start importing Assets/Nature_pixel_art_assets/textures/Nature_props_01_5.asset using Guid(42e61bfba0cbd7942a1dfb2983acad11) Importer(815301076,1909f56bfc062723c751e8b465ee728b)  -> (artifact id: '943327a20fc1e12fbd5ca40e9faa8d8d') in 0.009948 seconds 
========================================================================
Received Import Request.
  Time since last request: 20.281713 seconds.
  path: Assets/Nature_pixel_art_assets/textures/Nature_props_01_2.asset
  artifactKey: Guid(812b700ff8e8e90419565c87bc9bf8ce) Importer(815301076,1909f56bfc062723c751e8b465ee728b)
Start importing Assets/Nature_pixel_art_assets/textures/Nature_props_01_2.asset using Guid(812b700ff8e8e90419565c87bc9bf8ce) Importer(815301076,1909f56bfc062723c751e8b465ee728b)  -> (artifact id: '3a2c871d996f46c805ae252d98d6156c') in 0.015049 seconds 
========================================================================
Received Import Request.
  Time since last request: 0.000030 seconds.
  path: Assets/Nature_pixel_art_assets/textures/Nature_props_01_3.asset
  artifactKey: Guid(ea761f80722727d429f29602386f700a) Importer(815301076,1909f56bfc062723c751e8b465ee728b)
Start importing Assets/Nature_pixel_art_assets/textures/Nature_props_01_3.asset using Guid(ea761f80722727d429f29602386f700a) Importer(815301076,1909f56bfc062723c751e8b465ee728b)  -> (artifact id: 'b9400a74360b8a905de2859fbbdf4b01') in 0.011547 seconds 
========================================================================
Received Import Request.
  Time since last request: 41.032576 seconds.
  path: Assets/Nature_pixel_art_assets/textures/Nature_props_01_10.asset
  artifactKey: Guid(6d52a7bb8399d5c46804eeabff430499) Importer(815301076,1909f56bfc062723c751e8b465ee728b)
Start importing Assets/Nature_pixel_art_assets/textures/Nature_props_01_10.asset using Guid(6d52a7bb8399d5c46804eeabff430499) Importer(815301076,1909f56bfc062723c751e8b465ee728b)  -> (artifact id: 'b8c389c10e507b97273be5bf4981e89a') in 0.020265 seconds 
========================================================================
Received Import Request.
  Time since last request: 0.000044 seconds.
  path: Assets/Nature_pixel_art_assets/textures/Nature_props_01_18.asset
  artifactKey: Guid(e5a83c849c9188b479308f6ef9641da4) Importer(815301076,1909f56bfc062723c751e8b465ee728b)
Start importing Assets/Nature_pixel_art_assets/textures/Nature_props_01_18.asset using Guid(e5a83c849c9188b479308f6ef9641da4) Importer(815301076,1909f56bfc062723c751e8b465ee728b)  -> (artifact id: 'b9ffb88cd7b4c643d66b4ea7c973c3b0') in 0.020547 seconds 
========================================================================
Received Import Request.
  Time since last request: 0.000055 seconds.
  path: Assets/Nature_pixel_art_assets/textures/Nature_props_01_34.asset
  artifactKey: Guid(8117d7f73b0c40e46bb8ede15864a8c7) Importer(815301076,1909f56bfc062723c751e8b465ee728b)
Start importing Assets/Nature_pixel_art_assets/textures/Nature_props_01_34.asset using Guid(8117d7f73b0c40e46bb8ede15864a8c7) Importer(815301076,1909f56bfc062723c751e8b465ee728b)  -> (artifact id: '38aeb02e0b6fe6bf4ca2ffa8636244a4') in 0.019167 seconds 
========================================================================
Received Import Request.
  Time since last request: 0.000032 seconds.
  path: Assets/Nature_pixel_art_assets/textures/Nature_props_01_26.asset
  artifactKey: Guid(d0ac4efbfa0d3104592ac2eec277717f) Importer(815301076,1909f56bfc062723c751e8b465ee728b)
Start importing Assets/Nature_pixel_art_assets/textures/Nature_props_01_26.asset using Guid(d0ac4efbfa0d3104592ac2eec277717f) Importer(815301076,1909f56bfc062723c751e8b465ee728b)  -> (artifact id: '57fe28bd241e502479695b311e39f734') in 0.024224 seconds 
========================================================================
Received Import Request.
  Time since last request: 0.000042 seconds.
  path: Assets/Nature_pixel_art_assets/textures/Nature_props_01_20.asset
  artifactKey: Guid(309630a7de61fcc40b46e55c843973fe) Importer(815301076,1909f56bfc062723c751e8b465ee728b)
Start importing Assets/Nature_pixel_art_assets/textures/Nature_props_01_20.asset using Guid(309630a7de61fcc40b46e55c843973fe) Importer(815301076,1909f56bfc062723c751e8b465ee728b)  -> (artifact id: '6b2a5980552b8a96c4d81fe363777839') in 0.025219 seconds 
========================================================================
Received Import Request.
  Time since last request: 0.000032 seconds.
  path: Assets/Nature_pixel_art_assets/textures/Nature_props_01_38.asset
  artifactKey: Guid(81ba0a8d0d53ac944bf5b8667d6894b1) Importer(815301076,1909f56bfc062723c751e8b465ee728b)
Start importing Assets/Nature_pixel_art_assets/textures/Nature_props_01_38.asset using Guid(81ba0a8d0d53ac944bf5b8667d6894b1) Importer(815301076,1909f56bfc062723c751e8b465ee728b)  -> (artifact id: '10b6337f36b77d78d1d7efa85447b896') in 0.021953 seconds 
========================================================================
Received Import Request.
  Time since last request: 0.000043 seconds.
  path: Assets/Nature_pixel_art_assets/textures/Nature_props_01_16.asset
  artifactKey: Guid(895f96d446f11b249a646055eb276526) Importer(815301076,1909f56bfc062723c751e8b465ee728b)
Start importing Assets/Nature_pixel_art_assets/textures/Nature_props_01_16.asset using Guid(895f96d446f11b249a646055eb276526) Importer(815301076,1909f56bfc062723c751e8b465ee728b)  -> (artifact id: 'd51b00f0f043e1e74c1d8f2336b187b9') in 0.023922 seconds 
========================================================================
Received Import Request.
  Time since last request: 0.000035 seconds.
  path: Assets/Nature_pixel_art_assets/textures/Nature_props_01_13.asset
  artifactKey: Guid(99d6df5f3e8694148a8c4d6a06f9bb24) Importer(815301076,1909f56bfc062723c751e8b465ee728b)
Start importing Assets/Nature_pixel_art_assets/textures/Nature_props_01_13.asset using Guid(99d6df5f3e8694148a8c4d6a06f9bb24) Importer(815301076,1909f56bfc062723c751e8b465ee728b)  -> (artifact id: 'd7e7785d99cb9b349f75480999bdbae0') in 0.022801 seconds 
========================================================================
Received Import Request.
  Time since last request: 0.000042 seconds.
  path: Assets/Nature_pixel_art_assets/textures/Nature_props_01_21.asset
  artifactKey: Guid(3dbbf7d41a273e844a27b3b2c07112cb) Importer(815301076,1909f56bfc062723c751e8b465ee728b)
Start importing Assets/Nature_pixel_art_assets/textures/Nature_props_01_21.asset using Guid(3dbbf7d41a273e844a27b3b2c07112cb) Importer(815301076,1909f56bfc062723c751e8b465ee728b)  -> (artifact id: 'a2139e09d6da537492227fdaf573140a') in 0.022812 seconds 
Editor requested this worker to shutdown with reason: Scaling down because of idle timeout
AssetImportWorker is now disconnected from the server
Process exiting
Exiting without the bug reporter. Application will terminate with return code 0