Using pre-set license
Built from '2021.3/staging' branch; Version is '2021.3.5f1 (40eb3a945986) revision 4254522'; Using compiler version '192829333'; Build Type 'Release'
OS: 'Windows 11  (10.0.22000) 64bit Core' Language: 'ko' Physical Memory: 16010 MB
BatchMode: 1, IsHumanControllingUs: 0, StartBugReporterOnCrash: 0, Is64bit: 1, IsPro: 1

COMMAND LINE ARGUMENTS:
C:\Program Files\Unity\Hub\Editor\2021.3.5f1\Editor\Unity.exe
-adb2
-batchMode
-noUpm
-name
AssetImportWorker0
-projectPath
C:/Users/guddn/GitPro/PracticeRepo/RPGproj
-logFile
Logs/AssetImportWorker0.log
-srvPort
56550
Successfully changed project path to: C:/Users/guddn/GitPro/PracticeRepo/RPGproj
C:/Users/guddn/GitPro/PracticeRepo/RPGproj
[UnityMemory] Configuration Parameters - Can be set up in boot.config
    "memorysetup-bucket-allocator-granularity=16"
    "memorysetup-bucket-allocator-bucket-count=8"
    "memorysetup-bucket-allocator-block-size=33554432"
    "memorysetup-bucket-allocator-block-count=8"
    "memorysetup-main-allocator-block-size=16777216"
    "memorysetup-thread-allocator-block-size=16777216"
    "memorysetup-gfx-main-allocator-block-size=16777216"
    "memorysetup-gfx-thread-allocator-block-size=16777216"
    "memorysetup-cache-allocator-block-size=4194304"
    "memorysetup-typetree-allocator-block-size=2097152"
    "memorysetup-profiler-bucket-allocator-granularity=16"
    "memorysetup-profiler-bucket-allocator-bucket-count=8"
    "memorysetup-profiler-bucket-allocator-block-size=33554432"
    "memorysetup-profiler-bucket-allocator-block-count=8"
    "memorysetup-profiler-allocator-block-size=16777216"
    "memorysetup-profiler-editor-allocator-block-size=1048576"
    "memorysetup-temp-allocator-size-main=16777216"
    "memorysetup-job-temp-allocator-block-size=2097152"
    "memorysetup-job-temp-allocator-block-size-background=1048576"
    "memorysetup-job-temp-allocator-reduction-small-platforms=262144"
    "memorysetup-temp-allocator-size-background-worker=32768"
    "memorysetup-temp-allocator-size-job-worker=262144"
    "memorysetup-temp-allocator-size-preload-manager=33554432"
    "memorysetup-temp-allocator-size-nav-mesh-worker=65536"
    "memorysetup-temp-allocator-size-audio-worker=65536"
    "memorysetup-temp-allocator-size-cloud-worker=32768"
    "memorysetup-temp-allocator-size-gi-baking-worker=262144"
    "memorysetup-temp-allocator-size-gfx=262144"
Refreshing native plugins compatible for Editor in 74.88 ms, found 3 plugins.
Preloading 0 native plugins for Editor in 0.00 ms.
Initialize engine version: 2021.3.5f1 (40eb3a945986)
[Subsystems] Discovering subsystems at path C:/Program Files/Unity/Hub/Editor/2021.3.5f1/Editor/Data/Resources/UnitySubsystems
[Subsystems] Discovering subsystems at path C:/Users/guddn/GitPro/PracticeRepo/RPGproj/Assets
GfxDevice: creating device client; threaded=0; jobified=0
Direct3D:
    Version:  Direct3D 11.0 [level 11.1]
    Renderer: Microsoft Basic Render Driver (ID=0x8c)
    Vendor:   Microsoft
    VRAM:     8005 MB
Initialize mono
Mono path[0] = 'C:/Program Files/Unity/Hub/Editor/2021.3.5f1/Editor/Data/Managed'
Mono path[1] = 'C:/Program Files/Unity/Hub/Editor/2021.3.5f1/Editor/Data/MonoBleedingEdge/lib/mono/unityjit-win32'
Mono config path = 'C:/Program Files/Unity/Hub/Editor/2021.3.5f1/Editor/Data/MonoBleedingEdge/etc'
Using monoOptions --debugger-agent=transport=dt_socket,embedding=1,server=y,suspend=n,address=127.0.0.1:56116
Begin MonoManager ReloadAssembly
Registering precompiled unity dll's ...
Register platform support module: C:/Program Files/Unity/Hub/Editor/2021.3.5f1/Editor/Data/PlaybackEngines/WebGLSupport/UnityEditor.WebGL.Extensions.dll
Register platform support module: C:/Program Files/Unity/Hub/Editor/2021.3.5f1/Editor/Data/PlaybackEngines/WindowsStandaloneSupport/UnityEditor.WindowsStandalone.Extensions.dll
Registered in 0.005173 seconds.
Native extension for WindowsStandalone target not found
Native extension for WebGL target not found
Refreshing native plugins compatible for Editor in 109.63 ms, found 3 plugins.
Preloading 0 native plugins for Editor in 0.00 ms.
Mono: successfully reloaded assembly
- Completed reload, in  0.660 seconds
Domain Reload Profiling:
	ReloadAssembly (660ms)
		BeginReloadAssembly (76ms)
			ExecutionOrderSort (0ms)
			DisableScriptedObjects (0ms)
			BackupInstance (0ms)
			ReleaseScriptingObjects (0ms)
			CreateAndSetChildDomain (2ms)
		EndReloadAssembly (484ms)
			LoadAssemblies (71ms)
			RebuildTransferFunctionScriptingTraits (0ms)
			SetupTypeCache (113ms)
			ReleaseScriptCaches (0ms)
			RebuildScriptCaches (26ms)
			SetupLoadedEditorAssemblies (289ms)
				LogAssemblyErrors (0ms)
				InitializePlatformSupportModulesInManaged (9ms)
				SetLoadedEditorAssemblies (0ms)
				RefreshPlugins (110ms)
				BeforeProcessingInitializeOnLoad (1ms)
				ProcessInitializeOnLoadAttributes (118ms)
				ProcessInitializeOnLoadMethodAttributes (51ms)
				AfterProcessingInitializeOnLoad (0ms)
				EditorAssembliesLoaded (0ms)
			ExecutionOrderSort2 (0ms)
			AwakeInstancesAfterBackupRestoration (0ms)
Platform modules already initialized, skipping
Registering precompiled user dll's ...
Registered in 0.003284 seconds.
Begin MonoManager ReloadAssembly
Symbol file LoadedFromMemory doesn't match image C:\Users\guddn\GitPro\PracticeRepo\RPGproj\Library\PackageCache\com.unity.visualscripting@1.7.8\Editor\VisualScripting.Core\Dependencies\YamlDotNet\Unity.VisualScripting.YamlDotNet.dll
Symbol file LoadedFromMemory doesn't match image C:\Users\guddn\GitPro\PracticeRepo\RPGproj\Library\PackageCache\com.unity.visualscripting@1.7.8\Editor\VisualScripting.Core\Dependencies\DotNetZip\Unity.VisualScripting.IonicZip.dll
Native extension for WindowsStandalone target not found
Native extension for WebGL target not found
Refreshing native plugins compatible for Editor in 0.76 ms, found 3 plugins.
Preloading 0 native plugins for Editor in 0.00 ms.
Mono: successfully reloaded assembly
- Completed reload, in  0.968 seconds
Domain Reload Profiling:
	ReloadAssembly (969ms)
		BeginReloadAssembly (123ms)
			ExecutionOrderSort (0ms)
			DisableScriptedObjects (8ms)
			BackupInstance (0ms)
			ReleaseScriptingObjects (0ms)
			CreateAndSetChildDomain (24ms)
		EndReloadAssembly (747ms)
			LoadAssemblies (71ms)
			RebuildTransferFunctionScriptingTraits (0ms)
			SetupTypeCache (236ms)
			ReleaseScriptCaches (1ms)
			RebuildScriptCaches (49ms)
			SetupLoadedEditorAssemblies (357ms)
				LogAssemblyErrors (0ms)
				InitializePlatformSupportModulesInManaged (6ms)
				SetLoadedEditorAssemblies (0ms)
				RefreshPlugins (1ms)
				BeforeProcessingInitializeOnLoad (72ms)
				ProcessInitializeOnLoadAttributes (236ms)
				ProcessInitializeOnLoadMethodAttributes (38ms)
				AfterProcessingInitializeOnLoad (4ms)
				EditorAssembliesLoaded (0ms)
			ExecutionOrderSort2 (0ms)
			AwakeInstancesAfterBackupRestoration (5ms)
Platform modules already initialized, skipping
========================================================================
Worker process is ready to serve import requests
Launched and connected shader compiler UnityShaderCompiler.exe after 0.06 seconds
Refreshing native plugins compatible for Editor in 0.89 ms, found 3 plugins.
Preloading 0 native plugins for Editor in 0.00 ms.
Unloading 3352 Unused Serialized files (Serialized files now loaded: 0)
Unloading 29 unused Assets / (86.1 KB). Loaded Objects now: 3814.
Memory consumption went from 117.0 MB to 116.9 MB.
Total: 3.397100 ms (FindLiveObjects: 0.378200 ms CreateObjectMapping: 0.165000 ms MarkObjects: 2.694800 ms  DeleteObjects: 0.157100 ms)

AssetImportParameters requested are different than current active one (requested -> active):
  custom:video-decoder-ogg-theora: a1e56fd34408186e4bbccfd4996cb3dc -> 
  custom:container-muxer-webm: aa71ff27fc2769a1b78a27578f13a17b -> 
  custom:container-demuxer-webm: 4f35f7cbe854078d1ac9338744f61a02 -> 
  custom:video-encoder-webm-vp8: eb34c28f22e8b96e1ab97ce403110664 -> 
  custom:video-codec-MediaFoundation-h265: 746d11721c4dcdbdad8f713fa42b33f4 -> 
  custom:audio-encoder-webm-vorbis: bf7c407c2cedff20999df2af8eb42d56 -> 
  custom:framework-win-MediaFoundation: 216162199b28c13a410421893ffa2e32 -> 
  custom:container-demuxer-ogg: 62fdf1f143b41e24485cea50d1cbac27 -> 
  custom:video-decoder-webm-vp8: 9c59270c3fd7afecdb556c50c9e8de78 -> 
  custom:audio-decoder-ogg-vorbis: bf7c407c2cedff20999df2af8eb42d56 -> 
========================================================================
Received Import Request.
  Time since last request: 1797921.803202 seconds.
  path: Assets/Player.cs
  artifactKey: Guid(10b95515ab6eab848aff486bfac73a41) Importer(815301076,1909f56bfc062723c751e8b465ee728b)
Start importing Assets/Player.cs using Guid(10b95515ab6eab848aff486bfac73a41) Importer(815301076,1909f56bfc062723c751e8b465ee728b)  -> (artifact id: '3193e0ca456ea8b22ff70d7195f12a73') in 0.043271 seconds 
========================================================================
Received Import Request.
  Time since last request: 7.184381 seconds.
  path: Assets/Player.cs
  artifactKey: Guid(10b95515ab6eab848aff486bfac73a41) Importer(815301076,1909f56bfc062723c751e8b465ee728b)
Start importing Assets/Player.cs using Guid(10b95515ab6eab848aff486bfac73a41) Importer(815301076,1909f56bfc062723c751e8b465ee728b)  -> (artifact id: '5a9f100811bfcdf8c4e5ea9d83e4603d') in 0.003950 seconds 
========================================================================
Received Prepare
Registering precompiled user dll's ...
Registered in 0.003247 seconds.
Begin MonoManager ReloadAssembly
Symbol file LoadedFromMemory doesn't match image C:\Users\guddn\GitPro\PracticeRepo\RPGproj\Library\PackageCache\com.unity.visualscripting@1.7.8\Editor\VisualScripting.Core\Dependencies\YamlDotNet\Unity.VisualScripting.YamlDotNet.dll
Symbol file LoadedFromMemory doesn't match image C:\Users\guddn\GitPro\PracticeRepo\RPGproj\Library\PackageCache\com.unity.visualscripting@1.7.8\Editor\VisualScripting.Core\Dependencies\DotNetZip\Unity.VisualScripting.IonicZip.dll
Native extension for WindowsStandalone target not found
Native extension for WebGL target not found
Refreshing native plugins compatible for Editor in 0.79 ms, found 3 plugins.
Preloading 0 native plugins for Editor in 0.00 ms.
Mono: successfully reloaded assembly
- Completed reload, in  1.046 seconds
Domain Reload Profiling:
	ReloadAssembly (1047ms)
		BeginReloadAssembly (135ms)
			ExecutionOrderSort (0ms)
			DisableScriptedObjects (7ms)
			BackupInstance (0ms)
			ReleaseScriptingObjects (0ms)
			CreateAndSetChildDomain (41ms)
		EndReloadAssembly (814ms)
			LoadAssemblies (79ms)
			RebuildTransferFunctionScriptingTraits (0ms)
			SetupTypeCache (365ms)
			ReleaseScriptCaches (2ms)
			RebuildScriptCaches (44ms)
			SetupLoadedEditorAssemblies (279ms)
				LogAssemblyErrors (0ms)
				InitializePlatformSupportModulesInManaged (12ms)
				SetLoadedEditorAssemblies (0ms)
				RefreshPlugins (1ms)
				BeforeProcessingInitializeOnLoad (55ms)
				ProcessInitializeOnLoadAttributes (172ms)
				ProcessInitializeOnLoadMethodAttributes (32ms)
				AfterProcessingInitializeOnLoad (5ms)
				EditorAssembliesLoaded (0ms)
			ExecutionOrderSort2 (0ms)
			AwakeInstancesAfterBackupRestoration (6ms)
Platform modules already initialized, skipping
Refreshing native plugins compatible for Editor in 1.73 ms, found 3 plugins.
Preloading 0 native plugins for Editor in 0.00 ms.
Unloading 3334 Unused Serialized files (Serialized files now loaded: 0)
Unloading 18 unused Assets / (53.4 KB). Loaded Objects now: 3817.
Memory consumption went from 115.7 MB to 115.6 MB.
Total: 3.621600 ms (FindLiveObjects: 0.311400 ms CreateObjectMapping: 0.162400 ms MarkObjects: 3.032000 ms  DeleteObjects: 0.114100 ms)

AssetImportParameters requested are different than current active one (requested -> active):
  custom:video-decoder-ogg-theora: a1e56fd34408186e4bbccfd4996cb3dc -> 
  custom:container-muxer-webm: aa71ff27fc2769a1b78a27578f13a17b -> 
  custom:container-demuxer-webm: 4f35f7cbe854078d1ac9338744f61a02 -> 
  custom:video-encoder-webm-vp8: eb34c28f22e8b96e1ab97ce403110664 -> 
  custom:video-codec-MediaFoundation-h265: 746d11721c4dcdbdad8f713fa42b33f4 -> 
  custom:audio-encoder-webm-vorbis: bf7c407c2cedff20999df2af8eb42d56 -> 
  custom:framework-win-MediaFoundation: 216162199b28c13a410421893ffa2e32 -> 
  custom:container-demuxer-ogg: 62fdf1f143b41e24485cea50d1cbac27 -> 
  custom:video-decoder-webm-vp8: 9c59270c3fd7afecdb556c50c9e8de78 -> 
  custom:audio-decoder-ogg-vorbis: bf7c407c2cedff20999df2af8eb42d56 -> 
========================================================================
Received Prepare
Registering precompiled user dll's ...
Registered in 0.004381 seconds.
Begin MonoManager ReloadAssembly
Symbol file LoadedFromMemory doesn't match image C:\Users\guddn\GitPro\PracticeRepo\RPGproj\Library\PackageCache\com.unity.visualscripting@1.7.8\Editor\VisualScripting.Core\Dependencies\YamlDotNet\Unity.VisualScripting.YamlDotNet.dll
Symbol file LoadedFromMemory doesn't match image C:\Users\guddn\GitPro\PracticeRepo\RPGproj\Library\PackageCache\com.unity.visualscripting@1.7.8\Editor\VisualScripting.Core\Dependencies\DotNetZip\Unity.VisualScripting.IonicZip.dll
Native extension for WindowsStandalone target not found
Native extension for WebGL target not found
Refreshing native plugins compatible for Editor in 0.78 ms, found 3 plugins.
Preloading 0 native plugins for Editor in 0.00 ms.
Mono: successfully reloaded assembly
- Completed reload, in  1.329 seconds
Domain Reload Profiling:
	ReloadAssembly (1330ms)
		BeginReloadAssembly (112ms)
			ExecutionOrderSort (0ms)
			DisableScriptedObjects (6ms)
			BackupInstance (0ms)
			ReleaseScriptingObjects (0ms)
			CreateAndSetChildDomain (37ms)
		EndReloadAssembly (1129ms)
			LoadAssemblies (64ms)
			RebuildTransferFunctionScriptingTraits (0ms)
			SetupTypeCache (194ms)
			ReleaseScriptCaches (4ms)
			RebuildScriptCaches (68ms)
			SetupLoadedEditorAssemblies (692ms)
				LogAssemblyErrors (0ms)
				InitializePlatformSupportModulesInManaged (35ms)
				SetLoadedEditorAssemblies (1ms)
				RefreshPlugins (1ms)
				BeforeProcessingInitializeOnLoad (151ms)
				ProcessInitializeOnLoadAttributes (410ms)
				ProcessInitializeOnLoadMethodAttributes (75ms)
				AfterProcessingInitializeOnLoad (18ms)
				EditorAssembliesLoaded (1ms)
			ExecutionOrderSort2 (0ms)
			AwakeInstancesAfterBackupRestoration (18ms)
Platform modules already initialized, skipping
Refreshing native plugins compatible for Editor in 3.91 ms, found 3 plugins.
Preloading 0 native plugins for Editor in 0.00 ms.
Unloading 3334 Unused Serialized files (Serialized files now loaded: 0)
Unloading 18 unused Assets / (53.5 KB). Loaded Objects now: 3820.
Memory consumption went from 115.7 MB to 115.6 MB.
Total: 5.356000 ms (FindLiveObjects: 0.394900 ms CreateObjectMapping: 0.178200 ms MarkObjects: 4.681500 ms  DeleteObjects: 0.098600 ms)

AssetImportParameters requested are different than current active one (requested -> active):
  custom:video-decoder-ogg-theora: a1e56fd34408186e4bbccfd4996cb3dc -> 
  custom:container-muxer-webm: aa71ff27fc2769a1b78a27578f13a17b -> 
  custom:container-demuxer-webm: 4f35f7cbe854078d1ac9338744f61a02 -> 
  custom:video-encoder-webm-vp8: eb34c28f22e8b96e1ab97ce403110664 -> 
  custom:video-codec-MediaFoundation-h265: 746d11721c4dcdbdad8f713fa42b33f4 -> 
  custom:audio-encoder-webm-vorbis: bf7c407c2cedff20999df2af8eb42d56 -> 
  custom:framework-win-MediaFoundation: 216162199b28c13a410421893ffa2e32 -> 
  custom:container-demuxer-ogg: 62fdf1f143b41e24485cea50d1cbac27 -> 
  custom:video-decoder-webm-vp8: 9c59270c3fd7afecdb556c50c9e8de78 -> 
  custom:audio-decoder-ogg-vorbis: bf7c407c2cedff20999df2af8eb42d56 -> 
========================================================================
Received Import Request.
  Time since last request: 87.063548 seconds.
  path: Assets/PixelHeroes/Characters/Knight/Player.controller
  artifactKey: Guid(9efc41faa318cea47b5f291a38afad55) Importer(815301076,1909f56bfc062723c751e8b465ee728b)
Start importing Assets/PixelHeroes/Characters/Knight/Player.controller using Guid(9efc41faa318cea47b5f291a38afad55) Importer(815301076,1909f56bfc062723c751e8b465ee728b)  -> (artifact id: 'c4c69f5cd74581752a4d02a1bb9f668c') in 0.064136 seconds 
========================================================================
Received Prepare
Registering precompiled user dll's ...
Registered in 0.003161 seconds.
Begin MonoManager ReloadAssembly
Symbol file LoadedFromMemory doesn't match image C:\Users\guddn\GitPro\PracticeRepo\RPGproj\Library\PackageCache\com.unity.visualscripting@1.7.8\Editor\VisualScripting.Core\Dependencies\YamlDotNet\Unity.VisualScripting.YamlDotNet.dll
Symbol file LoadedFromMemory doesn't match image C:\Users\guddn\GitPro\PracticeRepo\RPGproj\Library\PackageCache\com.unity.visualscripting@1.7.8\Editor\VisualScripting.Core\Dependencies\DotNetZip\Unity.VisualScripting.IonicZip.dll
Native extension for WindowsStandalone target not found
Native extension for WebGL target not found
Refreshing native plugins compatible for Editor in 0.76 ms, found 3 plugins.
Preloading 0 native plugins for Editor in 0.00 ms.
Mono: successfully reloaded assembly
- Completed reload, in  1.113 seconds
Domain Reload Profiling:
	ReloadAssembly (1114ms)
		BeginReloadAssembly (197ms)
			ExecutionOrderSort (0ms)
			DisableScriptedObjects (9ms)
			BackupInstance (0ms)
			ReleaseScriptingObjects (0ms)
			CreateAndSetChildDomain (54ms)
		EndReloadAssembly (768ms)
			LoadAssemblies (137ms)
			RebuildTransferFunctionScriptingTraits (0ms)
			SetupTypeCache (243ms)
			ReleaseScriptCaches (2ms)
			RebuildScriptCaches (58ms)
			SetupLoadedEditorAssemblies (313ms)
				LogAssemblyErrors (0ms)
				InitializePlatformSupportModulesInManaged (15ms)
				SetLoadedEditorAssemblies (0ms)
				RefreshPlugins (1ms)
				BeforeProcessingInitializeOnLoad (64ms)
				ProcessInitializeOnLoadAttributes (193ms)
				ProcessInitializeOnLoadMethodAttributes (35ms)
				AfterProcessingInitializeOnLoad (4ms)
				EditorAssembliesLoaded (0ms)
			ExecutionOrderSort2 (0ms)
			AwakeInstancesAfterBackupRestoration (6ms)
Platform modules already initialized, skipping
Refreshing native plugins compatible for Editor in 1.67 ms, found 3 plugins.
Preloading 0 native plugins for Editor in 0.00 ms.
Unloading 3334 Unused Serialized files (Serialized files now loaded: 0)
Unloading 18 unused Assets / (53.6 KB). Loaded Objects now: 3823.
Memory consumption went from 115.7 MB to 115.6 MB.
Total: 3.308200 ms (FindLiveObjects: 0.369500 ms CreateObjectMapping: 0.113600 ms MarkObjects: 2.704000 ms  DeleteObjects: 0.119300 ms)

AssetImportParameters requested are different than current active one (requested -> active):
  custom:video-decoder-ogg-theora: a1e56fd34408186e4bbccfd4996cb3dc -> 
  custom:container-muxer-webm: aa71ff27fc2769a1b78a27578f13a17b -> 
  custom:container-demuxer-webm: 4f35f7cbe854078d1ac9338744f61a02 -> 
  custom:video-encoder-webm-vp8: eb34c28f22e8b96e1ab97ce403110664 -> 
  custom:video-codec-MediaFoundation-h265: 746d11721c4dcdbdad8f713fa42b33f4 -> 
  custom:audio-encoder-webm-vorbis: bf7c407c2cedff20999df2af8eb42d56 -> 
  custom:framework-win-MediaFoundation: 216162199b28c13a410421893ffa2e32 -> 
  custom:container-demuxer-ogg: 62fdf1f143b41e24485cea50d1cbac27 -> 
  custom:video-decoder-webm-vp8: 9c59270c3fd7afecdb556c50c9e8de78 -> 
  custom:audio-decoder-ogg-vorbis: bf7c407c2cedff20999df2af8eb42d56 -> 
========================================================================
Received Prepare
Registering precompiled user dll's ...
Registered in 0.003287 seconds.
Begin MonoManager ReloadAssembly
Symbol file LoadedFromMemory doesn't match image C:\Users\guddn\GitPro\PracticeRepo\RPGproj\Library\PackageCache\com.unity.visualscripting@1.7.8\Editor\VisualScripting.Core\Dependencies\YamlDotNet\Unity.VisualScripting.YamlDotNet.dll
Symbol file LoadedFromMemory doesn't match image C:\Users\guddn\GitPro\PracticeRepo\RPGproj\Library\PackageCache\com.unity.visualscripting@1.7.8\Editor\VisualScripting.Core\Dependencies\DotNetZip\Unity.VisualScripting.IonicZip.dll
Native extension for WindowsStandalone target not found
Native extension for WebGL target not found
Refreshing native plugins compatible for Editor in 1.39 ms, found 3 plugins.
Preloading 0 native plugins for Editor in 0.00 ms.
Mono: successfully reloaded assembly
- Completed reload, in  1.574 seconds
Domain Reload Profiling:
	ReloadAssembly (1575ms)
		BeginReloadAssembly (154ms)
			ExecutionOrderSort (0ms)
			DisableScriptedObjects (9ms)
			BackupInstance (0ms)
			ReleaseScriptingObjects (0ms)
			CreateAndSetChildDomain (52ms)
		EndReloadAssembly (1345ms)
			LoadAssemblies (62ms)
			RebuildTransferFunctionScriptingTraits (0ms)
			SetupTypeCache (390ms)
			ReleaseScriptCaches (8ms)
			RebuildScriptCaches (109ms)
			SetupLoadedEditorAssemblies (652ms)
				LogAssemblyErrors (0ms)
				InitializePlatformSupportModulesInManaged (30ms)
				SetLoadedEditorAssemblies (1ms)
				RefreshPlugins (1ms)
				BeforeProcessingInitializeOnLoad (100ms)
				ProcessInitializeOnLoadAttributes (435ms)
				ProcessInitializeOnLoadMethodAttributes (74ms)
				AfterProcessingInitializeOnLoad (11ms)
				EditorAssembliesLoaded (0ms)
			ExecutionOrderSort2 (0ms)
			AwakeInstancesAfterBackupRestoration (13ms)
Platform modules already initialized, skipping
Refreshing native plugins compatible for Editor in 4.50 ms, found 3 plugins.
Preloading 0 native plugins for Editor in 0.00 ms.
Unloading 3334 Unused Serialized files (Serialized files now loaded: 0)
Unloading 18 unused Assets / (53.4 KB). Loaded Objects now: 3826.
Memory consumption went from 115.7 MB to 115.6 MB.
Total: 5.296100 ms (FindLiveObjects: 0.319300 ms CreateObjectMapping: 1.704100 ms MarkObjects: 3.138800 ms  DeleteObjects: 0.132100 ms)

AssetImportParameters requested are different than current active one (requested -> active):
  custom:video-decoder-ogg-theora: a1e56fd34408186e4bbccfd4996cb3dc -> 
  custom:container-muxer-webm: aa71ff27fc2769a1b78a27578f13a17b -> 
  custom:container-demuxer-webm: 4f35f7cbe854078d1ac9338744f61a02 -> 
  custom:video-encoder-webm-vp8: eb34c28f22e8b96e1ab97ce403110664 -> 
  custom:video-codec-MediaFoundation-h265: 746d11721c4dcdbdad8f713fa42b33f4 -> 
  custom:audio-encoder-webm-vorbis: bf7c407c2cedff20999df2af8eb42d56 -> 
  custom:framework-win-MediaFoundation: 216162199b28c13a410421893ffa2e32 -> 
  custom:container-demuxer-ogg: 62fdf1f143b41e24485cea50d1cbac27 -> 
  custom:video-decoder-webm-vp8: 9c59270c3fd7afecdb556c50c9e8de78 -> 
  custom:audio-decoder-ogg-vorbis: bf7c407c2cedff20999df2af8eb42d56 -> 
========================================================================
Received Import Request.
  Time since last request: 594.201978 seconds.
  path: Assets/easy UI emerald - default.psd
  artifactKey: Guid(1f758ec661cd10f4b889c713e4d957cf) Importer(815301076,1909f56bfc062723c751e8b465ee728b)
Start importing Assets/easy UI emerald - default.psd using Guid(1f758ec661cd10f4b889c713e4d957cf) Importer(815301076,1909f56bfc062723c751e8b465ee728b)  -> (artifact id: '9ba682365c54e1ceaa4d2be4ac4639ef') in 0.333262 seconds 
========================================================================
Received Import Request.
  Time since last request: 17.009330 seconds.
  path: Assets/resource_default
  artifactKey: Guid(e6131c58805b49749b1d4099358577f7) Importer(815301076,1909f56bfc062723c751e8b465ee728b)
Start importing Assets/resource_default using Guid(e6131c58805b49749b1d4099358577f7) Importer(815301076,1909f56bfc062723c751e8b465ee728b)  -> (artifact id: '692137b59a0b1170252778cf1076f6e5') in 0.082482 seconds 
========================================================================
Received Import Request.
  Time since last request: 2.980992 seconds.
  path: Assets/resource_default/box_a.png
  artifactKey: Guid(ed3b4c75a68320349a9f4481bab4876c) Importer(815301076,1909f56bfc062723c751e8b465ee728b)
Start importing Assets/resource_default/box_a.png using Guid(ed3b4c75a68320349a9f4481bab4876c) Importer(815301076,1909f56bfc062723c751e8b465ee728b)  -> (artifact id: '1ede26a38d9a62d421a352643ff7bd32') in 0.125568 seconds 
========================================================================
Received Import Request.
  Time since last request: 0.000057 seconds.
  path: Assets/resource_default/box_c_02.png
  artifactKey: Guid(e8def83b1cf543e4a9513f7aaa7bd953) Importer(815301076,1909f56bfc062723c751e8b465ee728b)
Start importing Assets/resource_default/box_c_02.png using Guid(e8def83b1cf543e4a9513f7aaa7bd953) Importer(815301076,1909f56bfc062723c751e8b465ee728b)  -> (artifact id: 'bff661cb3e9c5d3af6e5588a9d978f7e') in 0.047276 seconds 
========================================================================
Received Import Request.
  Time since last request: 0.000064 seconds.
  path: Assets/resource_default/checkbox_check.png
  artifactKey: Guid(43e17fb59bccf0748b04cccfc220a522) Importer(815301076,1909f56bfc062723c751e8b465ee728b)
Start importing Assets/resource_default/checkbox_check.png using Guid(43e17fb59bccf0748b04cccfc220a522) Importer(815301076,1909f56bfc062723c751e8b465ee728b)  -> (artifact id: 'e79e7ec80fdde2cc92530af5da31ab4b') in 0.029079 seconds 
========================================================================
Received Import Request.
  Time since last request: 0.000066 seconds.
  path: Assets/resource_default/box_b_04.png
  artifactKey: Guid(47b0b6ed20592d74ba2a6d517e877ad2) Importer(815301076,1909f56bfc062723c751e8b465ee728b)
Start importing Assets/resource_default/box_b_04.png using Guid(47b0b6ed20592d74ba2a6d517e877ad2) Importer(815301076,1909f56bfc062723c751e8b465ee728b)  -> (artifact id: 'b898e03910d493be2b84e708937498a1') in 0.067617 seconds 
========================================================================
Received Import Request.
  Time since last request: 0.000062 seconds.
  path: Assets/resource_default/gage_b_fill05.png
  artifactKey: Guid(5f800e8c23f52d9439d7929cf06cd922) Importer(815301076,1909f56bfc062723c751e8b465ee728b)
Start importing Assets/resource_default/gage_b_fill05.png using Guid(5f800e8c23f52d9439d7929cf06cd922) Importer(815301076,1909f56bfc062723c751e8b465ee728b)  -> (artifact id: '7b8cc7532dc4296ec02bcc07e18ab4c5') in 0.159820 seconds 
========================================================================
Received Import Request.
  Time since last request: 0.000108 seconds.
  path: Assets/resource_default/btn_c_emerald.png
  artifactKey: Guid(7017830725262a140b5d8a3d39a0b11a) Importer(815301076,1909f56bfc062723c751e8b465ee728b)
Start importing Assets/resource_default/btn_c_emerald.png using Guid(7017830725262a140b5d8a3d39a0b11a) Importer(815301076,1909f56bfc062723c751e8b465ee728b)  -> (artifact id: '0b53018ee8c7f45052cf16efc5d91760') in 0.111021 seconds 
========================================================================
Received Import Request.
  Time since last request: 0.000104 seconds.
  path: Assets/resource_default/btn_b_grey.png
  artifactKey: Guid(d7d480a22b9c1f64bb6d748bf353e45b) Importer(815301076,1909f56bfc062723c751e8b465ee728b)
Start importing Assets/resource_default/btn_b_grey.png using Guid(d7d480a22b9c1f64bb6d748bf353e45b) Importer(815301076,1909f56bfc062723c751e8b465ee728b)  -> (artifact id: 'f0e26034f176156585a835ef3aef2cdc') in 0.040056 seconds 
========================================================================
Received Import Request.
  Time since last request: 0.001773 seconds.
  path: Assets/resource_default/gage_b_fill01.png
  artifactKey: Guid(9df81246e4df1154cb8d7410d2af7e84) Importer(815301076,1909f56bfc062723c751e8b465ee728b)
Start importing Assets/resource_default/gage_b_fill01.png using Guid(9df81246e4df1154cb8d7410d2af7e84) Importer(815301076,1909f56bfc062723c751e8b465ee728b)  -> (artifact id: '76eeb1fbf7e124c2d96680986a6e7afa') in 0.030400 seconds 
========================================================================
Received Import Request.
  Time since last request: 0.000021 seconds.
  path: Assets/resource_default/gage_b_fill02.png
  artifactKey: Guid(bcb5b4fb84e360f4ab517305cc7ea5ab) Importer(815301076,1909f56bfc062723c751e8b465ee728b)
Start importing Assets/resource_default/gage_b_fill02.png using Guid(bcb5b4fb84e360f4ab517305cc7ea5ab) Importer(815301076,1909f56bfc062723c751e8b465ee728b)  -> (artifact id: '4bde9217a0f75dbc7a827f2fd52ae2ea') in 0.035654 seconds 
========================================================================
Received Import Request.
  Time since last request: 0.000027 seconds.
  path: Assets/resource_default/gage_b_fill04.png
  artifactKey: Guid(74eea1e5ac116724fad3c1971b35589c) Importer(815301076,1909f56bfc062723c751e8b465ee728b)
Start importing Assets/resource_default/gage_b_fill04.png using Guid(74eea1e5ac116724fad3c1971b35589c) Importer(815301076,1909f56bfc062723c751e8b465ee728b)  -> (artifact id: 'f88a64ad4322a9e8d984cc7f0e51091c') in 0.035076 seconds 
========================================================================
Received Import Request.
  Time since last request: 0.000026 seconds.
  path: Assets/resource_default/btn_a_emerald.png
  artifactKey: Guid(e87e973aa97e2cf41885259822725eb5) Importer(815301076,1909f56bfc062723c751e8b465ee728b)
Start importing Assets/resource_default/btn_a_emerald.png using Guid(e87e973aa97e2cf41885259822725eb5) Importer(815301076,1909f56bfc062723c751e8b465ee728b)  -> (artifact id: '22eb0239c1a1b4542e4dce74df240a5e') in 0.038559 seconds 
========================================================================
Received Import Request.
  Time since last request: 0.000033 seconds.
  path: Assets/resource_default/innerbox_a_btn_01.png
  artifactKey: Guid(34d3404d20b7a8245b1fac6e7855b705) Importer(815301076,1909f56bfc062723c751e8b465ee728b)
Start importing Assets/resource_default/innerbox_a_btn_01.png using Guid(34d3404d20b7a8245b1fac6e7855b705) Importer(815301076,1909f56bfc062723c751e8b465ee728b)  -> (artifact id: '040b618584b669bbac7edc98c60c1f9d') in 0.026321 seconds 
========================================================================
Received Import Request.
  Time since last request: 0.000035 seconds.
  path: Assets/resource_default/btn_a_beige.png
  artifactKey: Guid(8e8051156b4decf4693f0648a48b3fc9) Importer(815301076,1909f56bfc062723c751e8b465ee728b)
Start importing Assets/resource_default/btn_a_beige.png using Guid(8e8051156b4decf4693f0648a48b3fc9) Importer(815301076,1909f56bfc062723c751e8b465ee728b)  -> (artifact id: '46e0abfd8566d0d9c62afc9fb4ce2804') in 0.038487 seconds 
========================================================================
Received Import Request.
  Time since last request: 0.000029 seconds.
  path: Assets/resource_default/box_b_02.png
  artifactKey: Guid(4b1885f5416f3c741ac0815952921840) Importer(815301076,1909f56bfc062723c751e8b465ee728b)
Start importing Assets/resource_default/box_b_02.png using Guid(4b1885f5416f3c741ac0815952921840) Importer(815301076,1909f56bfc062723c751e8b465ee728b)  -> (artifact id: '13b3f6eabb870527b3684742dffa8e4f') in 0.037911 seconds 
========================================================================
Received Import Request.
  Time since last request: 0.000041 seconds.
  path: Assets/resource_default/box_b_01.png
  artifactKey: Guid(a4b88956494e64a4a896b1e2e09d76aa) Importer(815301076,1909f56bfc062723c751e8b465ee728b)
Start importing Assets/resource_default/box_b_01.png using Guid(a4b88956494e64a4a896b1e2e09d76aa) Importer(815301076,1909f56bfc062723c751e8b465ee728b)  -> (artifact id: '77d1d145da0c41daf290249d62279ab0') in 0.038967 seconds 
========================================================================
Received Import Request.
  Time since last request: 0.000028 seconds.
  path: Assets/resource_default/btn_c_red.png
  artifactKey: Guid(dfe0f8b3b8f11c54d94569c6e1326583) Importer(815301076,1909f56bfc062723c751e8b465ee728b)
Start importing Assets/resource_default/btn_c_red.png using Guid(dfe0f8b3b8f11c54d94569c6e1326583) Importer(815301076,1909f56bfc062723c751e8b465ee728b)  -> (artifact id: 'abb74f7ceb3d1ce611c6ae51fca47098') in 0.032838 seconds 
========================================================================
Received Import Request.
  Time since last request: 0.000039 seconds.
  path: Assets/resource_default/gage_b_fill_progress.png
  artifactKey: Guid(3ce5d913607d46846a0812d1b479e3d5) Importer(815301076,1909f56bfc062723c751e8b465ee728b)
Start importing Assets/resource_default/gage_b_fill_progress.png using Guid(3ce5d913607d46846a0812d1b479e3d5) Importer(815301076,1909f56bfc062723c751e8b465ee728b)  -> (artifact id: 'bcee73d3bb407cd235b5a46e18a7e7ee') in 0.038506 seconds 
========================================================================
Received Import Request.
  Time since last request: 0.000038 seconds.
  path: Assets/resource_default/box_a_04.png
  artifactKey: Guid(0b216ed8876b73945ad75ea6feaba010) Importer(815301076,1909f56bfc062723c751e8b465ee728b)
Start importing Assets/resource_default/box_a_04.png using Guid(0b216ed8876b73945ad75ea6feaba010) Importer(815301076,1909f56bfc062723c751e8b465ee728b)  -> (artifact id: '4b08bbacdae8d787bd3149acf6b85352') in 0.040337 seconds 
========================================================================
Received Import Request.
  Time since last request: 0.000059 seconds.
  path: Assets/resource_default/box_c_01.png
  artifactKey: Guid(2416bf88655c40c40adc903253fb2ba1) Importer(815301076,1909f56bfc062723c751e8b465ee728b)
Start importing Assets/resource_default/box_c_01.png using Guid(2416bf88655c40c40adc903253fb2ba1) Importer(815301076,1909f56bfc062723c751e8b465ee728b)  -> (artifact id: '3d3f5bb1e379c174d740b08ff0087055') in 0.031138 seconds 
========================================================================
Received Import Request.
  Time since last request: 0.000679 seconds.
  path: Assets/resource_default/innerbox_a_btn_02.png
  artifactKey: Guid(49eaf0cf4f54e7a4ab865811163498e6) Importer(815301076,1909f56bfc062723c751e8b465ee728b)
Start importing Assets/resource_default/innerbox_a_btn_02.png using Guid(49eaf0cf4f54e7a4ab865811163498e6) Importer(815301076,1909f56bfc062723c751e8b465ee728b)  -> (artifact id: 'd7e8ab5777c5191860800e52c10c4a98') in 0.027327 seconds 
========================================================================
Received Import Request.
  Time since last request: 0.000031 seconds.
  path: Assets/resource_default/btn_b_beige.png
  artifactKey: Guid(57910dcde21e44c48b55d6eb96005e38) Importer(815301076,1909f56bfc062723c751e8b465ee728b)
Start importing Assets/resource_default/btn_b_beige.png using Guid(57910dcde21e44c48b55d6eb96005e38) Importer(815301076,1909f56bfc062723c751e8b465ee728b)  -> (artifact id: '4d986c54f3cad44f65c47f349be82701') in 0.046816 seconds 
========================================================================
Received Import Request.
  Time since last request: 0.000042 seconds.
  path: Assets/resource_default/innerbox_a_btn.png
  artifactKey: Guid(4dc79b73247092e4ab1b277f39e3f809) Importer(815301076,1909f56bfc062723c751e8b465ee728b)
Start importing Assets/resource_default/innerbox_a_btn.png using Guid(4dc79b73247092e4ab1b277f39e3f809) Importer(815301076,1909f56bfc062723c751e8b465ee728b)  -> (artifact id: '07e6042e047cd65dd6d40a321a176eac') in 0.038572 seconds 
========================================================================
Received Import Request.
  Time since last request: 0.000042 seconds.
  path: Assets/resource_default/box_a_02.png
  artifactKey: Guid(cdcc1931095dc8544b4ab733bf2b3fde) Importer(815301076,1909f56bfc062723c751e8b465ee728b)
Start importing Assets/resource_default/box_a_02.png using Guid(cdcc1931095dc8544b4ab733bf2b3fde) Importer(815301076,1909f56bfc062723c751e8b465ee728b)  -> (artifact id: '97437133a05a6c5210f5cad4ff34e1fa') in 0.030487 seconds 
========================================================================
Received Import Request.
  Time since last request: 0.000039 seconds.
  path: Assets/resource_default/checkbox_blank.png
  artifactKey: Guid(32f25fd44c295474483ad5f89d5863fb) Importer(815301076,1909f56bfc062723c751e8b465ee728b)
Start importing Assets/resource_default/checkbox_blank.png using Guid(32f25fd44c295474483ad5f89d5863fb) Importer(815301076,1909f56bfc062723c751e8b465ee728b)  -> (artifact id: 'c06c5b67787e34f1915bd292af7d503c') in 0.046241 seconds 
========================================================================
Received Import Request.
  Time since last request: 0.900629 seconds.
  path: Assets/resource_default/innerbox_a_btn_03.png
  artifactKey: Guid(e5436bf6647d2f540b4dc774bf27593e) Importer(815301076,1909f56bfc062723c751e8b465ee728b)
Start importing Assets/resource_default/innerbox_a_btn_03.png using Guid(e5436bf6647d2f540b4dc774bf27593e) Importer(815301076,1909f56bfc062723c751e8b465ee728b)  -> (artifact id: 'd8655431a9c7e99039664a2c905385a0') in 0.047358 seconds 
========================================================================
Received Import Request.
  Time since last request: 0.000046 seconds.
  path: Assets/resource_default/point_beige.png
  artifactKey: Guid(e73dd9c018a08e74e9e3b6b52eba48b4) Importer(815301076,1909f56bfc062723c751e8b465ee728b)
Start importing Assets/resource_default/point_beige.png using Guid(e73dd9c018a08e74e9e3b6b52eba48b4) Importer(815301076,1909f56bfc062723c751e8b465ee728b)  -> (artifact id: '7ef48c7353057b0c1eb6238f58ed4d1a') in 0.079347 seconds 
========================================================================
Received Import Request.
  Time since last request: 0.000038 seconds.
  path: Assets/resource_default/textinput_a.png
  artifactKey: Guid(e4430d406d9e002418f1d3cf864fb0ff) Importer(815301076,1909f56bfc062723c751e8b465ee728b)
Start importing Assets/resource_default/textinput_a.png using Guid(e4430d406d9e002418f1d3cf864fb0ff) Importer(815301076,1909f56bfc062723c751e8b465ee728b)  -> (artifact id: 'b71b55fc9de2e347c4307811db40addf') in 0.058476 seconds 
========================================================================
Received Import Request.
  Time since last request: 22.624428 seconds.
  path: Assets/GameMgr.cs
  artifactKey: Guid(bf317092547fcb34ea2c40d5e85c4955) Importer(815301076,1909f56bfc062723c751e8b465ee728b)
Start importing Assets/GameMgr.cs using Guid(bf317092547fcb34ea2c40d5e85c4955) Importer(815301076,1909f56bfc062723c751e8b465ee728b)  -> (artifact id: 'c4550cdc18b6a7aa754841e432c06532') in 0.014446 seconds 
========================================================================
Received Import Request.
  Time since last request: 0.429225 seconds.
  path: Assets/easy UI emerald - default.unity
  artifactKey: Guid(b1c56176553646c429757732476a41c3) Importer(815301076,1909f56bfc062723c751e8b465ee728b)
Start importing Assets/easy UI emerald - default.unity using Guid(b1c56176553646c429757732476a41c3) Importer(815301076,1909f56bfc062723c751e8b465ee728b)  -> (artifact id: '051cbb253682877c93513d327b7ef9d6') in 0.085391 seconds 
========================================================================
Received Import Request.
  Time since last request: 50.461178 seconds.
  path: Assets/resource_default/btn_c_emerald.png
  artifactKey: Guid(7017830725262a140b5d8a3d39a0b11a) Importer(815301076,1909f56bfc062723c751e8b465ee728b)
Start importing Assets/resource_default/btn_c_emerald.png using Guid(7017830725262a140b5d8a3d39a0b11a) Importer(815301076,1909f56bfc062723c751e8b465ee728b)  -> (artifact id: 'bc6d69549ec9d5a3f0ac50f2834b8f3f') in 0.082394 seconds 
========================================================================
Received Import Request.
  Time since last request: 62.556452 seconds.
  path: Assets/resource_default/btn_c_emerald.png
  artifactKey: Guid(7017830725262a140b5d8a3d39a0b11a) Importer(815301076,1909f56bfc062723c751e8b465ee728b)
Start importing Assets/resource_default/btn_c_emerald.png using Guid(7017830725262a140b5d8a3d39a0b11a) Importer(815301076,1909f56bfc062723c751e8b465ee728b)  -> (artifact id: '154384e4a677497169e71c67acd53226') in 0.071329 seconds 
========================================================================
Received Import Request.
  Time since last request: 8.738039 seconds.
  path: Assets/resource_default/btn_c_emerald.png
  artifactKey: Guid(7017830725262a140b5d8a3d39a0b11a) Importer(815301076,1909f56bfc062723c751e8b465ee728b)
Start importing Assets/resource_default/btn_c_emerald.png using Guid(7017830725262a140b5d8a3d39a0b11a) Importer(815301076,1909f56bfc062723c751e8b465ee728b)  -> (artifact id: 'bdaf010ceda5686da8a43a656eecd268') in 0.055187 seconds 
========================================================================
Received Import Request.
  Time since last request: 52.898349 seconds.
  path: Assets/resource_default/innerbox_a_btn.png
  artifactKey: Guid(4dc79b73247092e4ab1b277f39e3f809) Importer(815301076,1909f56bfc062723c751e8b465ee728b)
Start importing Assets/resource_default/innerbox_a_btn.png using Guid(4dc79b73247092e4ab1b277f39e3f809) Importer(815301076,1909f56bfc062723c751e8b465ee728b)  -> (artifact id: 'bfe8e9c463cffdbd6dc83580ff853010') in 0.042647 seconds 
========================================================================
Received Import Request.
  Time since last request: 117.518926 seconds.
  path: Assets/resource_default/checkbox_blank.png
  artifactKey: Guid(32f25fd44c295474483ad5f89d5863fb) Importer(815301076,1909f56bfc062723c751e8b465ee728b)
Start importing Assets/resource_default/checkbox_blank.png using Guid(32f25fd44c295474483ad5f89d5863fb) Importer(815301076,1909f56bfc062723c751e8b465ee728b)  -> (artifact id: 'a80bbbae1517f7eda56e4d92dd772416') in 0.064021 seconds 
========================================================================
Received Import Request.
  Time since last request: 18.713414 seconds.
  path: Assets/PixelHeroes/Monsters/Chest/SpriteSheet.png
  artifactKey: Guid(c1ee036f6f5f09a4db0a16d20bccca1b) Importer(815301076,1909f56bfc062723c751e8b465ee728b)
Start importing Assets/PixelHeroes/Monsters/Chest/SpriteSheet.png using Guid(c1ee036f6f5f09a4db0a16d20bccca1b) Importer(815301076,1909f56bfc062723c751e8b465ee728b)  -> (artifact id: 'f5af9ec5e5499fa72bbf2734e59a5bae') in 0.094496 seconds 
========================================================================
Received Import Request.
  Time since last request: 0.141687 seconds.
  path: Assets/PixelHeroes/Monsters/Box/SpriteSheet.png
  artifactKey: Guid(e6e322eaf0909114d8e91eb2369c90fc) Importer(815301076,1909f56bfc062723c751e8b465ee728b)
Start importing Assets/PixelHeroes/Monsters/Box/SpriteSheet.png using Guid(e6e322eaf0909114d8e91eb2369c90fc) Importer(815301076,1909f56bfc062723c751e8b465ee728b)  -> (artifact id: 'bfd00fb4c57bc1f37f189b8e3e3d17ee') in 0.095715 seconds 
========================================================================
Received Import Request.
  Time since last request: 205.894656 seconds.
  path: Assets/resource_default/innerbox_a_btn.png
  artifactKey: Guid(4dc79b73247092e4ab1b277f39e3f809) Importer(815301076,1909f56bfc062723c751e8b465ee728b)
Start importing Assets/resource_default/innerbox_a_btn.png using Guid(4dc79b73247092e4ab1b277f39e3f809) Importer(815301076,1909f56bfc062723c751e8b465ee728b)  -> (artifact id: '8a5c077cd50b722526ca282bbe34a8ae') in 0.044516 seconds 
========================================================================
Received Import Request.
  Time since last request: 6.970250 seconds.
  path: Assets/resource_default/innerbox_a_btn.png
  artifactKey: Guid(4dc79b73247092e4ab1b277f39e3f809) Importer(815301076,1909f56bfc062723c751e8b465ee728b)
Start importing Assets/resource_default/innerbox_a_btn.png using Guid(4dc79b73247092e4ab1b277f39e3f809) Importer(815301076,1909f56bfc062723c751e8b465ee728b)  -> (artifact id: '0bde3b03f61173c1ec2542ed7e76aee6') in 0.038094 seconds 
========================================================================
Received Prepare
Registering precompiled user dll's ...
Registered in 0.004944 seconds.
Begin MonoManager ReloadAssembly
Symbol file LoadedFromMemory doesn't match image C:\Users\guddn\GitPro\PracticeRepo\RPGproj\Library\PackageCache\com.unity.visualscripting@1.7.8\Editor\VisualScripting.Core\Dependencies\YamlDotNet\Unity.VisualScripting.YamlDotNet.dll
Symbol file LoadedFromMemory doesn't match image C:\Users\guddn\GitPro\PracticeRepo\RPGproj\Library\PackageCache\com.unity.visualscripting@1.7.8\Editor\VisualScripting.Core\Dependencies\DotNetZip\Unity.VisualScripting.IonicZip.dll
Native extension for WindowsStandalone target not found
Native extension for WebGL target not found
Refreshing native plugins compatible for Editor in 1.01 ms, found 3 plugins.
Preloading 0 native plugins for Editor in 0.00 ms.
Mono: successfully reloaded assembly
- Completed reload, in  1.122 seconds
Domain Reload Profiling:
	ReloadAssembly (1123ms)
		BeginReloadAssembly (228ms)
			ExecutionOrderSort (0ms)
			DisableScriptedObjects (6ms)
			BackupInstance (0ms)
			ReleaseScriptingObjects (0ms)
			CreateAndSetChildDomain (76ms)
		EndReloadAssembly (698ms)
			LoadAssemblies (132ms)
			RebuildTransferFunctionScriptingTraits (0ms)
			SetupTypeCache (210ms)
			ReleaseScriptCaches (2ms)
			RebuildScriptCaches (38ms)
			SetupLoadedEditorAssemblies (342ms)
				LogAssemblyErrors (0ms)
				InitializePlatformSupportModulesInManaged (12ms)
				SetLoadedEditorAssemblies (1ms)
				RefreshPlugins (1ms)
				BeforeProcessingInitializeOnLoad (101ms)
				ProcessInitializeOnLoadAttributes (192ms)
				ProcessInitializeOnLoadMethodAttributes (31ms)
				AfterProcessingInitializeOnLoad (4ms)
				EditorAssembliesLoaded (0ms)
			ExecutionOrderSort2 (0ms)
			AwakeInstancesAfterBackupRestoration (6ms)
Platform modules already initialized, skipping
Refreshing native plugins compatible for Editor in 2.10 ms, found 3 plugins.
Preloading 0 native plugins for Editor in 0.00 ms.
Unloading 3334 Unused Serialized files (Serialized files now loaded: 0)
Unloading 18 unused Assets / (53.5 KB). Loaded Objects now: 3861.
Memory consumption went from 120.1 MB to 120.0 MB.
Total: 5.820100 ms (FindLiveObjects: 0.308600 ms CreateObjectMapping: 0.170200 ms MarkObjects: 5.229400 ms  DeleteObjects: 0.110700 ms)

AssetImportParameters requested are different than current active one (requested -> active):
  custom:video-decoder-ogg-theora: a1e56fd34408186e4bbccfd4996cb3dc -> 
  custom:container-muxer-webm: aa71ff27fc2769a1b78a27578f13a17b -> 
  custom:container-demuxer-webm: 4f35f7cbe854078d1ac9338744f61a02 -> 
  custom:video-encoder-webm-vp8: eb34c28f22e8b96e1ab97ce403110664 -> 
  custom:video-codec-MediaFoundation-h265: 746d11721c4dcdbdad8f713fa42b33f4 -> 
  custom:audio-encoder-webm-vorbis: bf7c407c2cedff20999df2af8eb42d56 -> 
  custom:framework-win-MediaFoundation: 216162199b28c13a410421893ffa2e32 -> 
  custom:container-demuxer-ogg: 62fdf1f143b41e24485cea50d1cbac27 -> 
  custom:video-decoder-webm-vp8: 9c59270c3fd7afecdb556c50c9e8de78 -> 
  custom:audio-decoder-ogg-vorbis: bf7c407c2cedff20999df2af8eb42d56 -> 
========================================================================
Received Prepare
Registering precompiled user dll's ...
Registered in 0.008999 seconds.
Begin MonoManager ReloadAssembly
Symbol file LoadedFromMemory doesn't match image C:\Users\guddn\GitPro\PracticeRepo\RPGproj\Library\PackageCache\com.unity.visualscripting@1.7.8\Editor\VisualScripting.Core\Dependencies\YamlDotNet\Unity.VisualScripting.YamlDotNet.dll
Symbol file LoadedFromMemory doesn't match image C:\Users\guddn\GitPro\PracticeRepo\RPGproj\Library\PackageCache\com.unity.visualscripting@1.7.8\Editor\VisualScripting.Core\Dependencies\DotNetZip\Unity.VisualScripting.IonicZip.dll
Native extension for WindowsStandalone target not found
Native extension for WebGL target not found
Refreshing native plugins compatible for Editor in 0.64 ms, found 3 plugins.
Preloading 0 native plugins for Editor in 0.00 ms.
Mono: successfully reloaded assembly
- Completed reload, in  1.036 seconds
Domain Reload Profiling:
	ReloadAssembly (1038ms)
		BeginReloadAssembly (142ms)
			ExecutionOrderSort (0ms)
			DisableScriptedObjects (10ms)
			BackupInstance (0ms)
			ReleaseScriptingObjects (0ms)
			CreateAndSetChildDomain (51ms)
		EndReloadAssembly (799ms)
			LoadAssemblies (81ms)
			RebuildTransferFunctionScriptingTraits (0ms)
			SetupTypeCache (202ms)
			ReleaseScriptCaches (2ms)
			RebuildScriptCaches (38ms)
			SetupLoadedEditorAssemblies (409ms)
				LogAssemblyErrors (0ms)
				InitializePlatformSupportModulesInManaged (11ms)
				SetLoadedEditorAssemblies (0ms)
				RefreshPlugins (1ms)
				BeforeProcessingInitializeOnLoad (60ms)
				ProcessInitializeOnLoadAttributes (237ms)
				ProcessInitializeOnLoadMethodAttributes (89ms)
				AfterProcessingInitializeOnLoad (11ms)
				EditorAssembliesLoaded (0ms)
			ExecutionOrderSort2 (0ms)
			AwakeInstancesAfterBackupRestoration (11ms)
Platform modules already initialized, skipping
Refreshing native plugins compatible for Editor in 1.53 ms, found 3 plugins.
Preloading 0 native plugins for Editor in 0.00 ms.
Unloading 3335 Unused Serialized files (Serialized files now loaded: 0)
Unloading 18 unused Assets / (53.4 KB). Loaded Objects now: 3865.
Memory consumption went from 120.1 MB to 120.1 MB.
Total: 3.466300 ms (FindLiveObjects: 0.293800 ms CreateObjectMapping: 0.148900 ms MarkObjects: 2.935700 ms  DeleteObjects: 0.086600 ms)

AssetImportParameters requested are different than current active one (requested -> active):
  custom:video-decoder-ogg-theora: a1e56fd34408186e4bbccfd4996cb3dc -> 
  custom:container-muxer-webm: aa71ff27fc2769a1b78a27578f13a17b -> 
  custom:container-demuxer-webm: 4f35f7cbe854078d1ac9338744f61a02 -> 
  custom:video-encoder-webm-vp8: eb34c28f22e8b96e1ab97ce403110664 -> 
  custom:video-codec-MediaFoundation-h265: 746d11721c4dcdbdad8f713fa42b33f4 -> 
  custom:audio-encoder-webm-vorbis: bf7c407c2cedff20999df2af8eb42d56 -> 
  custom:framework-win-MediaFoundation: 216162199b28c13a410421893ffa2e32 -> 
  custom:container-demuxer-ogg: 62fdf1f143b41e24485cea50d1cbac27 -> 
  custom:video-decoder-webm-vp8: 9c59270c3fd7afecdb556c50c9e8de78 -> 
  custom:audio-decoder-ogg-vorbis: bf7c407c2cedff20999df2af8eb42d56 -> 
========================================================================
Received Prepare
Registering precompiled user dll's ...
Registered in 0.012105 seconds.
Begin MonoManager ReloadAssembly
Symbol file LoadedFromMemory doesn't match image C:\Users\guddn\GitPro\PracticeRepo\RPGproj\Library\PackageCache\com.unity.visualscripting@1.7.8\Editor\VisualScripting.Core\Dependencies\YamlDotNet\Unity.VisualScripting.YamlDotNet.dll
Symbol file LoadedFromMemory doesn't match image C:\Users\guddn\GitPro\PracticeRepo\RPGproj\Library\PackageCache\com.unity.visualscripting@1.7.8\Editor\VisualScripting.Core\Dependencies\DotNetZip\Unity.VisualScripting.IonicZip.dll
Native extension for WindowsStandalone target not found
Native extension for WebGL target not found
Refreshing native plugins compatible for Editor in 0.71 ms, found 3 plugins.
Preloading 0 native plugins for Editor in 0.00 ms.
Mono: successfully reloaded assembly
- Completed reload, in  1.072 seconds
Domain Reload Profiling:
	ReloadAssembly (1073ms)
		BeginReloadAssembly (175ms)
			ExecutionOrderSort (0ms)
			DisableScriptedObjects (9ms)
			BackupInstance (0ms)
			ReleaseScriptingObjects (0ms)
			CreateAndSetChildDomain (56ms)
		EndReloadAssembly (698ms)
			LoadAssemblies (109ms)
			RebuildTransferFunctionScriptingTraits (0ms)
			SetupTypeCache (246ms)
			ReleaseScriptCaches (2ms)
			RebuildScriptCaches (39ms)
			SetupLoadedEditorAssemblies (288ms)
				LogAssemblyErrors (0ms)
				InitializePlatformSupportModulesInManaged (12ms)
				SetLoadedEditorAssemblies (1ms)
				RefreshPlugins (1ms)
				BeforeProcessingInitializeOnLoad (55ms)
				ProcessInitializeOnLoadAttributes (184ms)
				ProcessInitializeOnLoadMethodAttributes (32ms)
				AfterProcessingInitializeOnLoad (4ms)
				EditorAssembliesLoaded (0ms)
			ExecutionOrderSort2 (0ms)
			AwakeInstancesAfterBackupRestoration (6ms)
Platform modules already initialized, skipping
Refreshing native plugins compatible for Editor in 1.74 ms, found 3 plugins.
Preloading 0 native plugins for Editor in 0.00 ms.
Unloading 3335 Unused Serialized files (Serialized files now loaded: 0)
Unloading 18 unused Assets / (53.5 KB). Loaded Objects now: 3868.
Memory consumption went from 120.1 MB to 120.1 MB.
Total: 3.864700 ms (FindLiveObjects: 0.323800 ms CreateObjectMapping: 0.156300 ms MarkObjects: 3.279000 ms  DeleteObjects: 0.104100 ms)

AssetImportParameters requested are different than current active one (requested -> active):
  custom:video-decoder-ogg-theora: a1e56fd34408186e4bbccfd4996cb3dc -> 
  custom:container-muxer-webm: aa71ff27fc2769a1b78a27578f13a17b -> 
  custom:container-demuxer-webm: 4f35f7cbe854078d1ac9338744f61a02 -> 
  custom:video-encoder-webm-vp8: eb34c28f22e8b96e1ab97ce403110664 -> 
  custom:video-codec-MediaFoundation-h265: 746d11721c4dcdbdad8f713fa42b33f4 -> 
  custom:audio-encoder-webm-vorbis: bf7c407c2cedff20999df2af8eb42d56 -> 
  custom:framework-win-MediaFoundation: 216162199b28c13a410421893ffa2e32 -> 
  custom:container-demuxer-ogg: 62fdf1f143b41e24485cea50d1cbac27 -> 
  custom:video-decoder-webm-vp8: 9c59270c3fd7afecdb556c50c9e8de78 -> 
  custom:audio-decoder-ogg-vorbis: bf7c407c2cedff20999df2af8eb42d56 -> 
========================================================================
Received Prepare
Registering precompiled user dll's ...
Registered in 0.005909 seconds.
Begin MonoManager ReloadAssembly
Symbol file LoadedFromMemory doesn't match image C:\Users\guddn\GitPro\PracticeRepo\RPGproj\Library\PackageCache\com.unity.visualscripting@1.7.8\Editor\VisualScripting.Core\Dependencies\YamlDotNet\Unity.VisualScripting.YamlDotNet.dll
Symbol file LoadedFromMemory doesn't match image C:\Users\guddn\GitPro\PracticeRepo\RPGproj\Library\PackageCache\com.unity.visualscripting@1.7.8\Editor\VisualScripting.Core\Dependencies\DotNetZip\Unity.VisualScripting.IonicZip.dll
Native extension for WindowsStandalone target not found
Native extension for WebGL target not found
Refreshing native plugins compatible for Editor in 0.83 ms, found 3 plugins.
Preloading 0 native plugins for Editor in 0.00 ms.
Mono: successfully reloaded assembly
- Completed reload, in  1.041 seconds
Domain Reload Profiling:
	ReloadAssembly (1042ms)
		BeginReloadAssembly (235ms)
			ExecutionOrderSort (0ms)
			DisableScriptedObjects (40ms)
			BackupInstance (0ms)
			ReleaseScriptingObjects (0ms)
			CreateAndSetChildDomain (73ms)
		EndReloadAssembly (636ms)
			LoadAssemblies (91ms)
			RebuildTransferFunctionScriptingTraits (0ms)
			SetupTypeCache (189ms)
			ReleaseScriptCaches (2ms)
			RebuildScriptCaches (44ms)
			SetupLoadedEditorAssemblies (291ms)
				LogAssemblyErrors (0ms)
				InitializePlatformSupportModulesInManaged (14ms)
				SetLoadedEditorAssemblies (0ms)
				RefreshPlugins (1ms)
				BeforeProcessingInitializeOnLoad (55ms)
				ProcessInitializeOnLoadAttributes (185ms)
				ProcessInitializeOnLoadMethodAttributes (32ms)
				AfterProcessingInitializeOnLoad (4ms)
				EditorAssembliesLoaded (0ms)
			ExecutionOrderSort2 (0ms)
			AwakeInstancesAfterBackupRestoration (7ms)
Platform modules already initialized, skipping
Refreshing native plugins compatible for Editor in 1.57 ms, found 3 plugins.
Preloading 0 native plugins for Editor in 0.00 ms.
Unloading 3335 Unused Serialized files (Serialized files now loaded: 0)
Unloading 18 unused Assets / (53.5 KB). Loaded Objects now: 3871.
Memory consumption went from 120.1 MB to 120.1 MB.
Total: 3.594300 ms (FindLiveObjects: 0.333200 ms CreateObjectMapping: 0.161500 ms MarkObjects: 2.996500 ms  DeleteObjects: 0.101500 ms)

AssetImportParameters requested are different than current active one (requested -> active):
  custom:video-decoder-ogg-theora: a1e56fd34408186e4bbccfd4996cb3dc -> 
  custom:container-muxer-webm: aa71ff27fc2769a1b78a27578f13a17b -> 
  custom:container-demuxer-webm: 4f35f7cbe854078d1ac9338744f61a02 -> 
  custom:video-encoder-webm-vp8: eb34c28f22e8b96e1ab97ce403110664 -> 
  custom:video-codec-MediaFoundation-h265: 746d11721c4dcdbdad8f713fa42b33f4 -> 
  custom:audio-encoder-webm-vorbis: bf7c407c2cedff20999df2af8eb42d56 -> 
  custom:framework-win-MediaFoundation: 216162199b28c13a410421893ffa2e32 -> 
  custom:container-demuxer-ogg: 62fdf1f143b41e24485cea50d1cbac27 -> 
  custom:video-decoder-webm-vp8: 9c59270c3fd7afecdb556c50c9e8de78 -> 
  custom:audio-decoder-ogg-vorbis: bf7c407c2cedff20999df2af8eb42d56 -> 
========================================================================
Received Import Request.
  Time since last request: 2978.058206 seconds.
  path: Assets/Items
  artifactKey: Guid(80aead0360ae33c478ccf8633f9caa73) Importer(815301076,1909f56bfc062723c751e8b465ee728b)
Start importing Assets/Items using Guid(80aead0360ae33c478ccf8633f9caa73) Importer(815301076,1909f56bfc062723c751e8b465ee728b)  -> (artifact id: 'ff1abd404833ffbe750fbc41347c3a4f') in 0.080060 seconds 
========================================================================
Received Import Request.
  Time since last request: 8.641049 seconds.
  path: Assets/Items/New Item.asset
  artifactKey: Guid(590fddfa7791f614b8e1f8c480c66065) Importer(815301076,1909f56bfc062723c751e8b465ee728b)
Start importing Assets/Items/New Item.asset using Guid(590fddfa7791f614b8e1f8c480c66065) Importer(815301076,1909f56bfc062723c751e8b465ee728b)  -> (artifact id: 'b50943630a5ccd0adf21013d1e099bfb') in 0.051285 seconds 
========================================================================
Received Import Request.
  Time since last request: 158.923053 seconds.
  path: Assets/Items/New Item.asset
  artifactKey: Guid(590fddfa7791f614b8e1f8c480c66065) Importer(815301076,1909f56bfc062723c751e8b465ee728b)
Start importing Assets/Items/New Item.asset using Guid(590fddfa7791f614b8e1f8c480c66065) Importer(815301076,1909f56bfc062723c751e8b465ee728b)  -> (artifact id: '28517e7933b0d244d27165e62db8248b') in 0.004899 seconds 
========================================================================
Received Import Request.
  Time since last request: 25.844708 seconds.
  path: Assets/Cainos/Pixel Art Icon Pack - RPG/Material/MT Sprite Outline Dark.mat
  artifactKey: Guid(9ef09833dc2c3404d88335dc4ee33fd4) Importer(815301076,1909f56bfc062723c751e8b465ee728b)
Start importing Assets/Cainos/Pixel Art Icon Pack - RPG/Material/MT Sprite Outline Dark.mat using Guid(9ef09833dc2c3404d88335dc4ee33fd4) Importer(815301076,1909f56bfc062723c751e8b465ee728b)  -> (artifact id: 'e6b29041626b7fefc25e46394a64fcd8') in 0.537168 seconds 
========================================================================
Received Import Request.
  Time since last request: 0.000036 seconds.
  path: Assets/Cainos/Pixel Art Icon Pack - RPG/Material/MT UI Icon Outline Dark.mat
  artifactKey: Guid(899a7f458dad9a740869a20c3e3b2d53) Importer(815301076,1909f56bfc062723c751e8b465ee728b)
Start importing Assets/Cainos/Pixel Art Icon Pack - RPG/Material/MT UI Icon Outline Dark.mat using Guid(899a7f458dad9a740869a20c3e3b2d53) Importer(815301076,1909f56bfc062723c751e8b465ee728b)  -> (artifact id: 'eab94d445ce1365e870908f0bfbb9dbb') in 0.161913 seconds 
========================================================================
Received Import Request.
  Time since last request: 0.000046 seconds.
  path: Assets/Cainos/Pixel Art Icon Pack - RPG/Material/MT Sprite Outline Yellow.mat
  artifactKey: Guid(edc31919a4a0caa4eafbbd6eb17dfc39) Importer(815301076,1909f56bfc062723c751e8b465ee728b)
Start importing Assets/Cainos/Pixel Art Icon Pack - RPG/Material/MT Sprite Outline Yellow.mat using Guid(edc31919a4a0caa4eafbbd6eb17dfc39) Importer(815301076,1909f56bfc062723c751e8b465ee728b)  -> (artifact id: '619d364c61150239c352bf307edd421e') in 0.022398 seconds 
========================================================================
Received Import Request.
  Time since last request: 0.000029 seconds.
  path: Assets/Cainos/Pixel Art Icon Pack - RPG/Material/MT UI Icon Outline White.mat
  artifactKey: Guid(652af6f8addd2f94ab5db4712c3122d7) Importer(815301076,1909f56bfc062723c751e8b465ee728b)
Start importing Assets/Cainos/Pixel Art Icon Pack - RPG/Material/MT UI Icon Outline White.mat using Guid(652af6f8addd2f94ab5db4712c3122d7) Importer(815301076,1909f56bfc062723c751e8b465ee728b)  -> (artifact id: 'e22fc0310b970f4a36d5db483f4f7f52') in 0.032075 seconds 
========================================================================
Received Import Request.
  Time since last request: 5.733689 seconds.
  path: Assets/Cainos/Pixel Art Icon Pack - RPG/Texture/Equipment/Belt.png
  artifactKey: Guid(6858a15e5082cf34b9ee3167e90403d3) Importer(815301076,1909f56bfc062723c751e8b465ee728b)
Start importing Assets/Cainos/Pixel Art Icon Pack - RPG/Texture/Equipment/Belt.png using Guid(6858a15e5082cf34b9ee3167e90403d3) Importer(815301076,1909f56bfc062723c751e8b465ee728b)  -> (artifact id: '598a3210df37a11b8ecdd56b45e0da01') in 0.054986 seconds 
========================================================================
Received Import Request.
  Time since last request: 0.000035 seconds.
  path: Assets/Cainos/Pixel Art Icon Pack - RPG/Texture/Equipment/Leather Helmet.png
  artifactKey: Guid(5ff9b869a12e70b4db7a137f84ed920b) Importer(815301076,1909f56bfc062723c751e8b465ee728b)
Start importing Assets/Cainos/Pixel Art Icon Pack - RPG/Texture/Equipment/Leather Helmet.png using Guid(5ff9b869a12e70b4db7a137f84ed920b) Importer(815301076,1909f56bfc062723c751e8b465ee728b)  -> (artifact id: 'aac91b29893599cc0f9556122d7ea5c9') in 0.027565 seconds 
========================================================================
Received Import Request.
  Time since last request: 0.000069 seconds.
  path: Assets/Cainos/Pixel Art Icon Pack - RPG/Texture/Equipment/Wooden Armor.png
  artifactKey: Guid(541ae020fad5efc48a89a38c6218a601) Importer(815301076,1909f56bfc062723c751e8b465ee728b)
Start importing Assets/Cainos/Pixel Art Icon Pack - RPG/Texture/Equipment/Wooden Armor.png using Guid(541ae020fad5efc48a89a38c6218a601) Importer(815301076,1909f56bfc062723c751e8b465ee728b)  -> (artifact id: '17815b3309a7952a8104182c74b0a3aa') in 0.030771 seconds 
========================================================================
Received Import Request.
  Time since last request: 0.000026 seconds.
  path: Assets/Cainos/Pixel Art Icon Pack - RPG/Texture/Equipment/Wizard Hat.png
  artifactKey: Guid(b28311bcbf17b47458fddc96553ce9c8) Importer(815301076,1909f56bfc062723c751e8b465ee728b)
Start importing Assets/Cainos/Pixel Art Icon Pack - RPG/Texture/Equipment/Wizard Hat.png using Guid(b28311bcbf17b47458fddc96553ce9c8) Importer(815301076,1909f56bfc062723c751e8b465ee728b)  -> (artifact id: 'e0bfaed398618732136a7bc448dfda9c') in 0.033195 seconds 
========================================================================
Received Import Request.
  Time since last request: 0.000026 seconds.
  path: Assets/Cainos/Pixel Art Icon Pack - RPG/Texture/Equipment/Leather Armor.png
  artifactKey: Guid(e37ee0b1cbe20c5458102626b95a6b7c) Importer(815301076,1909f56bfc062723c751e8b465ee728b)
Start importing Assets/Cainos/Pixel Art Icon Pack - RPG/Texture/Equipment/Leather Armor.png using Guid(e37ee0b1cbe20c5458102626b95a6b7c) Importer(815301076,1909f56bfc062723c751e8b465ee728b)  -> (artifact id: '37540dd22458da38cd7e4630451ce5c8') in 0.039103 seconds 
========================================================================
Received Import Request.
  Time since last request: 1.632100 seconds.
  path: Assets/Cainos/Pixel Art Icon Pack - RPG/Texture/Food/Beer.png
  artifactKey: Guid(d0c05b9125ed56349a5385e1a77547b7) Importer(815301076,1909f56bfc062723c751e8b465ee728b)
Start importing Assets/Cainos/Pixel Art Icon Pack - RPG/Texture/Food/Beer.png using Guid(d0c05b9125ed56349a5385e1a77547b7) Importer(815301076,1909f56bfc062723c751e8b465ee728b)  -> (artifact id: '4a1235f1556da85f5f6189644eb005ae') in 0.035022 seconds 
========================================================================
Received Import Request.
  Time since last request: 0.000039 seconds.
  path: Assets/Cainos/Pixel Art Icon Pack - RPG/Texture/Food/Wine.png
  artifactKey: Guid(ea55e0ae186d59d41a0b270559045dd7) Importer(815301076,1909f56bfc062723c751e8b465ee728b)
Start importing Assets/Cainos/Pixel Art Icon Pack - RPG/Texture/Food/Wine.png using Guid(ea55e0ae186d59d41a0b270559045dd7) Importer(815301076,1909f56bfc062723c751e8b465ee728b)  -> (artifact id: '9a698963a6f4cbf6ab11f207bb3af35b') in 0.065139 seconds 
========================================================================
Received Import Request.
  Time since last request: 0.000050 seconds.
  path: Assets/Cainos/Pixel Art Icon Pack - RPG/Texture/Food/Mushroom.png
  artifactKey: Guid(966ff550585ec504896a28b55fd7281c) Importer(815301076,1909f56bfc062723c751e8b465ee728b)
Start importing Assets/Cainos/Pixel Art Icon Pack - RPG/Texture/Food/Mushroom.png using Guid(966ff550585ec504896a28b55fd7281c) Importer(815301076,1909f56bfc062723c751e8b465ee728b)  -> (artifact id: 'fa05932e9c2bd4ad09445535ce0f555e') in 0.180148 seconds 
Editor requested this worker to shutdown with reason: Scaling down because of idle timeout
AssetImportWorkerClient::OnTransportError - code=2 error=End of file
AssetImportWorker is now disconnected from the server
Process exiting
Exiting without the bug reporter. Application will terminate with return code 0