Using pre-set license
Built from '2021.3/staging' branch; Version is '2021.3.5f1 (40eb3a945986) revision 4254522'; Using compiler version '192829333'; Build Type 'Release'
OS: 'Windows 11  (10.0.22000) 64bit Core' Language: 'ko' Physical Memory: 16010 MB
BatchMode: 1, IsHumanControllingUs: 0, StartBugReporterOnCrash: 0, Is64bit: 1, IsPro: 1

COMMAND LINE ARGUMENTS:
C:\Program Files\Unity\Hub\Editor\2021.3.5f1\Editor\Unity.exe
-adb2
-batchMode
-noUpm
-name
AssetImportWorker8
-projectPath
C:/Users/guddn/GitPro/PracticeRepo/RPGproj
-logFile
Logs/AssetImportWorker8.log
-srvPort
50995
Successfully changed project path to: C:/Users/guddn/GitPro/PracticeRepo/RPGproj
C:/Users/guddn/GitPro/PracticeRepo/RPGproj
[UnityMemory] Configuration Parameters - Can be set up in boot.config
    "memorysetup-bucket-allocator-granularity=16"
    "memorysetup-bucket-allocator-bucket-count=8"
    "memorysetup-bucket-allocator-block-size=33554432"
    "memorysetup-bucket-allocator-block-count=8"
    "memorysetup-main-allocator-block-size=16777216"
    "memorysetup-thread-allocator-block-size=16777216"
    "memorysetup-gfx-main-allocator-block-size=16777216"
    "memorysetup-gfx-thread-allocator-block-size=16777216"
    "memorysetup-cache-allocator-block-size=4194304"
    "memorysetup-typetree-allocator-block-size=2097152"
    "memorysetup-profiler-bucket-allocator-granularity=16"
    "memorysetup-profiler-bucket-allocator-bucket-count=8"
    "memorysetup-profiler-bucket-allocator-block-size=33554432"
    "memorysetup-profiler-bucket-allocator-block-count=8"
    "memorysetup-profiler-allocator-block-size=16777216"
    "memorysetup-profiler-editor-allocator-block-size=1048576"
    "memorysetup-temp-allocator-size-main=16777216"
    "memorysetup-job-temp-allocator-block-size=2097152"
    "memorysetup-job-temp-allocator-block-size-background=1048576"
    "memorysetup-job-temp-allocator-reduction-small-platforms=262144"
    "memorysetup-temp-allocator-size-background-worker=32768"
    "memorysetup-temp-allocator-size-job-worker=262144"
    "memorysetup-temp-allocator-size-preload-manager=33554432"
    "memorysetup-temp-allocator-size-nav-mesh-worker=65536"
    "memorysetup-temp-allocator-size-audio-worker=65536"
    "memorysetup-temp-allocator-size-cloud-worker=32768"
    "memorysetup-temp-allocator-size-gi-baking-worker=262144"
    "memorysetup-temp-allocator-size-gfx=262144"
Refreshing native plugins compatible for Editor in 132.60 ms, found 3 plugins.
Preloading 0 native plugins for Editor in 0.00 ms.
Initialize engine version: 2021.3.5f1 (40eb3a945986)
[Subsystems] Discovering subsystems at path C:/Program Files/Unity/Hub/Editor/2021.3.5f1/Editor/Data/Resources/UnitySubsystems
[Subsystems] Discovering subsystems at path C:/Users/guddn/GitPro/PracticeRepo/RPGproj/Assets
GfxDevice: creating device client; threaded=0; jobified=0
Direct3D:
    Version:  Direct3D 11.0 [level 11.1]
    Renderer: Intel(R) Arc(TM) A350M Graphics (ID=0x5694)
    Vendor:   Intel
    VRAM:     4018 MB
    Driver:   30.0.101.1747
Initialize mono
Mono path[0] = 'C:/Program Files/Unity/Hub/Editor/2021.3.5f1/Editor/Data/Managed'
Mono path[1] = 'C:/Program Files/Unity/Hub/Editor/2021.3.5f1/Editor/Data/MonoBleedingEdge/lib/mono/unityjit-win32'
Mono config path = 'C:/Program Files/Unity/Hub/Editor/2021.3.5f1/Editor/Data/MonoBleedingEdge/etc'
Using monoOptions --debugger-agent=transport=dt_socket,embedding=1,server=y,suspend=n,address=127.0.0.1:56272
Begin MonoManager ReloadAssembly
Registering precompiled unity dll's ...
Register platform support module: C:/Program Files/Unity/Hub/Editor/2021.3.5f1/Editor/Data/PlaybackEngines/WebGLSupport/UnityEditor.WebGL.Extensions.dll
Register platform support module: C:/Program Files/Unity/Hub/Editor/2021.3.5f1/Editor/Data/PlaybackEngines/WindowsStandaloneSupport/UnityEditor.WindowsStandalone.Extensions.dll
Registered in 0.005722 seconds.
Native extension for WindowsStandalone target not found
Native extension for WebGL target not found
Refreshing native plugins compatible for Editor in 135.88 ms, found 3 plugins.
Preloading 0 native plugins for Editor in 0.00 ms.
Mono: successfully reloaded assembly
- Completed reload, in  1.094 seconds
Domain Reload Profiling:
	ReloadAssembly (1095ms)
		BeginReloadAssembly (124ms)
			ExecutionOrderSort (0ms)
			DisableScriptedObjects (0ms)
			BackupInstance (0ms)
			ReleaseScriptingObjects (0ms)
			CreateAndSetChildDomain (1ms)
		EndReloadAssembly (782ms)
			LoadAssemblies (121ms)
			RebuildTransferFunctionScriptingTraits (0ms)
			SetupTypeCache (178ms)
			ReleaseScriptCaches (0ms)
			RebuildScriptCaches (62ms)
			SetupLoadedEditorAssemblies (460ms)
				LogAssemblyErrors (0ms)
				InitializePlatformSupportModulesInManaged (14ms)
				SetLoadedEditorAssemblies (1ms)
				RefreshPlugins (136ms)
				BeforeProcessingInitializeOnLoad (3ms)
				ProcessInitializeOnLoadAttributes (225ms)
				ProcessInitializeOnLoadMethodAttributes (81ms)
				AfterProcessingInitializeOnLoad (0ms)
				EditorAssembliesLoaded (0ms)
			ExecutionOrderSort2 (0ms)
			AwakeInstancesAfterBackupRestoration (0ms)
Platform modules already initialized, skipping
Registering precompiled user dll's ...
Registered in 0.008547 seconds.
Begin MonoManager ReloadAssembly
Symbol file LoadedFromMemory doesn't match image C:\Users\guddn\GitPro\PracticeRepo\RPGproj\Library\PackageCache\com.unity.visualscripting@1.7.8\Editor\VisualScripting.Core\Dependencies\YamlDotNet\Unity.VisualScripting.YamlDotNet.dll
Symbol file LoadedFromMemory doesn't match image C:\Users\guddn\GitPro\PracticeRepo\RPGproj\Library\PackageCache\com.unity.visualscripting@1.7.8\Editor\VisualScripting.Core\Dependencies\DotNetZip\Unity.VisualScripting.IonicZip.dll
Native extension for WindowsStandalone target not found
Native extension for WebGL target not found
Refreshing native plugins compatible for Editor in 1.34 ms, found 3 plugins.
Preloading 0 native plugins for Editor in 0.00 ms.
Mono: successfully reloaded assembly
- Completed reload, in  1.309 seconds
Domain Reload Profiling:
	ReloadAssembly (1310ms)
		BeginReloadAssembly (150ms)
			ExecutionOrderSort (0ms)
			DisableScriptedObjects (9ms)
			BackupInstance (0ms)
			ReleaseScriptingObjects (0ms)
			CreateAndSetChildDomain (32ms)
		EndReloadAssembly (1003ms)
			LoadAssemblies (100ms)
			RebuildTransferFunctionScriptingTraits (0ms)
			SetupTypeCache (280ms)
			ReleaseScriptCaches (1ms)
			RebuildScriptCaches (70ms)
			SetupLoadedEditorAssemblies (498ms)
				LogAssemblyErrors (0ms)
				InitializePlatformSupportModulesInManaged (9ms)
				SetLoadedEditorAssemblies (1ms)
				RefreshPlugins (1ms)
				BeforeProcessingInitializeOnLoad (113ms)
				ProcessInitializeOnLoadAttributes (318ms)
				ProcessInitializeOnLoadMethodAttributes (50ms)
				AfterProcessingInitializeOnLoad (6ms)
				EditorAssembliesLoaded (0ms)
			ExecutionOrderSort2 (0ms)
			AwakeInstancesAfterBackupRestoration (8ms)
Platform modules already initialized, skipping
========================================================================
Worker process is ready to serve import requests
Launched and connected shader compiler UnityShaderCompiler.exe after 0.08 seconds
Refreshing native plugins compatible for Editor in 1.11 ms, found 3 plugins.
Preloading 0 native plugins for Editor in 0.00 ms.
Unloading 3366 Unused Serialized files (Serialized files now loaded: 0)
Unloading 29 unused Assets / (86.1 KB). Loaded Objects now: 3828.
Memory consumption went from 119.7 MB to 119.6 MB.
Total: 6.068100 ms (FindLiveObjects: 0.477500 ms CreateObjectMapping: 0.284500 ms MarkObjects: 5.111800 ms  DeleteObjects: 0.192100 ms)

AssetImportParameters requested are different than current active one (requested -> active):
  custom:video-decoder-ogg-theora: a1e56fd34408186e4bbccfd4996cb3dc -> 
  custom:container-muxer-webm: aa71ff27fc2769a1b78a27578f13a17b -> 
  custom:container-demuxer-webm: 4f35f7cbe854078d1ac9338744f61a02 -> 
  custom:video-encoder-webm-vp8: eb34c28f22e8b96e1ab97ce403110664 -> 
  custom:video-codec-MediaFoundation-h265: 746d11721c4dcdbdad8f713fa42b33f4 -> 
  custom:audio-encoder-webm-vorbis: bf7c407c2cedff20999df2af8eb42d56 -> 
  custom:framework-win-MediaFoundation: 216162199b28c13a410421893ffa2e32 -> 
  custom:container-demuxer-ogg: 62fdf1f143b41e24485cea50d1cbac27 -> 
  custom:video-decoder-webm-vp8: 9c59270c3fd7afecdb556c50c9e8de78 -> 
  custom:audio-decoder-ogg-vorbis: bf7c407c2cedff20999df2af8eb42d56 -> 
========================================================================
Received Import Request.
  Time since last request: 13963.319233 seconds.
  path: Assets/Nature_pixel_art_assets/textures/Nature_props_01.png
  artifactKey: Guid(4b00c4fcb1be91245b2dab5149c61c5d) Importer(815301076,1909f56bfc062723c751e8b465ee728b)
Start importing Assets/Nature_pixel_art_assets/textures/Nature_props_01.png using Guid(4b00c4fcb1be91245b2dab5149c61c5d) Importer(815301076,1909f56bfc062723c751e8b465ee728b)  -> (artifact id: '488568e22140bc51a2f189d4934a5b90') in 0.454292 seconds 
========================================================================
Received Import Request.
  Time since last request: 19.881444 seconds.
  path: Assets/Nature_pixel_art_assets/textures/Nature_props_01.png
  artifactKey: Guid(4b00c4fcb1be91245b2dab5149c61c5d) Importer(815301076,1909f56bfc062723c751e8b465ee728b)
Start importing Assets/Nature_pixel_art_assets/textures/Nature_props_01.png using Guid(4b00c4fcb1be91245b2dab5149c61c5d) Importer(815301076,1909f56bfc062723c751e8b465ee728b)  -> (artifact id: 'c8812dabe1128c4ab3e1c94997ece944') in 0.311987 seconds 
========================================================================
Received Import Request.
  Time since last request: 40.760187 seconds.
  path: Assets/Nature_pixel_art_assets/textures/Nature_props_01_7.asset
  artifactKey: Guid(4bea39e1263bab64fb9de60d7e2343e6) Importer(815301076,1909f56bfc062723c751e8b465ee728b)
Start importing Assets/Nature_pixel_art_assets/textures/Nature_props_01_7.asset using Guid(4bea39e1263bab64fb9de60d7e2343e6) Importer(815301076,1909f56bfc062723c751e8b465ee728b)  -> (artifact id: 'ca5dc63fd79328c7a832e49c070320a1') in 0.048910 seconds 
========================================================================
Received Import Request.
  Time since last request: 0.000039 seconds.
  path: Assets/Nature_pixel_art_assets/textures/Nature_props_01_30.asset
  artifactKey: Guid(0f6c264b1e272764290e9613c20a32c8) Importer(815301076,1909f56bfc062723c751e8b465ee728b)
Start importing Assets/Nature_pixel_art_assets/textures/Nature_props_01_30.asset using Guid(0f6c264b1e272764290e9613c20a32c8) Importer(815301076,1909f56bfc062723c751e8b465ee728b)  -> (artifact id: 'd2cde003012b2d4a783b4f495f5c541c') in 0.032200 seconds 
========================================================================
Received Import Request.
  Time since last request: 0.000042 seconds.
  path: Assets/Nature_pixel_art_assets/textures/Nature_props_01_14.asset
  artifactKey: Guid(7d16793e035360a468e2dc3163afc6ad) Importer(815301076,1909f56bfc062723c751e8b465ee728b)
Start importing Assets/Nature_pixel_art_assets/textures/Nature_props_01_14.asset using Guid(7d16793e035360a468e2dc3163afc6ad) Importer(815301076,1909f56bfc062723c751e8b465ee728b)  -> (artifact id: '2d3ff651a3077a45523e95b2452a25b2') in 0.042990 seconds 
========================================================================
Received Import Request.
  Time since last request: 0.000037 seconds.
  path: Assets/Nature_pixel_art_assets/textures/Nature_props_01_17.asset
  artifactKey: Guid(2053bddab0ba5fe4e9e22d57250b0b14) Importer(815301076,1909f56bfc062723c751e8b465ee728b)
Start importing Assets/Nature_pixel_art_assets/textures/Nature_props_01_17.asset using Guid(2053bddab0ba5fe4e9e22d57250b0b14) Importer(815301076,1909f56bfc062723c751e8b465ee728b)  -> (artifact id: '1e17158e67c7beedaca384ecf1200ed1') in 0.024377 seconds 
========================================================================
Received Import Request.
  Time since last request: 0.000032 seconds.
  path: Assets/Nature_pixel_art_assets/textures/Nature_props_01_32.asset
  artifactKey: Guid(cdd2169220abae54d9a66237fe4f8da6) Importer(815301076,1909f56bfc062723c751e8b465ee728b)
Start importing Assets/Nature_pixel_art_assets/textures/Nature_props_01_32.asset using Guid(cdd2169220abae54d9a66237fe4f8da6) Importer(815301076,1909f56bfc062723c751e8b465ee728b)  -> (artifact id: 'a3fc52f6a043fb875eb13e5ed7e9afc8') in 0.023615 seconds 
========================================================================
Received Import Request.
  Time since last request: 0.000031 seconds.
  path: Assets/Nature_pixel_art_assets/textures/Nature_props_01_37.asset
  artifactKey: Guid(664a859706c54ad40b6a97160f6d9d33) Importer(815301076,1909f56bfc062723c751e8b465ee728b)
Start importing Assets/Nature_pixel_art_assets/textures/Nature_props_01_37.asset using Guid(664a859706c54ad40b6a97160f6d9d33) Importer(815301076,1909f56bfc062723c751e8b465ee728b)  -> (artifact id: 'a6ae2afad45b057b2b48d6b1709fb4f5') in 0.026360 seconds 
========================================================================
Received Import Request.
  Time since last request: 0.000037 seconds.
  path: Assets/Nature_pixel_art_assets/textures/Nature_props_01_36.asset
  artifactKey: Guid(a536096821162074e8b0c2b42002d793) Importer(815301076,1909f56bfc062723c751e8b465ee728b)
Start importing Assets/Nature_pixel_art_assets/textures/Nature_props_01_36.asset using Guid(a536096821162074e8b0c2b42002d793) Importer(815301076,1909f56bfc062723c751e8b465ee728b)  -> (artifact id: 'bfe2c379f8717dead204308641b2a898') in 0.022435 seconds 
========================================================================
Received Import Request.
  Time since last request: 0.149409 seconds.
  path: Assets/Nature_pixel_art_assets/textures/Nature_props_01_39.asset
  artifactKey: Guid(c7c295a41f9d85649a97b92fd0e57f26) Importer(815301076,1909f56bfc062723c751e8b465ee728b)
Start importing Assets/Nature_pixel_art_assets/textures/Nature_props_01_39.asset using Guid(c7c295a41f9d85649a97b92fd0e57f26) Importer(815301076,1909f56bfc062723c751e8b465ee728b)  -> (artifact id: '6feb5e010dafd1c0a775739d4ee37912') in 0.020074 seconds 
========================================================================
Received Import Request.
  Time since last request: 89.604055 seconds.
  path: Assets/Nature_pixel_art_assets/palette/Nature_environment_01.prefab
  artifactKey: Guid(325706ee1da856d4f849f2d78592f64c) Importer(815301076,1909f56bfc062723c751e8b465ee728b)
Start importing Assets/Nature_pixel_art_assets/palette/Nature_environment_01.prefab using Guid(325706ee1da856d4f849f2d78592f64c) Importer(815301076,1909f56bfc062723c751e8b465ee728b)  -> (artifact id: '276a940e126caf5fe1398385ec91c0f0') in 0.512146 seconds 
========================================================================
Received Import Request.
  Time since last request: 17.902479 seconds.
  path: Assets/Nature_pixel_art_assets/Prefabs/Nature_props/Nature_props_01.prefab
  artifactKey: Guid(e45c9aed6bafa964782c6325956f228f) Importer(815301076,1909f56bfc062723c751e8b465ee728b)
Start importing Assets/Nature_pixel_art_assets/Prefabs/Nature_props/Nature_props_01.prefab using Guid(e45c9aed6bafa964782c6325956f228f) Importer(815301076,1909f56bfc062723c751e8b465ee728b)  -> (artifact id: '4b54703a4220376d75429b7f980eda49') in 0.036908 seconds 
========================================================================
Received Import Request.
  Time since last request: 0.000046 seconds.
  path: Assets/Nature_pixel_art_assets/Prefabs/Nature_props/Nature_props_05.prefab
  artifactKey: Guid(77c0e2e550619d74592a6882db6d033d) Importer(815301076,1909f56bfc062723c751e8b465ee728b)
Start importing Assets/Nature_pixel_art_assets/Prefabs/Nature_props/Nature_props_05.prefab using Guid(77c0e2e550619d74592a6882db6d033d) Importer(815301076,1909f56bfc062723c751e8b465ee728b)  -> (artifact id: 'f876e0b4d65773824c4966c71cc116c4') in 0.041865 seconds 
========================================================================
Received Import Request.
  Time since last request: 0.000039 seconds.
  path: Assets/Nature_pixel_art_assets/Prefabs/Nature_props/Nature_props_08.prefab
  artifactKey: Guid(be973aab1705b594aa401a7d08cb2198) Importer(815301076,1909f56bfc062723c751e8b465ee728b)
Start importing Assets/Nature_pixel_art_assets/Prefabs/Nature_props/Nature_props_08.prefab using Guid(be973aab1705b594aa401a7d08cb2198) Importer(815301076,1909f56bfc062723c751e8b465ee728b)  -> (artifact id: '74429651e2345ee646d20cc14e1afb7a') in 0.041312 seconds 
========================================================================
Received Import Request.
  Time since last request: 0.000082 seconds.
  path: Assets/Nature_pixel_art_assets/Prefabs/Nature_props/Nature_props_14.prefab
  artifactKey: Guid(627b123d76dd42541b762a87c3ba8460) Importer(815301076,1909f56bfc062723c751e8b465ee728b)
Start importing Assets/Nature_pixel_art_assets/Prefabs/Nature_props/Nature_props_14.prefab using Guid(627b123d76dd42541b762a87c3ba8460) Importer(815301076,1909f56bfc062723c751e8b465ee728b)  -> (artifact id: '279341852103fcbbbe6c0d5cdf030960') in 0.034822 seconds 
========================================================================
Received Import Request.
  Time since last request: 0.000034 seconds.
  path: Assets/Nature_pixel_art_assets/Prefabs/Nature_props/Nature_props_21.prefab
  artifactKey: Guid(4dc93bd254f2c41479bfed68801a7bad) Importer(815301076,1909f56bfc062723c751e8b465ee728b)
Start importing Assets/Nature_pixel_art_assets/Prefabs/Nature_props/Nature_props_21.prefab using Guid(4dc93bd254f2c41479bfed68801a7bad) Importer(815301076,1909f56bfc062723c751e8b465ee728b)  -> (artifact id: 'c2d7fbc51d76ada45af95e233440609d') in 0.035691 seconds 
========================================================================
Received Import Request.
  Time since last request: 0.000044 seconds.
  path: Assets/Nature_pixel_art_assets/Prefabs/Nature_props/Nature_props_26.prefab
  artifactKey: Guid(efbde38838d036d49ab3d0ab4d323eae) Importer(815301076,1909f56bfc062723c751e8b465ee728b)
Start importing Assets/Nature_pixel_art_assets/Prefabs/Nature_props/Nature_props_26.prefab using Guid(efbde38838d036d49ab3d0ab4d323eae) Importer(815301076,1909f56bfc062723c751e8b465ee728b)  -> (artifact id: '4d12ff24b40780395dc812ba3c6c3f69') in 0.032478 seconds 
========================================================================
Received Import Request.
  Time since last request: 0.000040 seconds.
  path: Assets/Nature_pixel_art_assets/Prefabs/Nature_props/Nature_props_16.prefab
  artifactKey: Guid(05a512aa4c73d604892921f1d2a511e2) Importer(815301076,1909f56bfc062723c751e8b465ee728b)
Start importing Assets/Nature_pixel_art_assets/Prefabs/Nature_props/Nature_props_16.prefab using Guid(05a512aa4c73d604892921f1d2a511e2) Importer(815301076,1909f56bfc062723c751e8b465ee728b)  -> (artifact id: '4452a67cc491b3b2df09d8e59ff7b229') in 0.034275 seconds 
========================================================================
Received Import Request.
  Time since last request: 0.000076 seconds.
  path: Assets/Nature_pixel_art_assets/Prefabs/Nature_props/Nature_props_39.prefab
  artifactKey: Guid(ff2321c1e30309840845d6def31b27d4) Importer(815301076,1909f56bfc062723c751e8b465ee728b)
Start importing Assets/Nature_pixel_art_assets/Prefabs/Nature_props/Nature_props_39.prefab using Guid(ff2321c1e30309840845d6def31b27d4) Importer(815301076,1909f56bfc062723c751e8b465ee728b)  -> (artifact id: '09e0246c733352e993124ae2dc18b870') in 0.039865 seconds 
========================================================================
Received Import Request.
  Time since last request: 0.000037 seconds.
  path: Assets/Nature_pixel_art_assets/Prefabs/Nature_props/Nature_props_34.prefab
  artifactKey: Guid(6b13e8b5789585846a705035c6ad62cd) Importer(815301076,1909f56bfc062723c751e8b465ee728b)
Start importing Assets/Nature_pixel_art_assets/Prefabs/Nature_props/Nature_props_34.prefab using Guid(6b13e8b5789585846a705035c6ad62cd) Importer(815301076,1909f56bfc062723c751e8b465ee728b)  -> (artifact id: '3c24e1026805e707b1efa753fde2ac1b') in 0.025130 seconds 
========================================================================
Received Import Request.
  Time since last request: 0.000063 seconds.
  path: Assets/Nature_pixel_art_assets/Prefabs/Nature_props/Nature_props_36.prefab
  artifactKey: Guid(63c74e18159d5cf4a8bce25adca0f18b) Importer(815301076,1909f56bfc062723c751e8b465ee728b)
Start importing Assets/Nature_pixel_art_assets/Prefabs/Nature_props/Nature_props_36.prefab using Guid(63c74e18159d5cf4a8bce25adca0f18b) Importer(815301076,1909f56bfc062723c751e8b465ee728b)  -> (artifact id: '17f2f7dc20ce391ee9beae82e02d7c05') in 0.028873 seconds 
========================================================================
Received Import Request.
  Time since last request: 0.000031 seconds.
  path: Assets/Nature_pixel_art_assets/Prefabs/Nature_props/Nature_props_38.prefab
  artifactKey: Guid(c91193e0f75c73949bf7928ddd6cd517) Importer(815301076,1909f56bfc062723c751e8b465ee728b)
Start importing Assets/Nature_pixel_art_assets/Prefabs/Nature_props/Nature_props_38.prefab using Guid(c91193e0f75c73949bf7928ddd6cd517) Importer(815301076,1909f56bfc062723c751e8b465ee728b)  -> (artifact id: 'b00f653079f49194d6e19aceba4eafa3') in 0.028559 seconds 
========================================================================
Received Import Request.
  Time since last request: 0.000055 seconds.
  path: Assets/Nature_pixel_art_assets/Prefabs/Nature_props/Nature_props_04.prefab
  artifactKey: Guid(b03b2a5438f49b04db8ec8b2dcc8316c) Importer(815301076,1909f56bfc062723c751e8b465ee728b)
Start importing Assets/Nature_pixel_art_assets/Prefabs/Nature_props/Nature_props_04.prefab using Guid(b03b2a5438f49b04db8ec8b2dcc8316c) Importer(815301076,1909f56bfc062723c751e8b465ee728b)  -> (artifact id: '7e3def582bfbc50b7f982603649e6196') in 0.027830 seconds 
========================================================================
Received Import Request.
  Time since last request: 0.000035 seconds.
  path: Assets/Nature_pixel_art_assets/Prefabs/Nature_props/Nature_props_25.prefab
  artifactKey: Guid(d26f07b6b8619784cacddf6eb54abb9a) Importer(815301076,1909f56bfc062723c751e8b465ee728b)
Start importing Assets/Nature_pixel_art_assets/Prefabs/Nature_props/Nature_props_25.prefab using Guid(d26f07b6b8619784cacddf6eb54abb9a) Importer(815301076,1909f56bfc062723c751e8b465ee728b)  -> (artifact id: 'be0b1c47144479e184cc9616fb1556dd') in 0.028193 seconds 
========================================================================
Received Import Request.
  Time since last request: 0.000036 seconds.
  path: Assets/Nature_pixel_art_assets/Prefabs/Nature_props/Nature_props_09.prefab
  artifactKey: Guid(f3efe889a0e3f30479c4ec00226829f9) Importer(815301076,1909f56bfc062723c751e8b465ee728b)
Start importing Assets/Nature_pixel_art_assets/Prefabs/Nature_props/Nature_props_09.prefab using Guid(f3efe889a0e3f30479c4ec00226829f9) Importer(815301076,1909f56bfc062723c751e8b465ee728b)  -> (artifact id: 'b602e6c1503d631799e37eb5f284bee7') in 0.025520 seconds 
========================================================================
Received Import Request.
  Time since last request: 0.000034 seconds.
  path: Assets/Nature_pixel_art_assets/Prefabs/Nature_props/Nature_props_12.prefab
  artifactKey: Guid(57dc346d5f7d5fd40b8dbb439a6b62ab) Importer(815301076,1909f56bfc062723c751e8b465ee728b)
Start importing Assets/Nature_pixel_art_assets/Prefabs/Nature_props/Nature_props_12.prefab using Guid(57dc346d5f7d5fd40b8dbb439a6b62ab) Importer(815301076,1909f56bfc062723c751e8b465ee728b)  -> (artifact id: 'dd8f6cff90ba7ec26d791e333ead2092') in 0.028211 seconds 
========================================================================
Received Import Request.
  Time since last request: 0.000046 seconds.
  path: Assets/Nature_pixel_art_assets/Prefabs/Nature_props/Nature_props_19.prefab
  artifactKey: Guid(f72335d0f97cbdd4abec38471223522a) Importer(815301076,1909f56bfc062723c751e8b465ee728b)
Start importing Assets/Nature_pixel_art_assets/Prefabs/Nature_props/Nature_props_19.prefab using Guid(f72335d0f97cbdd4abec38471223522a) Importer(815301076,1909f56bfc062723c751e8b465ee728b)  -> (artifact id: '01688a2db022e127411f21bbbe13c46a') in 0.029240 seconds 
========================================================================
Received Import Request.
  Time since last request: 0.000076 seconds.
  path: Assets/Nature_pixel_art_assets/Prefabs/Nature_props/Nature_props_07.prefab
  artifactKey: Guid(758b8713682e85f4180f6192cd0210fe) Importer(815301076,1909f56bfc062723c751e8b465ee728b)
Start importing Assets/Nature_pixel_art_assets/Prefabs/Nature_props/Nature_props_07.prefab using Guid(758b8713682e85f4180f6192cd0210fe) Importer(815301076,1909f56bfc062723c751e8b465ee728b)  -> (artifact id: 'bfa12aa8fd6f123224272ccc586f6bb6') in 0.027974 seconds 
========================================================================
Received Import Request.
  Time since last request: 0.000060 seconds.
  path: Assets/Nature_pixel_art_assets/Prefabs/Nature_props/Nature_props_11.prefab
  artifactKey: Guid(6524230b94a7af4409d8c13b6474b3d1) Importer(815301076,1909f56bfc062723c751e8b465ee728b)
Start importing Assets/Nature_pixel_art_assets/Prefabs/Nature_props/Nature_props_11.prefab using Guid(6524230b94a7af4409d8c13b6474b3d1) Importer(815301076,1909f56bfc062723c751e8b465ee728b)  -> (artifact id: 'c5bbcad95ff085dc0a6ae957ae338a4c') in 0.027022 seconds 
========================================================================
Received Import Request.
  Time since last request: 0.000039 seconds.
  path: Assets/Nature_pixel_art_assets/Prefabs/Nature_props/Nature_props_28.prefab
  artifactKey: Guid(c60e10becc91cdc488b6f96b7aacf54a) Importer(815301076,1909f56bfc062723c751e8b465ee728b)
Start importing Assets/Nature_pixel_art_assets/Prefabs/Nature_props/Nature_props_28.prefab using Guid(c60e10becc91cdc488b6f96b7aacf54a) Importer(815301076,1909f56bfc062723c751e8b465ee728b)  -> (artifact id: 'cbe93246e75dfcfdf5b241561d8ad947') in 0.032251 seconds 
========================================================================
Received Import Request.
  Time since last request: 0.000045 seconds.
  path: Assets/Nature_pixel_art_assets/Prefabs/Nature_props/Nature_props_15.prefab
  artifactKey: Guid(486f42fcb063b4b4fa79b395c40825eb) Importer(815301076,1909f56bfc062723c751e8b465ee728b)
Start importing Assets/Nature_pixel_art_assets/Prefabs/Nature_props/Nature_props_15.prefab using Guid(486f42fcb063b4b4fa79b395c40825eb) Importer(815301076,1909f56bfc062723c751e8b465ee728b)  -> (artifact id: '12cc1ccf0f5326acbd8bbcf212d4a37c') in 0.029243 seconds 
Editor requested this worker to shutdown with reason: Scaling down because of idle timeout
AssetImportWorker is now disconnected from the server
Process exiting
Exiting without the bug reporter. Application will terminate with return code 0