Using pre-set license
Built from '2021.3/staging' branch; Version is '2021.3.5f1 (40eb3a945986) revision 4254522'; Using compiler version '192829333'; Build Type 'Release'
OS: 'Windows 11  (10.0.22000) 64bit Core' Language: 'ko' Physical Memory: 16010 MB
BatchMode: 1, IsHumanControllingUs: 0, StartBugReporterOnCrash: 0, Is64bit: 1, IsPro: 1

COMMAND LINE ARGUMENTS:
C:\Program Files\Unity\Hub\Editor\2021.3.5f1\Editor\Unity.exe
-adb2
-batchMode
-noUpm
-name
AssetImportWorker3
-projectPath
C:/Users/guddn/GitPro/PracticeRepo/RPGproj
-logFile
Logs/AssetImportWorker3.log
-srvPort
49333
Successfully changed project path to: C:/Users/guddn/GitPro/PracticeRepo/RPGproj
C:/Users/guddn/GitPro/PracticeRepo/RPGproj
[UnityMemory] Configuration Parameters - Can be set up in boot.config
    "memorysetup-bucket-allocator-granularity=16"
    "memorysetup-bucket-allocator-bucket-count=8"
    "memorysetup-bucket-allocator-block-size=33554432"
    "memorysetup-bucket-allocator-block-count=8"
    "memorysetup-main-allocator-block-size=16777216"
    "memorysetup-thread-allocator-block-size=16777216"
    "memorysetup-gfx-main-allocator-block-size=16777216"
    "memorysetup-gfx-thread-allocator-block-size=16777216"
    "memorysetup-cache-allocator-block-size=4194304"
    "memorysetup-typetree-allocator-block-size=2097152"
    "memorysetup-profiler-bucket-allocator-granularity=16"
    "memorysetup-profiler-bucket-allocator-bucket-count=8"
    "memorysetup-profiler-bucket-allocator-block-size=33554432"
    "memorysetup-profiler-bucket-allocator-block-count=8"
    "memorysetup-profiler-allocator-block-size=16777216"
    "memorysetup-profiler-editor-allocator-block-size=1048576"
    "memorysetup-temp-allocator-size-main=16777216"
    "memorysetup-job-temp-allocator-block-size=2097152"
    "memorysetup-job-temp-allocator-block-size-background=1048576"
    "memorysetup-job-temp-allocator-reduction-small-platforms=262144"
    "memorysetup-temp-allocator-size-background-worker=32768"
    "memorysetup-temp-allocator-size-job-worker=262144"
    "memorysetup-temp-allocator-size-preload-manager=33554432"
    "memorysetup-temp-allocator-size-nav-mesh-worker=65536"
    "memorysetup-temp-allocator-size-audio-worker=65536"
    "memorysetup-temp-allocator-size-cloud-worker=32768"
    "memorysetup-temp-allocator-size-gi-baking-worker=262144"
    "memorysetup-temp-allocator-size-gfx=262144"
Refreshing native plugins compatible for Editor in 72.10 ms, found 3 plugins.
Preloading 0 native plugins for Editor in 0.00 ms.
Initialize engine version: 2021.3.5f1 (40eb3a945986)
[Subsystems] Discovering subsystems at path C:/Program Files/Unity/Hub/Editor/2021.3.5f1/Editor/Data/Resources/UnitySubsystems
[Subsystems] Discovering subsystems at path C:/Users/guddn/GitPro/PracticeRepo/RPGproj/Assets
GfxDevice: creating device client; threaded=0; jobified=0
Direct3D:
    Version:  Direct3D 11.0 [level 11.1]
    Renderer: Microsoft Basic Render Driver (ID=0x8c)
    Vendor:   Microsoft
    VRAM:     8005 MB
Initialize mono
Mono path[0] = 'C:/Program Files/Unity/Hub/Editor/2021.3.5f1/Editor/Data/Managed'
Mono path[1] = 'C:/Program Files/Unity/Hub/Editor/2021.3.5f1/Editor/Data/MonoBleedingEdge/lib/mono/unityjit-win32'
Mono config path = 'C:/Program Files/Unity/Hub/Editor/2021.3.5f1/Editor/Data/MonoBleedingEdge/etc'
Using monoOptions --debugger-agent=transport=dt_socket,embedding=1,server=y,suspend=n,address=127.0.0.1:56940
Begin MonoManager ReloadAssembly
Registering precompiled unity dll's ...
Register platform support module: C:/Program Files/Unity/Hub/Editor/2021.3.5f1/Editor/Data/PlaybackEngines/WebGLSupport/UnityEditor.WebGL.Extensions.dll
Register platform support module: C:/Program Files/Unity/Hub/Editor/2021.3.5f1/Editor/Data/PlaybackEngines/WindowsStandaloneSupport/UnityEditor.WindowsStandalone.Extensions.dll
Registered in 0.007264 seconds.
Native extension for WindowsStandalone target not found
Native extension for WebGL target not found
Refreshing native plugins compatible for Editor in 65.45 ms, found 3 plugins.
Preloading 0 native plugins for Editor in 0.00 ms.
Mono: successfully reloaded assembly
- Completed reload, in  1.143 seconds
Domain Reload Profiling:
	ReloadAssembly (1143ms)
		BeginReloadAssembly (81ms)
			ExecutionOrderSort (0ms)
			DisableScriptedObjects (0ms)
			BackupInstance (0ms)
			ReleaseScriptingObjects (0ms)
			CreateAndSetChildDomain (1ms)
		EndReloadAssembly (725ms)
			LoadAssemblies (80ms)
			RebuildTransferFunctionScriptingTraits (0ms)
			SetupTypeCache (413ms)
			ReleaseScriptCaches (0ms)
			RebuildScriptCaches (28ms)
			SetupLoadedEditorAssemblies (236ms)
				LogAssemblyErrors (0ms)
				InitializePlatformSupportModulesInManaged (7ms)
				SetLoadedEditorAssemblies (0ms)
				RefreshPlugins (66ms)
				BeforeProcessingInitializeOnLoad (1ms)
				ProcessInitializeOnLoadAttributes (113ms)
				ProcessInitializeOnLoadMethodAttributes (49ms)
				AfterProcessingInitializeOnLoad (0ms)
				EditorAssembliesLoaded (0ms)
			ExecutionOrderSort2 (0ms)
			AwakeInstancesAfterBackupRestoration (0ms)
Platform modules already initialized, skipping
Registering precompiled user dll's ...
Registered in 0.010193 seconds.
Begin MonoManager ReloadAssembly
Symbol file LoadedFromMemory doesn't match image C:\Users\guddn\GitPro\PracticeRepo\RPGproj\Library\PackageCache\com.unity.visualscripting@1.7.8\Editor\VisualScripting.Core\Dependencies\YamlDotNet\Unity.VisualScripting.YamlDotNet.dll
Symbol file LoadedFromMemory doesn't match image C:\Users\guddn\GitPro\PracticeRepo\RPGproj\Library\PackageCache\com.unity.visualscripting@1.7.8\Editor\VisualScripting.Core\Dependencies\DotNetZip\Unity.VisualScripting.IonicZip.dll
Native extension for WindowsStandalone target not found
Native extension for WebGL target not found
Refreshing native plugins compatible for Editor in 0.50 ms, found 3 plugins.
Preloading 0 native plugins for Editor in 0.00 ms.
Mono: successfully reloaded assembly
- Completed reload, in  0.969 seconds
Domain Reload Profiling:
	ReloadAssembly (970ms)
		BeginReloadAssembly (91ms)
			ExecutionOrderSort (0ms)
			DisableScriptedObjects (4ms)
			BackupInstance (0ms)
			ReleaseScriptingObjects (0ms)
			CreateAndSetChildDomain (20ms)
		EndReloadAssembly (781ms)
			LoadAssemblies (86ms)
			RebuildTransferFunctionScriptingTraits (0ms)
			SetupTypeCache (176ms)
			ReleaseScriptCaches (0ms)
			RebuildScriptCaches (44ms)
			SetupLoadedEditorAssemblies (439ms)
				LogAssemblyErrors (0ms)
				InitializePlatformSupportModulesInManaged (6ms)
				SetLoadedEditorAssemblies (0ms)
				RefreshPlugins (1ms)
				BeforeProcessingInitializeOnLoad (67ms)
				ProcessInitializeOnLoadAttributes (326ms)
				ProcessInitializeOnLoadMethodAttributes (35ms)
				AfterProcessingInitializeOnLoad (4ms)
				EditorAssembliesLoaded (0ms)
			ExecutionOrderSort2 (0ms)
			AwakeInstancesAfterBackupRestoration (5ms)
Platform modules already initialized, skipping
========================================================================
Worker process is ready to serve import requests
Launched and connected shader compiler UnityShaderCompiler.exe after 0.11 seconds
Refreshing native plugins compatible for Editor in 0.76 ms, found 3 plugins.
Preloading 0 native plugins for Editor in 0.00 ms.
Unloading 3362 Unused Serialized files (Serialized files now loaded: 0)
Unloading 29 unused Assets / (86.2 KB). Loaded Objects now: 3824.
Memory consumption went from 117.3 MB to 117.2 MB.
Total: 3.339500 ms (FindLiveObjects: 0.251500 ms CreateObjectMapping: 0.119200 ms MarkObjects: 2.856100 ms  DeleteObjects: 0.111100 ms)

AssetImportParameters requested are different than current active one (requested -> active):
  custom:video-decoder-ogg-theora: a1e56fd34408186e4bbccfd4996cb3dc -> 
  custom:container-muxer-webm: aa71ff27fc2769a1b78a27578f13a17b -> 
  custom:container-demuxer-webm: 4f35f7cbe854078d1ac9338744f61a02 -> 
  custom:video-encoder-webm-vp8: eb34c28f22e8b96e1ab97ce403110664 -> 
  custom:video-codec-MediaFoundation-h265: 746d11721c4dcdbdad8f713fa42b33f4 -> 
  custom:audio-encoder-webm-vorbis: bf7c407c2cedff20999df2af8eb42d56 -> 
  custom:framework-win-MediaFoundation: 216162199b28c13a410421893ffa2e32 -> 
  custom:container-demuxer-ogg: 62fdf1f143b41e24485cea50d1cbac27 -> 
  custom:video-decoder-webm-vp8: 9c59270c3fd7afecdb556c50c9e8de78 -> 
  custom:audio-decoder-ogg-vorbis: bf7c407c2cedff20999df2af8eb42d56 -> 
========================================================================
Received Import Request.
  Time since last request: 451198.456692 seconds.
  path: Assets/Cainos/Pixel Art Icon Pack - RPG/Texture/Monster Part/Monster Eye.png
  artifactKey: Guid(4461c87bad5222349b14c22b26d43b95) Importer(815301076,1909f56bfc062723c751e8b465ee728b)
Start importing Assets/Cainos/Pixel Art Icon Pack - RPG/Texture/Monster Part/Monster Eye.png using Guid(4461c87bad5222349b14c22b26d43b95) Importer(815301076,1909f56bfc062723c751e8b465ee728b)  -> (artifact id: '8f15e9b671e40ef84b10f7559d22060a') in 0.300685 seconds 
========================================================================
Received Import Request.
  Time since last request: 15.494621 seconds.
  path: Assets/Cainos/Pixel Art Icon Pack - RPG/Texture/Ore & Gem/Diamond.png
  artifactKey: Guid(3faa68d4e2f05f04786133598667ac36) Importer(815301076,1909f56bfc062723c751e8b465ee728b)
Start importing Assets/Cainos/Pixel Art Icon Pack - RPG/Texture/Ore & Gem/Diamond.png using Guid(3faa68d4e2f05f04786133598667ac36) Importer(815301076,1909f56bfc062723c751e8b465ee728b)  -> (artifact id: 'cf7f3a74989be41aea6069e957c397fa') in 0.068774 seconds 
========================================================================
Received Import Request.
  Time since last request: 0.001091 seconds.
  path: Assets/Cainos/Pixel Art Icon Pack - RPG/Texture/Ore & Gem/Ruby.png
  artifactKey: Guid(67d92be28ed43314bbaf848a1d873f6c) Importer(815301076,1909f56bfc062723c751e8b465ee728b)
Start importing Assets/Cainos/Pixel Art Icon Pack - RPG/Texture/Ore & Gem/Ruby.png using Guid(67d92be28ed43314bbaf848a1d873f6c) Importer(815301076,1909f56bfc062723c751e8b465ee728b)  -> (artifact id: 'ac5f80ddb0cbee2f731e562076fd2fb9') in 0.108997 seconds 
========================================================================
Received Import Request.
  Time since last request: 0.000048 seconds.
  path: Assets/Cainos/Pixel Art Icon Pack - RPG/Texture/Ore & Gem/Golden Ingot.png
  artifactKey: Guid(39d66829824cb1d4da958035ee18213a) Importer(815301076,1909f56bfc062723c751e8b465ee728b)
Start importing Assets/Cainos/Pixel Art Icon Pack - RPG/Texture/Ore & Gem/Golden Ingot.png using Guid(39d66829824cb1d4da958035ee18213a) Importer(815301076,1909f56bfc062723c751e8b465ee728b)  -> (artifact id: '6517354e4e47f86e1cc2cc96350c95d5') in 0.074215 seconds 
========================================================================
Received Import Request.
  Time since last request: 1.026924 seconds.
  path: Assets/Cainos/Pixel Art Icon Pack - RPG/Texture/Potion/Green Potion.png
  artifactKey: Guid(805736230f06ac449a72b0ecb951e522) Importer(815301076,1909f56bfc062723c751e8b465ee728b)
Start importing Assets/Cainos/Pixel Art Icon Pack - RPG/Texture/Potion/Green Potion.png using Guid(805736230f06ac449a72b0ecb951e522) Importer(815301076,1909f56bfc062723c751e8b465ee728b)  -> (artifact id: 'feaf252ae22bce0334bc72a3c94c1375') in 0.095262 seconds 
========================================================================
Received Import Request.
  Time since last request: 0.000052 seconds.
  path: Assets/Cainos/Pixel Art Icon Pack - RPG/Texture/Potion/Water Bottle.png
  artifactKey: Guid(3a481bc5b3972b54ab4918d5226622af) Importer(815301076,1909f56bfc062723c751e8b465ee728b)
Start importing Assets/Cainos/Pixel Art Icon Pack - RPG/Texture/Potion/Water Bottle.png using Guid(3a481bc5b3972b54ab4918d5226622af) Importer(815301076,1909f56bfc062723c751e8b465ee728b)  -> (artifact id: '41c4dc1aef4d6efcb3a5b05b88fb0bd7') in 0.076552 seconds 
========================================================================
Received Import Request.
  Time since last request: 2.753196 seconds.
  path: Assets/Cainos/Pixel Art Icon Pack - RPG/Texture/Material/Rope.png
  artifactKey: Guid(3281101b955224c4f9bfd58e8ab4c342) Importer(815301076,1909f56bfc062723c751e8b465ee728b)
Start importing Assets/Cainos/Pixel Art Icon Pack - RPG/Texture/Material/Rope.png using Guid(3281101b955224c4f9bfd58e8ab4c342) Importer(815301076,1909f56bfc062723c751e8b465ee728b)  -> (artifact id: '04826660414e29df0ea2f1ade9504d31') in 0.042245 seconds 
========================================================================
Received Import Request.
  Time since last request: 0.000040 seconds.
  path: Assets/Cainos/Pixel Art Icon Pack - RPG/Texture/Material/Wool.png
  artifactKey: Guid(046f821c76a004e4c91b9f27ee906194) Importer(815301076,1909f56bfc062723c751e8b465ee728b)
Start importing Assets/Cainos/Pixel Art Icon Pack - RPG/Texture/Material/Wool.png using Guid(046f821c76a004e4c91b9f27ee906194) Importer(815301076,1909f56bfc062723c751e8b465ee728b)  -> (artifact id: '6847792b2e5e199d6d04cd26fa00b597') in 0.082359 seconds 
========================================================================
Received Import Request.
  Time since last request: 1243.835656 seconds.
  path: Assets/Nature_pixel_art_assets/Nature_tiles_01/nature_environment_01_1.asset
  artifactKey: Guid(f89e0e4d00dd9ff4a82ac37553eb9157) Importer(815301076,1909f56bfc062723c751e8b465ee728b)
Start importing Assets/Nature_pixel_art_assets/Nature_tiles_01/nature_environment_01_1.asset using Guid(f89e0e4d00dd9ff4a82ac37553eb9157) Importer(815301076,1909f56bfc062723c751e8b465ee728b)  -> (artifact id: '286a9d16e97907156259bc79a76c2ef6') in 0.082746 seconds 
========================================================================
Received Import Request.
  Time since last request: 0.000031 seconds.
  path: Assets/Nature_pixel_art_assets/Nature_tiles_01/nature_environment_01_17.asset
  artifactKey: Guid(d939e9364e24b0442a063db3b1bd1057) Importer(815301076,1909f56bfc062723c751e8b465ee728b)
Start importing Assets/Nature_pixel_art_assets/Nature_tiles_01/nature_environment_01_17.asset using Guid(d939e9364e24b0442a063db3b1bd1057) Importer(815301076,1909f56bfc062723c751e8b465ee728b)  -> (artifact id: '7db3556a44f336e7f237c44a61300b45') in 0.032631 seconds 
========================================================================
Received Import Request.
  Time since last request: 0.000043 seconds.
  path: Assets/Nature_pixel_art_assets/Nature_tiles_01/nature_environment_01_31.asset
  artifactKey: Guid(4a52573e169b6a6448cac353b784bcf8) Importer(815301076,1909f56bfc062723c751e8b465ee728b)
Start importing Assets/Nature_pixel_art_assets/Nature_tiles_01/nature_environment_01_31.asset using Guid(4a52573e169b6a6448cac353b784bcf8) Importer(815301076,1909f56bfc062723c751e8b465ee728b)  -> (artifact id: '195ed814b37386ed8157d18123acc678') in 0.038127 seconds 
========================================================================
Received Import Request.
  Time since last request: 0.000047 seconds.
  path: Assets/Nature_pixel_art_assets/Nature_tiles_01/nature_environment_01_36.asset
  artifactKey: Guid(1776c3335baafba479b1ab381145e932) Importer(815301076,1909f56bfc062723c751e8b465ee728b)
Start importing Assets/Nature_pixel_art_assets/Nature_tiles_01/nature_environment_01_36.asset using Guid(1776c3335baafba479b1ab381145e932) Importer(815301076,1909f56bfc062723c751e8b465ee728b)  -> (artifact id: '0b792f64966b1e0acdb1c047134f19ea') in 0.032737 seconds 
========================================================================
Received Import Request.
  Time since last request: 0.000046 seconds.
  path: Assets/Nature_pixel_art_assets/Nature_tiles_01/nature_environment_01_46.asset
  artifactKey: Guid(f8bde329e3be4f94999206cb0ccd3d5d) Importer(815301076,1909f56bfc062723c751e8b465ee728b)
Start importing Assets/Nature_pixel_art_assets/Nature_tiles_01/nature_environment_01_46.asset using Guid(f8bde329e3be4f94999206cb0ccd3d5d) Importer(815301076,1909f56bfc062723c751e8b465ee728b)  -> (artifact id: '53d9c94dc8433e0ed7f2cb30fb8846aa') in 0.035551 seconds 
========================================================================
Received Import Request.
  Time since last request: 0.000071 seconds.
  path: Assets/Nature_pixel_art_assets/Nature_tiles_01/nature_environment_01_18.asset
  artifactKey: Guid(9250ce762feee7641bc2af386078e025) Importer(815301076,1909f56bfc062723c751e8b465ee728b)
Start importing Assets/Nature_pixel_art_assets/Nature_tiles_01/nature_environment_01_18.asset using Guid(9250ce762feee7641bc2af386078e025) Importer(815301076,1909f56bfc062723c751e8b465ee728b)  -> (artifact id: 'bc47394ab26e666543c7c356382078a1') in 0.052192 seconds 
========================================================================
Received Import Request.
  Time since last request: 0.000048 seconds.
  path: Assets/Nature_pixel_art_assets/Nature_tiles_01/nature_environment_01_44.asset
  artifactKey: Guid(e7107401309ba754e8dfeffd3a10fa0b) Importer(815301076,1909f56bfc062723c751e8b465ee728b)
Start importing Assets/Nature_pixel_art_assets/Nature_tiles_01/nature_environment_01_44.asset using Guid(e7107401309ba754e8dfeffd3a10fa0b) Importer(815301076,1909f56bfc062723c751e8b465ee728b)  -> (artifact id: 'd7c0d6144c3a353ae92005e207dd09af') in 0.037183 seconds 
========================================================================
Received Import Request.
  Time since last request: 0.000070 seconds.
  path: Assets/Nature_pixel_art_assets/Nature_tiles_01/nature_environment_01_8.asset
  artifactKey: Guid(1c4046e470f8fe04fb25cbdc443ffb7a) Importer(815301076,1909f56bfc062723c751e8b465ee728b)
Start importing Assets/Nature_pixel_art_assets/Nature_tiles_01/nature_environment_01_8.asset using Guid(1c4046e470f8fe04fb25cbdc443ffb7a) Importer(815301076,1909f56bfc062723c751e8b465ee728b)  -> (artifact id: '968a4b95da2b605832ec786e8e9dffc8') in 0.035501 seconds 
========================================================================
Received Import Request.
  Time since last request: 0.000069 seconds.
  path: Assets/Nature_pixel_art_assets/Nature_tiles_01/nature_environment_01_28.asset
  artifactKey: Guid(6967eb696fdf710419c01d1cecbe402b) Importer(815301076,1909f56bfc062723c751e8b465ee728b)
Start importing Assets/Nature_pixel_art_assets/Nature_tiles_01/nature_environment_01_28.asset using Guid(6967eb696fdf710419c01d1cecbe402b) Importer(815301076,1909f56bfc062723c751e8b465ee728b)  -> (artifact id: '32dcfdf053549fc07e54daa79141d411') in 0.044735 seconds 
========================================================================
Received Import Request.
  Time since last request: 0.000051 seconds.
  path: Assets/Nature_pixel_art_assets/Nature_tiles_01/nature_environment_01_9.asset
  artifactKey: Guid(a52b44c5cb2213f46a274bf1b336bf94) Importer(815301076,1909f56bfc062723c751e8b465ee728b)
Start importing Assets/Nature_pixel_art_assets/Nature_tiles_01/nature_environment_01_9.asset using Guid(a52b44c5cb2213f46a274bf1b336bf94) Importer(815301076,1909f56bfc062723c751e8b465ee728b)  -> (artifact id: 'ad2e86b93cdcf6722271f7d2e1297853') in 0.031426 seconds 
========================================================================
Received Import Request.
  Time since last request: 0.000039 seconds.
  path: Assets/Nature_pixel_art_assets/Nature_tiles_01/nature_environment_01_35.asset
  artifactKey: Guid(53d36402410e9424483884e2d7dacbd6) Importer(815301076,1909f56bfc062723c751e8b465ee728b)
Start importing Assets/Nature_pixel_art_assets/Nature_tiles_01/nature_environment_01_35.asset using Guid(53d36402410e9424483884e2d7dacbd6) Importer(815301076,1909f56bfc062723c751e8b465ee728b)  -> (artifact id: '561f7323eb4e333a93bfe977b3ec7ce7') in 0.049992 seconds 
========================================================================
Received Import Request.
  Time since last request: 0.000036 seconds.
  path: Assets/Nature_pixel_art_assets/Nature_tiles_01/nature_environment_01_10.asset
  artifactKey: Guid(cbe3998d4d0509d40bbad333e66f6646) Importer(815301076,1909f56bfc062723c751e8b465ee728b)
Start importing Assets/Nature_pixel_art_assets/Nature_tiles_01/nature_environment_01_10.asset using Guid(cbe3998d4d0509d40bbad333e66f6646) Importer(815301076,1909f56bfc062723c751e8b465ee728b)  -> (artifact id: '50758bc568892bc0c37cb4640fe2e2f0') in 0.027502 seconds 
========================================================================
Received Import Request.
  Time since last request: 0.000056 seconds.
  path: Assets/Nature_pixel_art_assets/Nature_tiles_01/nature_environment_01_7.asset
  artifactKey: Guid(d2f43fb3ea3302849bb80e0affd927a7) Importer(815301076,1909f56bfc062723c751e8b465ee728b)
Start importing Assets/Nature_pixel_art_assets/Nature_tiles_01/nature_environment_01_7.asset using Guid(d2f43fb3ea3302849bb80e0affd927a7) Importer(815301076,1909f56bfc062723c751e8b465ee728b)  -> (artifact id: '62e2f7a277029598341996955d29a243') in 0.038017 seconds 
========================================================================
Received Import Request.
  Time since last request: 0.000034 seconds.
  path: Assets/Nature_pixel_art_assets/Nature_tiles_01/nature_environment_01_19.asset
  artifactKey: Guid(5cad1f295968b9540a2900c644a2de18) Importer(815301076,1909f56bfc062723c751e8b465ee728b)
Start importing Assets/Nature_pixel_art_assets/Nature_tiles_01/nature_environment_01_19.asset using Guid(5cad1f295968b9540a2900c644a2de18) Importer(815301076,1909f56bfc062723c751e8b465ee728b)  -> (artifact id: 'f8f67b36c08279bbd5c84e7048061d56') in 0.044479 seconds 
========================================================================
Received Import Request.
  Time since last request: 0.000075 seconds.
  path: Assets/Nature_pixel_art_assets/Nature_tiles_01/nature_environment_01_5.asset
  artifactKey: Guid(1f87f1348aa25d64eb87728054a5a7cb) Importer(815301076,1909f56bfc062723c751e8b465ee728b)
Start importing Assets/Nature_pixel_art_assets/Nature_tiles_01/nature_environment_01_5.asset using Guid(1f87f1348aa25d64eb87728054a5a7cb) Importer(815301076,1909f56bfc062723c751e8b465ee728b)  -> (artifact id: '56a57dcdb94ada37fb68170f55f84d8b') in 0.045245 seconds 
========================================================================
Received Import Request.
  Time since last request: 0.000050 seconds.
  path: Assets/Nature_pixel_art_assets/Nature_tiles_01/nature_environment_01_24.asset
  artifactKey: Guid(f580e8ca563a1424b9277f875e0d2f80) Importer(815301076,1909f56bfc062723c751e8b465ee728b)
Start importing Assets/Nature_pixel_art_assets/Nature_tiles_01/nature_environment_01_24.asset using Guid(f580e8ca563a1424b9277f875e0d2f80) Importer(815301076,1909f56bfc062723c751e8b465ee728b)  -> (artifact id: '4c8c151eef59b612959a90c5f3be8d49') in 0.040863 seconds 
========================================================================
Received Import Request.
  Time since last request: 0.000056 seconds.
  path: Assets/Nature_pixel_art_assets/Nature_tiles_01/nature_environment_01_2.asset
  artifactKey: Guid(9ea4d1f38d1648348aac4c7be6c6fdad) Importer(815301076,1909f56bfc062723c751e8b465ee728b)
Start importing Assets/Nature_pixel_art_assets/Nature_tiles_01/nature_environment_01_2.asset using Guid(9ea4d1f38d1648348aac4c7be6c6fdad) Importer(815301076,1909f56bfc062723c751e8b465ee728b)  -> (artifact id: '8724255c2b163bccc25014bbd8373694') in 0.053300 seconds 
========================================================================
Received Import Request.
  Time since last request: 0.000030 seconds.
  path: Assets/Nature_pixel_art_assets/Nature_tiles_01/nature_environment_01_33.asset
  artifactKey: Guid(172d08bcb53dccf42bb2c64bbb58474b) Importer(815301076,1909f56bfc062723c751e8b465ee728b)
Start importing Assets/Nature_pixel_art_assets/Nature_tiles_01/nature_environment_01_33.asset using Guid(172d08bcb53dccf42bb2c64bbb58474b) Importer(815301076,1909f56bfc062723c751e8b465ee728b)  -> (artifact id: 'be1395c5b66e0ef28dd138291292ec74') in 0.061033 seconds 
========================================================================
Received Import Request.
  Time since last request: 0.000056 seconds.
  path: Assets/Nature_pixel_art_assets/Nature_tiles_01/nature_environment_01_37.asset
  artifactKey: Guid(d105ef3629de8b2469b1b4815ca5fbfa) Importer(815301076,1909f56bfc062723c751e8b465ee728b)
Start importing Assets/Nature_pixel_art_assets/Nature_tiles_01/nature_environment_01_37.asset using Guid(d105ef3629de8b2469b1b4815ca5fbfa) Importer(815301076,1909f56bfc062723c751e8b465ee728b)  -> (artifact id: '9ba7e78efa6e3d388952fa927235e7fc') in 0.039473 seconds 
========================================================================
Received Import Request.
  Time since last request: 0.000061 seconds.
  path: Assets/Nature_pixel_art_assets/Nature_tiles_01/nature_environment_01_42.asset
  artifactKey: Guid(7edb7b09558aa5546b128e5ac0ebb4fc) Importer(815301076,1909f56bfc062723c751e8b465ee728b)
Start importing Assets/Nature_pixel_art_assets/Nature_tiles_01/nature_environment_01_42.asset using Guid(7edb7b09558aa5546b128e5ac0ebb4fc) Importer(815301076,1909f56bfc062723c751e8b465ee728b)  -> (artifact id: 'd721245ef55ba29dab461755ff9cba37') in 0.028085 seconds 
========================================================================
Received Import Request.
  Time since last request: 0.000035 seconds.
  path: Assets/Nature_pixel_art_assets/Nature_tiles_01/nature_environment_01_13.asset
  artifactKey: Guid(35778d0f47fa3b04db869da7e2cd3e6d) Importer(815301076,1909f56bfc062723c751e8b465ee728b)
Start importing Assets/Nature_pixel_art_assets/Nature_tiles_01/nature_environment_01_13.asset using Guid(35778d0f47fa3b04db869da7e2cd3e6d) Importer(815301076,1909f56bfc062723c751e8b465ee728b)  -> (artifact id: '82179da0319f4af1cb7d623212c13422') in 0.033282 seconds 
========================================================================
Received Import Request.
  Time since last request: 0.000030 seconds.
  path: Assets/Nature_pixel_art_assets/Nature_tiles_01/nature_environment_01_39.asset
  artifactKey: Guid(570068a36440d9843bdbbab8b5a35f0d) Importer(815301076,1909f56bfc062723c751e8b465ee728b)
Start importing Assets/Nature_pixel_art_assets/Nature_tiles_01/nature_environment_01_39.asset using Guid(570068a36440d9843bdbbab8b5a35f0d) Importer(815301076,1909f56bfc062723c751e8b465ee728b)  -> (artifact id: 'b321c6a0854384d3216daeb0dc8ee224') in 0.040305 seconds 
========================================================================
Received Import Request.
  Time since last request: 0.000036 seconds.
  path: Assets/Nature_pixel_art_assets/Nature_tiles_01/nature_environment_01_47.asset
  artifactKey: Guid(9d089f408eb9f7c4e8c1d55f66239dbd) Importer(815301076,1909f56bfc062723c751e8b465ee728b)
Start importing Assets/Nature_pixel_art_assets/Nature_tiles_01/nature_environment_01_47.asset using Guid(9d089f408eb9f7c4e8c1d55f66239dbd) Importer(815301076,1909f56bfc062723c751e8b465ee728b)  -> (artifact id: '61bd16e203176101e36f11e28383cffa') in 0.066128 seconds 
========================================================================
Received Import Request.
  Time since last request: 0.000086 seconds.
  path: Assets/Nature_pixel_art_assets/Nature_tiles_01/nature_environment_01_20.asset
  artifactKey: Guid(7b5a2d31a0ae1ce4883928e9d5aa6eb2) Importer(815301076,1909f56bfc062723c751e8b465ee728b)
Start importing Assets/Nature_pixel_art_assets/Nature_tiles_01/nature_environment_01_20.asset using Guid(7b5a2d31a0ae1ce4883928e9d5aa6eb2) Importer(815301076,1909f56bfc062723c751e8b465ee728b)  -> (artifact id: 'f2de5efe71f3b41c15d41b25931a3131') in 0.037586 seconds 
========================================================================
Received Import Request.
  Time since last request: 0.000039 seconds.
  path: Assets/Nature_pixel_art_assets/Nature_tiles_01/nature_environment_01_45.asset
  artifactKey: Guid(d6f348fcc415f09449722f37c91aaab9) Importer(815301076,1909f56bfc062723c751e8b465ee728b)
Start importing Assets/Nature_pixel_art_assets/Nature_tiles_01/nature_environment_01_45.asset using Guid(d6f348fcc415f09449722f37c91aaab9) Importer(815301076,1909f56bfc062723c751e8b465ee728b)  -> (artifact id: '6aa704bb53773b6278d89d875a35e345') in 0.044566 seconds 
========================================================================
Received Import Request.
  Time since last request: 0.000039 seconds.
  path: Assets/Nature_pixel_art_assets/Nature_tiles_01/nature_environment_01_34.asset
  artifactKey: Guid(943edf6edf7062047a1fae5c71364c92) Importer(815301076,1909f56bfc062723c751e8b465ee728b)
Start importing Assets/Nature_pixel_art_assets/Nature_tiles_01/nature_environment_01_34.asset using Guid(943edf6edf7062047a1fae5c71364c92) Importer(815301076,1909f56bfc062723c751e8b465ee728b)  -> (artifact id: 'aa716b3ea312db68c5a83b09958c92b6') in 0.044507 seconds 
Editor requested this worker to shutdown with reason: Scaling down because of idle timeout
AssetImportWorker is now disconnected from the server
Process exiting
Exiting without the bug reporter. Application will terminate with return code 0