Using pre-set license
Built from '2021.3/staging' branch; Version is '2021.3.5f1 (40eb3a945986) revision 4254522'; Using compiler version '192829333'; Build Type 'Release'
OS: 'Windows 11  (10.0.22000) 64bit Core' Language: 'ko' Physical Memory: 16010 MB
BatchMode: 1, IsHumanControllingUs: 0, StartBugReporterOnCrash: 0, Is64bit: 1, IsPro: 1

COMMAND LINE ARGUMENTS:
C:\Program Files\Unity\Hub\Editor\2021.3.5f1\Editor\Unity.exe
-adb2
-batchMode
-noUpm
-name
AssetImportWorker2
-projectPath
C:/Users/guddn/GitPro/PracticeRepo/RPGproj
-logFile
Logs/AssetImportWorker2.log
-srvPort
49333
Successfully changed project path to: C:/Users/guddn/GitPro/PracticeRepo/RPGproj
C:/Users/guddn/GitPro/PracticeRepo/RPGproj
[UnityMemory] Configuration Parameters - Can be set up in boot.config
    "memorysetup-bucket-allocator-granularity=16"
    "memorysetup-bucket-allocator-bucket-count=8"
    "memorysetup-bucket-allocator-block-size=33554432"
    "memorysetup-bucket-allocator-block-count=8"
    "memorysetup-main-allocator-block-size=16777216"
    "memorysetup-thread-allocator-block-size=16777216"
    "memorysetup-gfx-main-allocator-block-size=16777216"
    "memorysetup-gfx-thread-allocator-block-size=16777216"
    "memorysetup-cache-allocator-block-size=4194304"
    "memorysetup-typetree-allocator-block-size=2097152"
    "memorysetup-profiler-bucket-allocator-granularity=16"
    "memorysetup-profiler-bucket-allocator-bucket-count=8"
    "memorysetup-profiler-bucket-allocator-block-size=33554432"
    "memorysetup-profiler-bucket-allocator-block-count=8"
    "memorysetup-profiler-allocator-block-size=16777216"
    "memorysetup-profiler-editor-allocator-block-size=1048576"
    "memorysetup-temp-allocator-size-main=16777216"
    "memorysetup-job-temp-allocator-block-size=2097152"
    "memorysetup-job-temp-allocator-block-size-background=1048576"
    "memorysetup-job-temp-allocator-reduction-small-platforms=262144"
    "memorysetup-temp-allocator-size-background-worker=32768"
    "memorysetup-temp-allocator-size-job-worker=262144"
    "memorysetup-temp-allocator-size-preload-manager=33554432"
    "memorysetup-temp-allocator-size-nav-mesh-worker=65536"
    "memorysetup-temp-allocator-size-audio-worker=65536"
    "memorysetup-temp-allocator-size-cloud-worker=32768"
    "memorysetup-temp-allocator-size-gi-baking-worker=262144"
    "memorysetup-temp-allocator-size-gfx=262144"
Refreshing native plugins compatible for Editor in 72.31 ms, found 3 plugins.
Preloading 0 native plugins for Editor in 0.00 ms.
Initialize engine version: 2021.3.5f1 (40eb3a945986)
[Subsystems] Discovering subsystems at path C:/Program Files/Unity/Hub/Editor/2021.3.5f1/Editor/Data/Resources/UnitySubsystems
[Subsystems] Discovering subsystems at path C:/Users/guddn/GitPro/PracticeRepo/RPGproj/Assets
GfxDevice: creating device client; threaded=0; jobified=0
Direct3D:
    Version:  Direct3D 11.0 [level 11.1]
    Renderer: Microsoft Basic Render Driver (ID=0x8c)
    Vendor:   Microsoft
    VRAM:     8005 MB
Initialize mono
Mono path[0] = 'C:/Program Files/Unity/Hub/Editor/2021.3.5f1/Editor/Data/Managed'
Mono path[1] = 'C:/Program Files/Unity/Hub/Editor/2021.3.5f1/Editor/Data/MonoBleedingEdge/lib/mono/unityjit-win32'
Mono config path = 'C:/Program Files/Unity/Hub/Editor/2021.3.5f1/Editor/Data/MonoBleedingEdge/etc'
Using monoOptions --debugger-agent=transport=dt_socket,embedding=1,server=y,suspend=n,address=127.0.0.1:56228
Begin MonoManager ReloadAssembly
Registering precompiled unity dll's ...
Register platform support module: C:/Program Files/Unity/Hub/Editor/2021.3.5f1/Editor/Data/PlaybackEngines/WebGLSupport/UnityEditor.WebGL.Extensions.dll
Register platform support module: C:/Program Files/Unity/Hub/Editor/2021.3.5f1/Editor/Data/PlaybackEngines/WindowsStandaloneSupport/UnityEditor.WindowsStandalone.Extensions.dll
Registered in 0.003260 seconds.
Native extension for WindowsStandalone target not found
Native extension for WebGL target not found
Refreshing native plugins compatible for Editor in 65.50 ms, found 3 plugins.
Preloading 0 native plugins for Editor in 0.00 ms.
Mono: successfully reloaded assembly
- Completed reload, in  1.142 seconds
Domain Reload Profiling:
	ReloadAssembly (1142ms)
		BeginReloadAssembly (82ms)
			ExecutionOrderSort (0ms)
			DisableScriptedObjects (0ms)
			BackupInstance (0ms)
			ReleaseScriptingObjects (0ms)
			CreateAndSetChildDomain (1ms)
		EndReloadAssembly (719ms)
			LoadAssemblies (80ms)
			RebuildTransferFunctionScriptingTraits (0ms)
			SetupTypeCache (411ms)
			ReleaseScriptCaches (0ms)
			RebuildScriptCaches (27ms)
			SetupLoadedEditorAssemblies (235ms)
				LogAssemblyErrors (0ms)
				InitializePlatformSupportModulesInManaged (8ms)
				SetLoadedEditorAssemblies (0ms)
				RefreshPlugins (66ms)
				BeforeProcessingInitializeOnLoad (1ms)
				ProcessInitializeOnLoadAttributes (109ms)
				ProcessInitializeOnLoadMethodAttributes (51ms)
				AfterProcessingInitializeOnLoad (0ms)
				EditorAssembliesLoaded (0ms)
			ExecutionOrderSort2 (0ms)
			AwakeInstancesAfterBackupRestoration (0ms)
Platform modules already initialized, skipping
Registering precompiled user dll's ...
Registered in 0.010835 seconds.
Begin MonoManager ReloadAssembly
Symbol file LoadedFromMemory doesn't match image C:\Users\guddn\GitPro\PracticeRepo\RPGproj\Library\PackageCache\com.unity.visualscripting@1.7.8\Editor\VisualScripting.Core\Dependencies\YamlDotNet\Unity.VisualScripting.YamlDotNet.dll
Symbol file LoadedFromMemory doesn't match image C:\Users\guddn\GitPro\PracticeRepo\RPGproj\Library\PackageCache\com.unity.visualscripting@1.7.8\Editor\VisualScripting.Core\Dependencies\DotNetZip\Unity.VisualScripting.IonicZip.dll
Native extension for WindowsStandalone target not found
Native extension for WebGL target not found
Refreshing native plugins compatible for Editor in 0.55 ms, found 3 plugins.
Preloading 0 native plugins for Editor in 0.00 ms.
Mono: successfully reloaded assembly
- Completed reload, in  0.968 seconds
Domain Reload Profiling:
	ReloadAssembly (969ms)
		BeginReloadAssembly (91ms)
			ExecutionOrderSort (0ms)
			DisableScriptedObjects (4ms)
			BackupInstance (0ms)
			ReleaseScriptingObjects (0ms)
			CreateAndSetChildDomain (22ms)
		EndReloadAssembly (781ms)
			LoadAssemblies (84ms)
			RebuildTransferFunctionScriptingTraits (0ms)
			SetupTypeCache (183ms)
			ReleaseScriptCaches (0ms)
			RebuildScriptCaches (44ms)
			SetupLoadedEditorAssemblies (431ms)
				LogAssemblyErrors (0ms)
				InitializePlatformSupportModulesInManaged (6ms)
				SetLoadedEditorAssemblies (0ms)
				RefreshPlugins (1ms)
				BeforeProcessingInitializeOnLoad (67ms)
				ProcessInitializeOnLoadAttributes (314ms)
				ProcessInitializeOnLoadMethodAttributes (38ms)
				AfterProcessingInitializeOnLoad (4ms)
				EditorAssembliesLoaded (0ms)
			ExecutionOrderSort2 (0ms)
			AwakeInstancesAfterBackupRestoration (5ms)
Platform modules already initialized, skipping
========================================================================
Worker process is ready to serve import requests
Launched and connected shader compiler UnityShaderCompiler.exe after 0.09 seconds
Refreshing native plugins compatible for Editor in 0.84 ms, found 3 plugins.
Preloading 0 native plugins for Editor in 0.00 ms.
Unloading 3362 Unused Serialized files (Serialized files now loaded: 0)
Unloading 29 unused Assets / (86.2 KB). Loaded Objects now: 3824.
Memory consumption went from 117.3 MB to 117.2 MB.
Total: 3.822900 ms (FindLiveObjects: 0.309400 ms CreateObjectMapping: 0.143500 ms MarkObjects: 3.263900 ms  DeleteObjects: 0.104600 ms)

AssetImportParameters requested are different than current active one (requested -> active):
  custom:video-decoder-ogg-theora: a1e56fd34408186e4bbccfd4996cb3dc -> 
  custom:container-muxer-webm: aa71ff27fc2769a1b78a27578f13a17b -> 
  custom:container-demuxer-webm: 4f35f7cbe854078d1ac9338744f61a02 -> 
  custom:video-encoder-webm-vp8: eb34c28f22e8b96e1ab97ce403110664 -> 
  custom:video-codec-MediaFoundation-h265: 746d11721c4dcdbdad8f713fa42b33f4 -> 
  custom:audio-encoder-webm-vorbis: bf7c407c2cedff20999df2af8eb42d56 -> 
  custom:framework-win-MediaFoundation: 216162199b28c13a410421893ffa2e32 -> 
  custom:container-demuxer-ogg: 62fdf1f143b41e24485cea50d1cbac27 -> 
  custom:video-decoder-webm-vp8: 9c59270c3fd7afecdb556c50c9e8de78 -> 
  custom:audio-decoder-ogg-vorbis: bf7c407c2cedff20999df2af8eb42d56 -> 
========================================================================
Received Import Request.
  Time since last request: 451198.372611 seconds.
  path: Assets/Cainos/Pixel Art Icon Pack - RPG/Texture/Monster Part
  artifactKey: Guid(6440e8a38b985cc4990db0da6d690926) Importer(815301076,1909f56bfc062723c751e8b465ee728b)
Start importing Assets/Cainos/Pixel Art Icon Pack - RPG/Texture/Monster Part using Guid(6440e8a38b985cc4990db0da6d690926) Importer(815301076,1909f56bfc062723c751e8b465ee728b)  -> (artifact id: 'a273ff9e96d81e6c2bc73e470e1549f9') in 0.033571 seconds 
========================================================================
Received Import Request.
  Time since last request: 0.032238 seconds.
  path: Assets/Cainos/Pixel Art Icon Pack - RPG/Texture/Monster Part/Egg.png
  artifactKey: Guid(ce993d5f7ca6ea8459974fd88e71861d) Importer(815301076,1909f56bfc062723c751e8b465ee728b)
Start importing Assets/Cainos/Pixel Art Icon Pack - RPG/Texture/Monster Part/Egg.png using Guid(ce993d5f7ca6ea8459974fd88e71861d) Importer(815301076,1909f56bfc062723c751e8b465ee728b)  -> (artifact id: '801b9ac27534212afc0eedbd47c3f68a') in 0.294767 seconds 
========================================================================
Received Import Request.
  Time since last request: 15.417284 seconds.
  path: Assets/Cainos/Pixel Art Icon Pack - RPG/Texture/Ore & Gem
  artifactKey: Guid(9f60e406bab1ad8488259f15939a455c) Importer(815301076,1909f56bfc062723c751e8b465ee728b)
Start importing Assets/Cainos/Pixel Art Icon Pack - RPG/Texture/Ore & Gem using Guid(9f60e406bab1ad8488259f15939a455c) Importer(815301076,1909f56bfc062723c751e8b465ee728b)  -> (artifact id: '3354a0b1720682efcff08acda01e3a7d') in 0.024185 seconds 
========================================================================
Received Import Request.
  Time since last request: 0.049773 seconds.
  path: Assets/Cainos/Pixel Art Icon Pack - RPG/Texture/Ore & Gem/Crystal.png
  artifactKey: Guid(8f6d58fd471ba8a45a4b681953e29c26) Importer(815301076,1909f56bfc062723c751e8b465ee728b)
Start importing Assets/Cainos/Pixel Art Icon Pack - RPG/Texture/Ore & Gem/Crystal.png using Guid(8f6d58fd471ba8a45a4b681953e29c26) Importer(815301076,1909f56bfc062723c751e8b465ee728b)  -> (artifact id: 'dc85ab15f615ff59a9d8655b04a09139') in 0.069134 seconds 
========================================================================
Received Import Request.
  Time since last request: 0.000046 seconds.
  path: Assets/Cainos/Pixel Art Icon Pack - RPG/Texture/Ore & Gem/Topaz.png
  artifactKey: Guid(b6da46610f2e67c47ab4f5011422203a) Importer(815301076,1909f56bfc062723c751e8b465ee728b)
Start importing Assets/Cainos/Pixel Art Icon Pack - RPG/Texture/Ore & Gem/Topaz.png using Guid(b6da46610f2e67c47ab4f5011422203a) Importer(815301076,1909f56bfc062723c751e8b465ee728b)  -> (artifact id: '6387976d6b5a4813b2dea7ffe07109b4') in 0.112344 seconds 
========================================================================
Received Import Request.
  Time since last request: 0.000069 seconds.
  path: Assets/Cainos/Pixel Art Icon Pack - RPG/Texture/Ore & Gem/Sapphire.png
  artifactKey: Guid(7c317a7b1aef9e64e9ca3d82d64f843c) Importer(815301076,1909f56bfc062723c751e8b465ee728b)
Start importing Assets/Cainos/Pixel Art Icon Pack - RPG/Texture/Ore & Gem/Sapphire.png using Guid(7c317a7b1aef9e64e9ca3d82d64f843c) Importer(815301076,1909f56bfc062723c751e8b465ee728b)  -> (artifact id: 'f369257f91834bdf153f10ef545aa529') in 0.080938 seconds 
========================================================================
Received Import Request.
  Time since last request: 0.905304 seconds.
  path: Assets/Cainos/Pixel Art Icon Pack - RPG/Texture/Potion
  artifactKey: Guid(f0d3f31025247424590e3740f1985791) Importer(815301076,1909f56bfc062723c751e8b465ee728b)
Start importing Assets/Cainos/Pixel Art Icon Pack - RPG/Texture/Potion using Guid(f0d3f31025247424590e3740f1985791) Importer(815301076,1909f56bfc062723c751e8b465ee728b)  -> (artifact id: '7295e48795d3cb0acab9248281a9e077') in 0.023554 seconds 
========================================================================
Received Import Request.
  Time since last request: 0.085248 seconds.
  path: Assets/Cainos/Pixel Art Icon Pack - RPG/Texture/Potion/Empty Bottle.png
  artifactKey: Guid(bbc53608878294d46a1e3b694ee0a1fb) Importer(815301076,1909f56bfc062723c751e8b465ee728b)
Start importing Assets/Cainos/Pixel Art Icon Pack - RPG/Texture/Potion/Empty Bottle.png using Guid(bbc53608878294d46a1e3b694ee0a1fb) Importer(815301076,1909f56bfc062723c751e8b465ee728b)  -> (artifact id: 'db38fe3c649390d9f1bbf94a0f29397b') in 0.075380 seconds 
========================================================================
Received Import Request.
  Time since last request: 0.000052 seconds.
  path: Assets/Cainos/Pixel Art Icon Pack - RPG/Texture/Potion/Red Potion 3.png
  artifactKey: Guid(7b3876a2b72c44540a4bbd5aaba9e506) Importer(815301076,1909f56bfc062723c751e8b465ee728b)
Start importing Assets/Cainos/Pixel Art Icon Pack - RPG/Texture/Potion/Red Potion 3.png using Guid(7b3876a2b72c44540a4bbd5aaba9e506) Importer(815301076,1909f56bfc062723c751e8b465ee728b)  -> (artifact id: 'e3f5343e1aa7e0c32f85ac0ee63ce2ab') in 0.058067 seconds 
========================================================================
Received Import Request.
  Time since last request: 2.676180 seconds.
  path: Assets/Cainos/Pixel Art Icon Pack - RPG/Texture/Material
  artifactKey: Guid(6c4edeb579979a340ace18a1fab1b4a4) Importer(815301076,1909f56bfc062723c751e8b465ee728b)
Start importing Assets/Cainos/Pixel Art Icon Pack - RPG/Texture/Material using Guid(6c4edeb579979a340ace18a1fab1b4a4) Importer(815301076,1909f56bfc062723c751e8b465ee728b)  -> (artifact id: 'd0cbcfe589a87610a1605b701d9a23b3') in 0.027258 seconds 
========================================================================
Received Import Request.
  Time since last request: 0.031863 seconds.
  path: Assets/Cainos/Pixel Art Icon Pack - RPG/Texture/Material/Fabric.png
  artifactKey: Guid(e577f30c6bd976a429addedf4c4ad662) Importer(815301076,1909f56bfc062723c751e8b465ee728b)
Start importing Assets/Cainos/Pixel Art Icon Pack - RPG/Texture/Material/Fabric.png using Guid(e577f30c6bd976a429addedf4c4ad662) Importer(815301076,1909f56bfc062723c751e8b465ee728b)  -> (artifact id: 'ba6a474fe57a4b5bce660923d7e93011') in 0.043611 seconds 
========================================================================
Received Import Request.
  Time since last request: 0.000039 seconds.
  path: Assets/Cainos/Pixel Art Icon Pack - RPG/Texture/Material/Wood Log.png
  artifactKey: Guid(0e1ccb64303778e4081913a6d9cca677) Importer(815301076,1909f56bfc062723c751e8b465ee728b)
Start importing Assets/Cainos/Pixel Art Icon Pack - RPG/Texture/Material/Wood Log.png using Guid(0e1ccb64303778e4081913a6d9cca677) Importer(815301076,1909f56bfc062723c751e8b465ee728b)  -> (artifact id: 'df722add2b4279d01b682f569a3bd3ab') in 0.056206 seconds 
Editor requested this worker to shutdown with reason: Scaling down because of idle timeout
AssetImportWorker is now disconnected from the server
Process exiting
Exiting without the bug reporter. Application will terminate with return code 0